[ 2017-06-24T21:46:01+08:00 ] 127.0.0.1 /
INFO: [ app_init ] --START--
INFO: Run Behavior\BuildLiteBehavior [ RunTime:0.000017s ]
INFO: [ app_init ] --END-- [ RunTime:0.005533s ]
INFO: [ app_begin ] --START--
INFO: Run Behavior\ReadHtmlCacheBehavior [ RunTime:0.001432s ]
INFO: [ app_begin ] --END-- [ RunTime:0.001565s ]
SQL: SHOW COLUMNS FROM `ss_category` [ RunTime:0.0177s ]
SQL: SHOW COLUMNS FROM `ss_goods` [ RunTime:0.0092s ]
SQL: SELECT * FROM `ss_category` WHERE `is_show` = '是'  [ RunTime:0.0018s ]
SQL: SELECT * FROM `ss_category` WHERE `parent_id` = 0 AND `is_floor` = '是' AND `is_show` = '是'  [ RunTime:0.0005s ]
SQL: SELECT * FROM `ss_category` WHERE `parent_id` = '1' AND `is_floor` = '否' AND `is_show` = '是'  [ RunTime:0.0008s ]
SQL: SELECT * FROM `ss_category` WHERE `parent_id` = '1' AND `is_floor` = '是' AND `is_show` = '是'  [ RunTime:0.0003s ]
SQL: SHOW COLUMNS FROM `ss_goods_cat` [ RunTime:0.0070s ]
SQL: SELECT * FROM `ss_category` WHERE ( is_show='是' )  [ RunTime:0.0005s ]
SQL: SELECT `id` FROM `ss_goods` WHERE `cat_id` IN ('22','31','32','16')  [ RunTime:0.0018s ]
SQL: SELECT DISTINCT goods_id as id FROM `ss_goods_cat` WHERE `cat_id` IN ('22','31','32','16')  [ RunTime:0.0009s ]
SQL: SELECT `id`,`goods_name`,`mid_logo`,`promote_price` FROM `ss_goods` WHERE `promote_price` > 0 AND `promote_start_date` <= '2017-06-24 21:46:01' AND `promote_end_date` >= '2017-06-24 21:46:01' AND `is_on_sale` = '是' AND `id` IN ('4','6','7','58','71','59') ORDER BY sort_num asc LIMIT 5   [ RunTime:0.0005s ]
SQL: SELECT * FROM `ss_category` WHERE ( is_show='是' )  [ RunTime:0.0005s ]
NOTIC: [2] Invalid argument supplied for foreach() E:\www\shopping-system\ThinkPHP\Library\Think\Level.class.php 第 49 行.
SQL: SELECT `id` FROM `ss_goods` WHERE `cat_id` IN ('17')  [ RunTime:0.0003s ]
SQL: SELECT DISTINCT goods_id as id FROM `ss_goods_cat` WHERE `cat_id` IN ('17')  [ RunTime:0.0003s ]
SQL: SELECT `id`,`goods_name`,`mid_logo`,`promote_price` FROM `ss_goods` WHERE `promote_price` > 0 AND `promote_start_date` <= '2017-06-24 21:46:01' AND `promote_end_date` >= '2017-06-24 21:46:01' AND `is_on_sale` = '是' AND `id` IN ('100','2','4','105') ORDER BY sort_num asc LIMIT 5   [ RunTime:0.0004s ]
SQL: SELECT * FROM `ss_category` WHERE `parent_id` = '2' AND `is_floor` = '否' AND `is_show` = '是'  [ RunTime:0.0003s ]
SQL: SELECT * FROM `ss_category` WHERE `parent_id` = '2' AND `is_floor` = '是' AND `is_show` = '是'  [ RunTime:0.0003s ]
SQL: SELECT * FROM `ss_category` WHERE ( is_show='是' )  [ RunTime:0.0004s ]
NOTIC: [2] Invalid argument supplied for foreach() E:\www\shopping-system\ThinkPHP\Library\Think\Level.class.php 第 49 行.
SQL: SELECT `id` FROM `ss_goods` WHERE `cat_id` IN ('21')  [ RunTime:0.0003s ]
SQL: SELECT DISTINCT goods_id as id FROM `ss_goods_cat` WHERE `cat_id` IN ('21')  [ RunTime:0.0003s ]
SQL: SELECT `id`,`goods_name`,`mid_logo`,`promote_price` FROM `ss_goods` WHERE `promote_price` > 0 AND `promote_start_date` <= '2017-06-24 21:46:01' AND `promote_end_date` >= '2017-06-24 21:46:01' AND `is_on_sale` = '是' ORDER BY sort_num asc LIMIT 5   [ RunTime:0.0005s ]
SQL: SELECT * FROM `ss_category` WHERE ( is_show='是' )  [ RunTime:0.0007s ]
NOTIC: [2] Invalid argument supplied for foreach() E:\www\shopping-system\ThinkPHP\Library\Think\Level.class.php 第 49 行.
SQL: SELECT `id` FROM `ss_goods` WHERE `cat_id` IN ('25')  [ RunTime:0.0006s ]
SQL: SELECT DISTINCT goods_id as id FROM `ss_goods_cat` WHERE `cat_id` IN ('25')  [ RunTime:0.0004s ]
SQL: SELECT `id`,`goods_name`,`mid_logo`,`promote_price` FROM `ss_goods` WHERE `promote_price` > 0 AND `promote_start_date` <= '2017-06-24 21:46:01' AND `promote_end_date` >= '2017-06-24 21:46:01' AND `is_on_sale` = '是' AND `id` IN ('3') ORDER BY sort_num asc LIMIT 5   [ RunTime:0.0004s ]
SQL: SELECT * FROM `ss_category` WHERE ( is_show='是' )  [ RunTime:0.0005s ]
NOTIC: [2] Invalid argument supplied for foreach() E:\www\shopping-system\ThinkPHP\Library\Think\Level.class.php 第 49 行.
SQL: SELECT `id` FROM `ss_goods` WHERE `cat_id` IN ('')  [ RunTime:0.0003s ]
SQL: SELECT DISTINCT goods_id as id FROM `ss_goods_cat` WHERE `cat_id` IN ('')  [ RunTime:0.0003s ]
SQL: SELECT `id`,`goods_name`,`mid_logo`,`promote_price` FROM `ss_goods` WHERE `promote_price` > 0 AND `promote_start_date` <= '2017-06-24 21:46:01' AND `promote_end_date` >= '2017-06-24 21:46:01' AND `is_on_sale` = '是' ORDER BY sort_num asc LIMIT 5   [ RunTime:0.0004s ]
SQL: SELECT `id`,`goods_name`,`mid_logo`,`shop_price` FROM `ss_goods` WHERE `is_hot` = '是' ORDER BY sort_num asc LIMIT 5   [ RunTime:0.0004s ]
SQL: SELECT `id`,`goods_name`,`mid_logo`,`shop_price` FROM `ss_goods` WHERE `is_best` = '是' ORDER BY sort_num asc LIMIT 5   [ RunTime:0.0007s ]
SQL: SELECT `id`,`goods_name`,`mid_logo`,`shop_price` FROM `ss_goods` WHERE `is_new` = '是' ORDER BY sort_num asc LIMIT 5   [ RunTime:0.0007s ]
INFO: [ view_parse ] --START--
INFO: [ template_filter ] --START--
INFO: Run Behavior\ContentReplaceBehavior [ RunTime:0.000271s ]
INFO: [ template_filter ] --END-- [ RunTime:0.000341s ]
NOTIC: [8] Undefined index: children E:\www\shopping-system\Application\Runtime\Cache\Home\2a94b8bda04ff446dcedd42276fc99ee.php 第 158 行.
NOTIC: [8] Undefined index: children E:\www\shopping-system\Application\Runtime\Cache\Home\2a94b8bda04ff446dcedd42276fc99ee.php 第 158 行.
NOTIC: [8] Undefined index: children E:\www\shopping-system\Application\Runtime\Cache\Home\2a94b8bda04ff446dcedd42276fc99ee.php 第 158 行.
NOTIC: [8] Undefined index: children E:\www\shopping-system\Application\Runtime\Cache\Home\2a94b8bda04ff446dcedd42276fc99ee.php 第 158 行.
NOTIC: [8] Undefined index: children E:\www\shopping-system\Application\Runtime\Cache\Home\2a94b8bda04ff446dcedd42276fc99ee.php 第 158 行.
NOTIC: [8] Undefined index: children E:\www\shopping-system\Application\Runtime\Cache\Home\2a94b8bda04ff446dcedd42276fc99ee.php 第 158 行.
NOTIC: [8] Undefined index: children E:\www\shopping-system\Application\Runtime\Cache\Home\2a94b8bda04ff446dcedd42276fc99ee.php 第 158 行.
NOTIC: [8] Undefined index: children E:\www\shopping-system\Application\Runtime\Cache\Home\2a94b8bda04ff446dcedd42276fc99ee.php 第 158 行.
NOTIC: [8] Undefined index: children E:\www\shopping-system\Application\Runtime\Cache\Home\2a94b8bda04ff446dcedd42276fc99ee.php 第 155 行.
NOTIC: [8] Undefined index: children E:\www\shopping-system\Application\Runtime\Cache\Home\2a94b8bda04ff446dcedd42276fc99ee.php 第 158 行.
NOTIC: [8] Undefined index: children E:\www\shopping-system\Application\Runtime\Cache\Home\2a94b8bda04ff446dcedd42276fc99ee.php 第 155 行.
NOTIC: [8] Undefined index: children E:\www\shopping-system\Application\Runtime\Cache\Home\2a94b8bda04ff446dcedd42276fc99ee.php 第 155 行.
NOTIC: [8] Undefined index: children E:\www\shopping-system\Application\Runtime\Cache\Home\2a94b8bda04ff446dcedd42276fc99ee.php 第 158 行.
NOTIC: [8] Undefined index: children E:\www\shopping-system\Application\Runtime\Cache\Home\2a94b8bda04ff446dcedd42276fc99ee.php 第 155 行.
NOTIC: [8] Undefined index: children E:\www\shopping-system\Application\Runtime\Cache\Home\2a94b8bda04ff446dcedd42276fc99ee.php 第 158 行.
NOTIC: [8] Undefined index: children E:\www\shopping-system\Application\Runtime\Cache\Home\2a94b8bda04ff446dcedd42276fc99ee.php 第 155 行.
NOTIC: [8] Undefined index: children E:\www\shopping-system\Application\Runtime\Cache\Home\2a94b8bda04ff446dcedd42276fc99ee.php 第 155 行.
NOTIC: [8] Undefined index: children E:\www\shopping-system\Application\Runtime\Cache\Home\2a94b8bda04ff446dcedd42276fc99ee.php 第 155 行.
NOTIC: [8] Undefined variable: v E:\www\shopping-system\Application\Runtime\Cache\Home\2a94b8bda04ff446dcedd42276fc99ee.php 第 334 行.
NOTIC: [8] Undefined variable: v E:\www\shopping-system\Application\Runtime\Cache\Home\2a94b8bda04ff446dcedd42276fc99ee.php 第 335 行.
NOTIC: [8] Undefined variable: v E:\www\shopping-system\Application\Runtime\Cache\Home\2a94b8bda04ff446dcedd42276fc99ee.php 第 334 行.
NOTIC: [8] Undefined variable: v E:\www\shopping-system\Application\Runtime\Cache\Home\2a94b8bda04ff446dcedd42276fc99ee.php 第 335 行.
NOTIC: [8] Undefined variable: v E:\www\shopping-system\Application\Runtime\Cache\Home\2a94b8bda04ff446dcedd42276fc99ee.php 第 334 行.
NOTIC: [8] Undefined variable: v E:\www\shopping-system\Application\Runtime\Cache\Home\2a94b8bda04ff446dcedd42276fc99ee.php 第 335 行.
NOTIC: [8] Undefined variable: v E:\www\shopping-system\Application\Runtime\Cache\Home\2a94b8bda04ff446dcedd42276fc99ee.php 第 348 行.
NOTIC: [8] Undefined variable: v E:\www\shopping-system\Application\Runtime\Cache\Home\2a94b8bda04ff446dcedd42276fc99ee.php 第 349 行.
NOTIC: [8] Undefined variable: v E:\www\shopping-system\Application\Runtime\Cache\Home\2a94b8bda04ff446dcedd42276fc99ee.php 第 348 行.
NOTIC: [8] Undefined variable: v E:\www\shopping-system\Application\Runtime\Cache\Home\2a94b8bda04ff446dcedd42276fc99ee.php 第 349 行.
NOTIC: [8] Undefined variable: v E:\www\shopping-system\Application\Runtime\Cache\Home\2a94b8bda04ff446dcedd42276fc99ee.php 第 348 行.
NOTIC: [8] Undefined variable: v E:\www\shopping-system\Application\Runtime\Cache\Home\2a94b8bda04ff446dcedd42276fc99ee.php 第 349 行.
NOTIC: [8] Undefined variable: v E:\www\shopping-system\Application\Runtime\Cache\Home\2a94b8bda04ff446dcedd42276fc99ee.php 第 348 行.
NOTIC: [8] Undefined variable: v E:\www\shopping-system\Application\Runtime\Cache\Home\2a94b8bda04ff446dcedd42276fc99ee.php 第 349 行.
NOTIC: [8] Undefined variable: v E:\www\shopping-system\Application\Runtime\Cache\Home\2a94b8bda04ff446dcedd42276fc99ee.php 第 348 行.
NOTIC: [8] Undefined variable: v E:\www\shopping-system\Application\Runtime\Cache\Home\2a94b8bda04ff446dcedd42276fc99ee.php 第 349 行.
NOTIC: [8] Undefined variable: v E:\www\shopping-system\Application\Runtime\Cache\Home\2a94b8bda04ff446dcedd42276fc99ee.php 第 362 行.
NOTIC: [8] Undefined variable: v E:\www\shopping-system\Application\Runtime\Cache\Home\2a94b8bda04ff446dcedd42276fc99ee.php 第 363 行.
NOTIC: [8] Undefined variable: v E:\www\shopping-system\Application\Runtime\Cache\Home\2a94b8bda04ff446dcedd42276fc99ee.php 第 362 行.
NOTIC: [8] Undefined variable: v E:\www\shopping-system\Application\Runtime\Cache\Home\2a94b8bda04ff446dcedd42276fc99ee.php 第 363 行.
NOTIC: [8] Undefined variable: v E:\www\shopping-system\Application\Runtime\Cache\Home\2a94b8bda04ff446dcedd42276fc99ee.php 第 362 行.
NOTIC: [8] Undefined variable: v E:\www\shopping-system\Application\Runtime\Cache\Home\2a94b8bda04ff446dcedd42276fc99ee.php 第 363 行.
NOTIC: [8] Undefined variable: v E:\www\shopping-system\Application\Runtime\Cache\Home\2a94b8bda04ff446dcedd42276fc99ee.php 第 362 行.
NOTIC: [8] Undefined variable: v E:\www\shopping-system\Application\Runtime\Cache\Home\2a94b8bda04ff446dcedd42276fc99ee.php 第 363 行.
NOTIC: [8] Undefined variable: v E:\www\shopping-system\Application\Runtime\Cache\Home\2a94b8bda04ff446dcedd42276fc99ee.php 第 362 行.
NOTIC: [8] Undefined variable: v E:\www\shopping-system\Application\Runtime\Cache\Home\2a94b8bda04ff446dcedd42276fc99ee.php 第 363 行.
NOTIC: [8] Undefined variable: v E:\www\shopping-system\Application\Runtime\Cache\Home\2a94b8bda04ff446dcedd42276fc99ee.php 第 376 行.
NOTIC: [8] Undefined variable: v E:\www\shopping-system\Application\Runtime\Cache\Home\2a94b8bda04ff446dcedd42276fc99ee.php 第 377 行.
NOTIC: [8] Undefined variable: v E:\www\shopping-system\Application\Runtime\Cache\Home\2a94b8bda04ff446dcedd42276fc99ee.php 第 376 行.
NOTIC: [8] Undefined variable: v E:\www\shopping-system\Application\Runtime\Cache\Home\2a94b8bda04ff446dcedd42276fc99ee.php 第 377 行.
NOTIC: [8] Undefined variable: v E:\www\shopping-system\Application\Runtime\Cache\Home\2a94b8bda04ff446dcedd42276fc99ee.php 第 376 行.
NOTIC: [8] Undefined variable: v E:\www\shopping-system\Application\Runtime\Cache\Home\2a94b8bda04ff446dcedd42276fc99ee.php 第 377 行.
NOTIC: [8] Undefined variable: v E:\www\shopping-system\Application\Runtime\Cache\Home\2a94b8bda04ff446dcedd42276fc99ee.php 第 376 行.
NOTIC: [8] Undefined variable: v E:\www\shopping-system\Application\Runtime\Cache\Home\2a94b8bda04ff446dcedd42276fc99ee.php 第 377 行.
NOTIC: [8] Undefined variable: v E:\www\shopping-system\Application\Runtime\Cache\Home\2a94b8bda04ff446dcedd42276fc99ee.php 第 376 行.
NOTIC: [8] Undefined variable: v E:\www\shopping-system\Application\Runtime\Cache\Home\2a94b8bda04ff446dcedd42276fc99ee.php 第 377 行.
NOTIC: [8] Undefined variable: v2 E:\www\shopping-system\Application\Runtime\Cache\Home\2a94b8bda04ff446dcedd42276fc99ee.php 第 473 行.
NOTIC: [8] Undefined variable: v2 E:\www\shopping-system\Application\Runtime\Cache\Home\2a94b8bda04ff446dcedd42276fc99ee.php 第 474 行.
NOTIC: [8] Undefined variable: v2 E:\www\shopping-system\Application\Runtime\Cache\Home\2a94b8bda04ff446dcedd42276fc99ee.php 第 473 行.
NOTIC: [8] Undefined variable: v2 E:\www\shopping-system\Application\Runtime\Cache\Home\2a94b8bda04ff446dcedd42276fc99ee.php 第 474 行.
NOTIC: [8] Undefined variable: v E:\www\shopping-system\Application\Runtime\Cache\Home\2a94b8bda04ff446dcedd42276fc99ee.php 第 493 行.
NOTIC: [2] Invalid argument supplied for foreach() E:\www\shopping-system\Application\Runtime\Cache\Home\2a94b8bda04ff446dcedd42276fc99ee.php 第 493 行.
NOTIC: [8] Undefined variable: v2 E:\www\shopping-system\Application\Runtime\Cache\Home\2a94b8bda04ff446dcedd42276fc99ee.php 第 473 行.
NOTIC: [8] Undefined variable: v2 E:\www\shopping-system\Application\Runtime\Cache\Home\2a94b8bda04ff446dcedd42276fc99ee.php 第 474 行.
NOTIC: [8] Undefined variable: v2 E:\www\shopping-system\Application\Runtime\Cache\Home\2a94b8bda04ff446dcedd42276fc99ee.php 第 473 行.
NOTIC: [8] Undefined variable: v2 E:\www\shopping-system\Application\Runtime\Cache\Home\2a94b8bda04ff446dcedd42276fc99ee.php 第 474 行.
NOTIC: [8] Undefined variable: v2 E:\www\shopping-system\Application\Runtime\Cache\Home\2a94b8bda04ff446dcedd42276fc99ee.php 第 473 行.
NOTIC: [8] Undefined variable: v2 E:\www\shopping-system\Application\Runtime\Cache\Home\2a94b8bda04ff446dcedd42276fc99ee.php 第 474 行.
NOTIC: [8] Undefined variable: v2 E:\www\shopping-system\Application\Runtime\Cache\Home\2a94b8bda04ff446dcedd42276fc99ee.php 第 473 行.
NOTIC: [8] Undefined variable: v2 E:\www\shopping-system\Application\Runtime\Cache\Home\2a94b8bda04ff446dcedd42276fc99ee.php 第 474 行.
NOTIC: [8] Undefined variable: v E:\www\shopping-system\Application\Runtime\Cache\Home\2a94b8bda04ff446dcedd42276fc99ee.php 第 493 行.
NOTIC: [2] Invalid argument supplied for foreach() E:\www\shopping-system\Application\Runtime\Cache\Home\2a94b8bda04ff446dcedd42276fc99ee.php 第 493 行.
INFO: Run Behavior\ParseTemplateBehavior [ RunTime:0.044473s ]
INFO: [ view_parse ] --END-- [ RunTime:0.044544s ]
INFO: [ view_filter ] --START--
INFO: Run Behavior\WriteHtmlCacheBehavior [ RunTime:0.001276s ]
INFO: [ view_filter ] --END-- [ RunTime:0.001327s ]
INFO: [ app_end ] --START--
INFO: Run Behavior\ShowPageTraceBehavior [ RunTime:0.001577s ]
INFO: [ app_end ] --END-- [ RunTime:0.001682s ]

[ 2017-06-24T21:46:02+08:00 ] 127.0.0.1 /Public/Uploads/Goods/2017-05-31/thumb_mid_592e4cdc59e6d.jpg
INFO: [ app_init ] --START--
INFO: Run Behavior\BuildLiteBehavior [ RunTime:0.000016s ]
INFO: [ app_init ] --END-- [ RunTime:0.000499s ]

[ 2017-06-24T21:46:02+08:00 ] 127.0.0.1 /favicon.ico
INFO: [ app_init ] --START--
INFO: Run Behavior\BuildLiteBehavior [ RunTime:0.000030s ]
INFO: [ app_init ] --END-- [ RunTime:0.000957s ]

