[ 2017-08-10T11:15:53+08:00 ] 127.0.0.1 /admin
INFO: [ app_init ] --START--
INFO: Run Behavior\BuildLiteBehavior [ RunTime:0.000000s ]
INFO: [ app_init ] --END-- [ RunTime:0.000000s ]
INFO: [ app_begin ] --START--
INFO: Run Behavior\ReadHtmlCacheBehavior [ RunTime:0.000000s ]
INFO: [ app_begin ] --END-- [ RunTime:0.000000s ]

[ 2017-08-10T11:15:53+08:00 ] 127.0.0.1 /Admin/Login/login.html
INFO: [ app_init ] --START--
INFO: Run Behavior\BuildLiteBehavior [ RunTime:0.000000s ]
INFO: [ app_init ] --END-- [ RunTime:0.001000s ]
INFO: [ app_begin ] --START--
INFO: Run Behavior\ReadHtmlCacheBehavior [ RunTime:0.001000s ]
INFO: [ app_begin ] --END-- [ RunTime:0.001000s ]
NOTIC: [8] Undefined index: act D:\www\shopping-system\Application\Admin\Controller\LoginController.class.php 第 6 行.
INFO: [ view_parse ] --START--
INFO: [ template_filter ] --START--
INFO: Run Behavior\ContentReplaceBehavior [ RunTime:0.000000s ]
INFO: [ template_filter ] --END-- [ RunTime:0.000000s ]
INFO: Run Behavior\ParseTemplateBehavior [ RunTime:0.024001s ]
INFO: [ view_parse ] --END-- [ RunTime:0.024001s ]
INFO: [ view_filter ] --START--
INFO: Run Behavior\WriteHtmlCacheBehavior [ RunTime:0.000000s ]
INFO: [ view_filter ] --END-- [ RunTime:0.000000s ]
INFO: [ app_end ] --START--
INFO: Run Behavior\ShowPageTraceBehavior [ RunTime:0.001000s ]
INFO: [ app_end ] --END-- [ RunTime:0.001000s ]

[ 2017-08-10T11:15:53+08:00 ] 127.0.0.1 /Admin/Login/Verify
INFO: [ app_init ] --START--
INFO: Run Behavior\BuildLiteBehavior [ RunTime:0.000000s ]
INFO: [ app_init ] --END-- [ RunTime:0.000000s ]
INFO: [ app_begin ] --START--
INFO: Run Behavior\ReadHtmlCacheBehavior [ RunTime:0.001000s ]
INFO: [ app_begin ] --END-- [ RunTime:0.001000s ]
INFO: [ app_end ] --START--
INFO: Run Behavior\ShowPageTraceBehavior [ RunTime:0.000000s ]
INFO: [ app_end ] --END-- [ RunTime:0.000000s ]

[ 2017-08-10T11:16:00+08:00 ] 127.0.0.1 /Admin/Login/login
INFO: [ app_init ] --START--
INFO: Run Behavior\BuildLiteBehavior [ RunTime:0.000000s ]
INFO: [ app_init ] --END-- [ RunTime:0.001000s ]
INFO: [ app_begin ] --START--
INFO: Run Behavior\ReadHtmlCacheBehavior [ RunTime:0.001000s ]
INFO: [ app_begin ] --END-- [ RunTime:0.001000s ]
NOTIC: [2048] Declaration of Admin\Model\ManagerModel::_after_delete() should be compatible with Think\Model::_after_delete($data, $options) D:\www\shopping-system\Application\Admin\Model\ManagerModel.class.php 第 7 行.
SQL: SHOW COLUMNS FROM `ss_manager` [ RunTime:0.0190s ]
SQL: SELECT * FROM `ss_manager` WHERE ( username='admin' and password='21232f297a57a5a743894a0e4a801fc3' ) LIMIT 1   [ RunTime:0.0020s ]
INFO: [ app_end ] --START--
INFO: Run Behavior\ShowPageTraceBehavior [ RunTime:0.001000s ]
INFO: [ app_end ] --END-- [ RunTime:0.001000s ]

[ 2017-08-10T11:16:00+08:00 ] 127.0.0.1 /Admin/Index/index
INFO: [ app_init ] --START--
INFO: Run Behavior\BuildLiteBehavior [ RunTime:0.000000s ]
INFO: [ app_init ] --END-- [ RunTime:0.000000s ]
INFO: [ app_begin ] --START--
INFO: Run Behavior\ReadHtmlCacheBehavior [ RunTime:0.000000s ]
INFO: [ app_begin ] --END-- [ RunTime:0.000000s ]
INFO: [ view_parse ] --START--
INFO: [ template_filter ] --START--
INFO: Run Behavior\ContentReplaceBehavior [ RunTime:0.000000s ]
INFO: [ template_filter ] --END-- [ RunTime:0.000000s ]
INFO: Run Behavior\ParseTemplateBehavior [ RunTime:0.019002s ]
INFO: [ view_parse ] --END-- [ RunTime:0.019002s ]
INFO: [ view_filter ] --START--
INFO: Run Behavior\WriteHtmlCacheBehavior [ RunTime:0.001000s ]
INFO: [ view_filter ] --END-- [ RunTime:0.001000s ]
INFO: [ app_end ] --START--
INFO: Run Behavior\ShowPageTraceBehavior [ RunTime:0.000000s ]
INFO: [ app_end ] --END-- [ RunTime:0.000000s ]

[ 2017-08-10T11:16:00+08:00 ] 127.0.0.1 /Admin/Index/menu.html
INFO: [ app_init ] --START--
INFO: Run Behavior\BuildLiteBehavior [ RunTime:0.000000s ]
INFO: [ app_init ] --END-- [ RunTime:0.000000s ]
INFO: [ app_begin ] --START--
INFO: Run Behavior\ReadHtmlCacheBehavior [ RunTime:0.000000s ]
INFO: [ app_begin ] --END-- [ RunTime:0.000000s ]
INFO: [ view_parse ] --START--
INFO: [ template_filter ] --START--
INFO: Run Behavior\ContentReplaceBehavior [ RunTime:0.000000s ]
INFO: [ template_filter ] --END-- [ RunTime:0.000000s ]
NOTIC: [2048] Declaration of Admin\Model\PrivilegeModel::_after_delete() should be compatible with Think\Model::_after_delete($data, $options) D:\www\shopping-system\Application\Admin\Model\PrivilegeModel.class.php 第 7 行.
SQL: SHOW COLUMNS FROM `ss_privilege` [ RunTime:0.0060s ]
SQL: SHOW COLUMNS FROM `ss_manager_role` [ RunTime:0.0160s ]
SQL: SELECT DISTINCT c.id,c.pri_name,c.module_name,c.controller_name,c.action_name,c.parent_id FROM ss_manager_role a LEFT JOIN ss_role_pri as b ON a.role_id=b.role_id 
			        LEFT JOIN ss_privilege as c ON b.pri_id=c.id  WHERE a.manager_id = '2'  [ RunTime:0.0340s ]
INFO: Run Behavior\ParseTemplateBehavior [ RunTime:0.099006s ]
INFO: [ view_parse ] --END-- [ RunTime:0.099006s ]
INFO: [ view_filter ] --START--
INFO: Run Behavior\WriteHtmlCacheBehavior [ RunTime:0.001000s ]
INFO: [ view_filter ] --END-- [ RunTime:0.001000s ]
INFO: [ app_end ] --START--
INFO: Run Behavior\ShowPageTraceBehavior [ RunTime:0.002000s ]
INFO: [ app_end ] --END-- [ RunTime:0.002000s ]

[ 2017-08-10T11:16:00+08:00 ] 127.0.0.1 /Admin/Index/top.html
INFO: [ app_init ] --START--
INFO: Run Behavior\BuildLiteBehavior [ RunTime:0.000000s ]
INFO: [ app_init ] --END-- [ RunTime:0.001001s ]
INFO: [ app_begin ] --START--
INFO: Run Behavior\ReadHtmlCacheBehavior [ RunTime:0.001000s ]
INFO: [ app_begin ] --END-- [ RunTime:0.001000s ]
INFO: [ view_parse ] --START--
INFO: [ template_filter ] --START--
INFO: Run Behavior\ContentReplaceBehavior [ RunTime:0.001000s ]
INFO: [ template_filter ] --END-- [ RunTime:0.001000s ]
NOTIC: [2048] Declaration of Admin\Model\PrivilegeModel::_after_delete() should be compatible with Think\Model::_after_delete($data, $options) D:\www\shopping-system\Application\Admin\Model\PrivilegeModel.class.php 第 7 行.
SQL: SHOW COLUMNS FROM `ss_privilege` [ RunTime:0.0030s ]
SQL: SHOW COLUMNS FROM `ss_manager_role` [ RunTime:0.0030s ]
SQL: SELECT DISTINCT c.id,c.pri_name,c.module_name,c.controller_name,c.action_name,c.parent_id FROM ss_manager_role a LEFT JOIN ss_role_pri as b ON a.role_id=b.role_id 
			        LEFT JOIN ss_privilege as c ON b.pri_id=c.id  WHERE a.manager_id = '2'  [ RunTime:0.0010s ]
INFO: Run Behavior\ParseTemplateBehavior [ RunTime:0.048003s ]
INFO: [ view_parse ] --END-- [ RunTime:0.048003s ]
INFO: [ view_filter ] --START--
INFO: Run Behavior\WriteHtmlCacheBehavior [ RunTime:0.001000s ]
INFO: [ view_filter ] --END-- [ RunTime:0.001000s ]
INFO: [ app_end ] --START--
INFO: Run Behavior\ShowPageTraceBehavior [ RunTime:0.001000s ]
INFO: [ app_end ] --END-- [ RunTime:0.001000s ]

[ 2017-08-10T11:16:00+08:00 ] 127.0.0.1 /Admin/Index/main.html
INFO: [ app_init ] --START--
INFO: Run Behavior\BuildLiteBehavior [ RunTime:0.000000s ]
INFO: [ app_init ] --END-- [ RunTime:0.001000s ]
INFO: [ app_begin ] --START--
INFO: Run Behavior\ReadHtmlCacheBehavior [ RunTime:0.001000s ]
INFO: [ app_begin ] --END-- [ RunTime:0.001000s ]
NOTIC: [2048] Declaration of Admin\Model\GoodsModel::_after_delete() should be compatible with Think\Model::_after_delete($data, $options) D:\www\shopping-system\Application\Admin\Model\GoodsModel.class.php 第 7 行.
SQL: SHOW COLUMNS FROM `ss_goods` [ RunTime:0.0030s ]
SQL: SELECT count(*) as c FROM `ss_goods` LIMIT 1   [ RunTime:0.0090s ]
SQL: SELECT count(*) as c FROM `ss_goods` WHERE ( is_new = "是" ) LIMIT 1   [ RunTime:0.0010s ]
SQL: SELECT count(*) as c FROM `ss_goods` WHERE ( is_hot = "是" ) LIMIT 1   [ RunTime:0.0010s ]
SQL: SELECT count(*) as c FROM `ss_goods` WHERE ( is_best = "是" ) LIMIT 1   [ RunTime:0.0000s ]
NOTIC: [8192] mysql_get_server_info(): The mysql extension is deprecated and will be removed in the future: use mysqli or PDO instead D:\www\shopping-system\Application\Admin\Controller\IndexController.class.php 第 21 行.
INFO: [ view_parse ] --START--
INFO: [ template_filter ] --START--
INFO: Run Behavior\ContentReplaceBehavior [ RunTime:0.001000s ]
INFO: [ template_filter ] --END-- [ RunTime:0.001000s ]
INFO: Run Behavior\ParseTemplateBehavior [ RunTime:0.018001s ]
INFO: [ view_parse ] --END-- [ RunTime:0.018001s ]
INFO: [ view_filter ] --START--
INFO: Run Behavior\WriteHtmlCacheBehavior [ RunTime:0.000000s ]
INFO: [ view_filter ] --END-- [ RunTime:0.000000s ]
INFO: [ app_end ] --START--
INFO: Run Behavior\ShowPageTraceBehavior [ RunTime:0.001000s ]
INFO: [ app_end ] --END-- [ RunTime:0.001000s ]

[ 2017-08-10T11:16:06+08:00 ] 127.0.0.1 /Admin/Login/logout
INFO: [ app_init ] --START--
INFO: Run Behavior\BuildLiteBehavior [ RunTime:0.000000s ]
INFO: [ app_init ] --END-- [ RunTime:0.001000s ]
INFO: [ app_begin ] --START--
INFO: Run Behavior\ReadHtmlCacheBehavior [ RunTime:0.001000s ]
INFO: [ app_begin ] --END-- [ RunTime:0.001000s ]
INFO: [ app_end ] --START--
INFO: Run Behavior\ShowPageTraceBehavior [ RunTime:0.000000s ]
INFO: [ app_end ] --END-- [ RunTime:0.000000s ]

[ 2017-08-10T11:16:06+08:00 ] 127.0.0.1 /Admin/Login/login
INFO: [ app_init ] --START--
INFO: Run Behavior\BuildLiteBehavior [ RunTime:0.000000s ]
INFO: [ app_init ] --END-- [ RunTime:0.000000s ]
INFO: [ app_begin ] --START--
INFO: Run Behavior\ReadHtmlCacheBehavior [ RunTime:0.001000s ]
INFO: [ app_begin ] --END-- [ RunTime:0.001000s ]
NOTIC: [8] Undefined index: act D:\www\shopping-system\Application\Admin\Controller\LoginController.class.php 第 6 行.
INFO: [ view_parse ] --START--
INFO: [ template_filter ] --START--
INFO: Run Behavior\ContentReplaceBehavior [ RunTime:0.000000s ]
INFO: [ template_filter ] --END-- [ RunTime:0.000000s ]
INFO: Run Behavior\ParseTemplateBehavior [ RunTime:0.006000s ]
INFO: [ view_parse ] --END-- [ RunTime:0.006000s ]
INFO: [ view_filter ] --START--
INFO: Run Behavior\WriteHtmlCacheBehavior [ RunTime:0.000000s ]
INFO: [ view_filter ] --END-- [ RunTime:0.000000s ]
INFO: [ app_end ] --START--
INFO: Run Behavior\ShowPageTraceBehavior [ RunTime:0.001000s ]
INFO: [ app_end ] --END-- [ RunTime:0.001000s ]

[ 2017-08-10T11:16:06+08:00 ] 127.0.0.1 /Admin/Login/Verify
INFO: [ app_init ] --START--
INFO: Run Behavior\BuildLiteBehavior [ RunTime:0.000000s ]
INFO: [ app_init ] --END-- [ RunTime:0.001000s ]
INFO: [ app_begin ] --START--
INFO: Run Behavior\ReadHtmlCacheBehavior [ RunTime:0.000000s ]
INFO: [ app_begin ] --END-- [ RunTime:0.000000s ]
INFO: [ app_end ] --START--
INFO: Run Behavior\ShowPageTraceBehavior [ RunTime:0.001000s ]
INFO: [ app_end ] --END-- [ RunTime:0.001000s ]

[ 2017-08-10T11:16:12+08:00 ] 127.0.0.1 /Admin/Login/login
INFO: [ app_init ] --START--
INFO: Run Behavior\BuildLiteBehavior [ RunTime:0.000000s ]
INFO: [ app_init ] --END-- [ RunTime:0.001000s ]
INFO: [ app_begin ] --START--
INFO: Run Behavior\ReadHtmlCacheBehavior [ RunTime:0.001000s ]
INFO: [ app_begin ] --END-- [ RunTime:0.001000s ]
NOTIC: [2048] Declaration of Admin\Model\ManagerModel::_after_delete() should be compatible with Think\Model::_after_delete($data, $options) D:\www\shopping-system\Application\Admin\Model\ManagerModel.class.php 第 7 行.
SQL: SHOW COLUMNS FROM `ss_manager` [ RunTime:0.0030s ]
SQL: SELECT * FROM `ss_manager` WHERE ( username='root' and password='63a9f0ea7bb98050796b649e85481845' ) LIMIT 1   [ RunTime:0.0010s ]
INFO: [ app_end ] --START--
INFO: Run Behavior\ShowPageTraceBehavior [ RunTime:0.001000s ]
INFO: [ app_end ] --END-- [ RunTime:0.001000s ]

[ 2017-08-10T11:16:12+08:00 ] 127.0.0.1 /Admin/Index/index
INFO: [ app_init ] --START--
INFO: Run Behavior\BuildLiteBehavior [ RunTime:0.000000s ]
INFO: [ app_init ] --END-- [ RunTime:0.001000s ]
INFO: [ app_begin ] --START--
INFO: Run Behavior\ReadHtmlCacheBehavior [ RunTime:0.000000s ]
INFO: [ app_begin ] --END-- [ RunTime:0.000000s ]
INFO: [ view_parse ] --START--
INFO: [ template_filter ] --START--
INFO: Run Behavior\ContentReplaceBehavior [ RunTime:0.000000s ]
INFO: [ template_filter ] --END-- [ RunTime:0.000000s ]
INFO: Run Behavior\ParseTemplateBehavior [ RunTime:0.004001s ]
INFO: [ view_parse ] --END-- [ RunTime:0.004001s ]
INFO: [ view_filter ] --START--
INFO: Run Behavior\WriteHtmlCacheBehavior [ RunTime:0.001000s ]
INFO: [ view_filter ] --END-- [ RunTime:0.001000s ]
INFO: [ app_end ] --START--
INFO: Run Behavior\ShowPageTraceBehavior [ RunTime:0.000000s ]
INFO: [ app_end ] --END-- [ RunTime:0.000000s ]

[ 2017-08-10T11:16:13+08:00 ] 127.0.0.1 /Admin/Index/top.html
INFO: [ app_init ] --START--
INFO: Run Behavior\BuildLiteBehavior [ RunTime:0.000000s ]
INFO: [ app_init ] --END-- [ RunTime:0.001001s ]
INFO: [ app_begin ] --START--
INFO: Run Behavior\ReadHtmlCacheBehavior [ RunTime:0.001000s ]
INFO: [ app_begin ] --END-- [ RunTime:0.001000s ]
INFO: [ view_parse ] --START--
INFO: [ template_filter ] --START--
INFO: Run Behavior\ContentReplaceBehavior [ RunTime:0.000000s ]
INFO: [ template_filter ] --END-- [ RunTime:0.000000s ]
NOTIC: [2048] Declaration of Admin\Model\PrivilegeModel::_after_delete() should be compatible with Think\Model::_after_delete($data, $options) D:\www\shopping-system\Application\Admin\Model\PrivilegeModel.class.php 第 7 行.
SQL: SHOW COLUMNS FROM `ss_privilege` [ RunTime:0.0030s ]
SQL: SHOW COLUMNS FROM `ss_privilege` [ RunTime:0.0020s ]
SQL: SELECT * FROM `ss_privilege`  [ RunTime:0.0010s ]
INFO: Run Behavior\ParseTemplateBehavior [ RunTime:0.035002s ]
INFO: [ view_parse ] --END-- [ RunTime:0.035002s ]
INFO: [ view_filter ] --START--
INFO: Run Behavior\WriteHtmlCacheBehavior [ RunTime:0.000000s ]
INFO: [ view_filter ] --END-- [ RunTime:0.000000s ]
INFO: [ app_end ] --START--
INFO: Run Behavior\ShowPageTraceBehavior [ RunTime:0.001000s ]
INFO: [ app_end ] --END-- [ RunTime:0.001000s ]

[ 2017-08-10T11:16:13+08:00 ] 127.0.0.1 /Admin/Index/menu.html
INFO: [ app_init ] --START--
INFO: Run Behavior\BuildLiteBehavior [ RunTime:0.000000s ]
INFO: [ app_init ] --END-- [ RunTime:0.001000s ]
INFO: [ app_begin ] --START--
INFO: Run Behavior\ReadHtmlCacheBehavior [ RunTime:0.001000s ]
INFO: [ app_begin ] --END-- [ RunTime:0.001000s ]
INFO: [ view_parse ] --START--
INFO: [ template_filter ] --START--
INFO: Run Behavior\ContentReplaceBehavior [ RunTime:0.000000s ]
INFO: [ template_filter ] --END-- [ RunTime:0.000000s ]
NOTIC: [2048] Declaration of Admin\Model\PrivilegeModel::_after_delete() should be compatible with Think\Model::_after_delete($data, $options) D:\www\shopping-system\Application\Admin\Model\PrivilegeModel.class.php 第 7 行.
SQL: SHOW COLUMNS FROM `ss_privilege` [ RunTime:0.0030s ]
SQL: SHOW COLUMNS FROM `ss_privilege` [ RunTime:0.0030s ]
SQL: SELECT * FROM `ss_privilege`  [ RunTime:0.0010s ]
INFO: Run Behavior\ParseTemplateBehavior [ RunTime:0.024001s ]
INFO: [ view_parse ] --END-- [ RunTime:0.024001s ]
INFO: [ view_filter ] --START--
INFO: Run Behavior\WriteHtmlCacheBehavior [ RunTime:0.001000s ]
INFO: [ view_filter ] --END-- [ RunTime:0.001000s ]
INFO: [ app_end ] --START--
INFO: Run Behavior\ShowPageTraceBehavior [ RunTime:0.001000s ]
INFO: [ app_end ] --END-- [ RunTime:0.001000s ]

[ 2017-08-10T11:16:13+08:00 ] 127.0.0.1 /Admin/Index/main.html
INFO: [ app_init ] --START--
INFO: Run Behavior\BuildLiteBehavior [ RunTime:0.000000s ]
INFO: [ app_init ] --END-- [ RunTime:0.001000s ]
INFO: [ app_begin ] --START--
INFO: Run Behavior\ReadHtmlCacheBehavior [ RunTime:0.001000s ]
INFO: [ app_begin ] --END-- [ RunTime:0.001000s ]
NOTIC: [2048] Declaration of Admin\Model\GoodsModel::_after_delete() should be compatible with Think\Model::_after_delete($data, $options) D:\www\shopping-system\Application\Admin\Model\GoodsModel.class.php 第 7 行.
SQL: SHOW COLUMNS FROM `ss_goods` [ RunTime:0.0040s ]
SQL: SELECT count(*) as c FROM `ss_goods` LIMIT 1   [ RunTime:0.0010s ]
SQL: SELECT count(*) as c FROM `ss_goods` WHERE ( is_new = "是" ) LIMIT 1   [ RunTime:0.0000s ]
SQL: SELECT count(*) as c FROM `ss_goods` WHERE ( is_hot = "是" ) LIMIT 1   [ RunTime:0.0000s ]
SQL: SELECT count(*) as c FROM `ss_goods` WHERE ( is_best = "是" ) LIMIT 1   [ RunTime:0.0010s ]
NOTIC: [8192] mysql_get_server_info(): The mysql extension is deprecated and will be removed in the future: use mysqli or PDO instead D:\www\shopping-system\Application\Admin\Controller\IndexController.class.php 第 21 行.
INFO: [ view_parse ] --START--
INFO: [ template_filter ] --START--
INFO: Run Behavior\ContentReplaceBehavior [ RunTime:0.000000s ]
INFO: [ template_filter ] --END-- [ RunTime:0.000000s ]
INFO: Run Behavior\ParseTemplateBehavior [ RunTime:0.006000s ]
INFO: [ view_parse ] --END-- [ RunTime:0.007000s ]
INFO: [ view_filter ] --START--
INFO: Run Behavior\WriteHtmlCacheBehavior [ RunTime:0.000000s ]
INFO: [ view_filter ] --END-- [ RunTime:0.000000s ]
INFO: [ app_end ] --START--
INFO: Run Behavior\ShowPageTraceBehavior [ RunTime:0.000000s ]
INFO: [ app_end ] --END-- [ RunTime:0.000000s ]

[ 2017-08-10T11:16:15+08:00 ] 127.0.0.1 /Admin/Goods/goodsList
INFO: [ app_init ] --START--
INFO: Run Behavior\BuildLiteBehavior [ RunTime:0.000000s ]
INFO: [ app_init ] --END-- [ RunTime:0.001000s ]
INFO: [ app_begin ] --START--
INFO: Run Behavior\ReadHtmlCacheBehavior [ RunTime:0.001000s ]
INFO: [ app_begin ] --END-- [ RunTime:0.001000s ]
NOTIC: [2048] Declaration of Admin\Model\PrivilegeModel::_after_delete() should be compatible with Think\Model::_after_delete($data, $options) D:\www\shopping-system\Application\Admin\Model\PrivilegeModel.class.php 第 7 行.
SQL: SHOW COLUMNS FROM `ss_privilege` [ RunTime:0.0030s ]
NOTIC: [2048] Declaration of Admin\Model\GoodsModel::_after_delete() should be compatible with Think\Model::_after_delete($data, $options) D:\www\shopping-system\Application\Admin\Model\GoodsModel.class.php 第 488 行.
SQL: SHOW COLUMNS FROM `ss_goods` [ RunTime:0.0040s ]
SQL: SHOW COLUMNS FROM `ss_category` [ RunTime:0.0030s ]
SQL: SELECT * FROM `ss_category` WHERE ( is_show='是' )  [ RunTime:0.0000s ]
SQL: SELECT COUNT(DISTINCT g.id) AS tp_count FROM ss_goods g left join ss_brand as b on g.brand_id = b.id 
			left join ss_category as c on g.cat_id = c.id 
			left join ss_goods_cat as gc on g.id = gc.goods_id 
			left join ss_category as cc on gc.cat_id = cc.id  WHERE `is_delete` = '否' LIMIT 1   [ RunTime:0.0310s ]
NOTIC: [4096] Argument 1 passed to Think\Fenye::getPageNumber() must be an instance of Think\int, string given, called in D:\www\shopping-system\Application\Admin\Model\GoodsModel.class.php on line 476 and defined D:\www\shopping-system\ThinkPHP\Library\Think\Fenye.class.php 第 13 行.
NOTIC: [4096] Argument 2 passed to Think\Fenye::getPageNumber() must be an instance of Think\int, integer given, called in D:\www\shopping-system\Application\Admin\Model\GoodsModel.class.php on line 476 and defined D:\www\shopping-system\ThinkPHP\Library\Think\Fenye.class.php 第 13 行.
NOTIC: [4096] Argument 3 passed to Think\Fenye::getPageNumber() must be an instance of Think\int, integer given, called in D:\www\shopping-system\Application\Admin\Model\GoodsModel.class.php on line 476 and defined D:\www\shopping-system\ThinkPHP\Library\Think\Fenye.class.php 第 13 行.
SQL: SELECT g.*,b.brand_name,c.cat_name,GROUP_CONCAT(cc.cat_name separator ' | ') as ext_cat_name FROM ss_goods g left join ss_brand as b on g.brand_id = b.id 
			left join ss_category as c on g.cat_id = c.id 
			left join ss_goods_cat as gc on g.id = gc.goods_id 
			left join ss_category as cc on gc.cat_id = cc.id  WHERE `is_delete` = '否' GROUP BY g.id LIMIT 0,5   [ RunTime:0.0010s ]
NOTIC: [2048] Declaration of Admin\Model\BrandModel::_after_delete() should be compatible with Think\Model::_after_delete($data, $options) D:\www\shopping-system\Application\Admin\Model\BrandModel.class.php 第 162 行.
SQL: SHOW COLUMNS FROM `ss_brand` [ RunTime:0.0030s ]
SQL: SELECT * FROM `ss_brand` WHERE ( is_show='是' )  [ RunTime:0.0010s ]
INFO: [ view_parse ] --START--
INFO: [ template_filter ] --START--
INFO: Run Behavior\ContentReplaceBehavior [ RunTime:0.000000s ]
INFO: [ template_filter ] --END-- [ RunTime:0.000000s ]
NOTIC: [8] Use of undefined constant 是 - assumed '是' D:\www\shopping-system\Application\Runtime\Cache\Admin\3268fbbbd0eb3ffe30140f78ff508f86.php 第 130 行.
NOTIC: [8] Use of undefined constant 是 - assumed '是' D:\www\shopping-system\Application\Runtime\Cache\Admin\3268fbbbd0eb3ffe30140f78ff508f86.php 第 131 行.
NOTIC: [8] Use of undefined constant 是 - assumed '是' D:\www\shopping-system\Application\Runtime\Cache\Admin\3268fbbbd0eb3ffe30140f78ff508f86.php 第 132 行.
NOTIC: [8] Use of undefined constant 是 - assumed '是' D:\www\shopping-system\Application\Runtime\Cache\Admin\3268fbbbd0eb3ffe30140f78ff508f86.php 第 133 行.
NOTIC: [8] Use of undefined constant 是 - assumed '是' D:\www\shopping-system\Application\Runtime\Cache\Admin\3268fbbbd0eb3ffe30140f78ff508f86.php 第 130 行.
NOTIC: [8] Use of undefined constant 是 - assumed '是' D:\www\shopping-system\Application\Runtime\Cache\Admin\3268fbbbd0eb3ffe30140f78ff508f86.php 第 131 行.
NOTIC: [8] Use of undefined constant 是 - assumed '是' D:\www\shopping-system\Application\Runtime\Cache\Admin\3268fbbbd0eb3ffe30140f78ff508f86.php 第 132 行.
NOTIC: [8] Use of undefined constant 是 - assumed '是' D:\www\shopping-system\Application\Runtime\Cache\Admin\3268fbbbd0eb3ffe30140f78ff508f86.php 第 133 行.
NOTIC: [8] Use of undefined constant 是 - assumed '是' D:\www\shopping-system\Application\Runtime\Cache\Admin\3268fbbbd0eb3ffe30140f78ff508f86.php 第 130 行.
NOTIC: [8] Use of undefined constant 是 - assumed '是' D:\www\shopping-system\Application\Runtime\Cache\Admin\3268fbbbd0eb3ffe30140f78ff508f86.php 第 131 行.
NOTIC: [8] Use of undefined constant 是 - assumed '是' D:\www\shopping-system\Application\Runtime\Cache\Admin\3268fbbbd0eb3ffe30140f78ff508f86.php 第 132 行.
NOTIC: [8] Use of undefined constant 是 - assumed '是' D:\www\shopping-system\Application\Runtime\Cache\Admin\3268fbbbd0eb3ffe30140f78ff508f86.php 第 133 行.
NOTIC: [8] Use of undefined constant 是 - assumed '是' D:\www\shopping-system\Application\Runtime\Cache\Admin\3268fbbbd0eb3ffe30140f78ff508f86.php 第 130 行.
NOTIC: [8] Use of undefined constant 是 - assumed '是' D:\www\shopping-system\Application\Runtime\Cache\Admin\3268fbbbd0eb3ffe30140f78ff508f86.php 第 131 行.
NOTIC: [8] Use of undefined constant 是 - assumed '是' D:\www\shopping-system\Application\Runtime\Cache\Admin\3268fbbbd0eb3ffe30140f78ff508f86.php 第 132 行.
NOTIC: [8] Use of undefined constant 是 - assumed '是' D:\www\shopping-system\Application\Runtime\Cache\Admin\3268fbbbd0eb3ffe30140f78ff508f86.php 第 133 行.
NOTIC: [8] Use of undefined constant 是 - assumed '是' D:\www\shopping-system\Application\Runtime\Cache\Admin\3268fbbbd0eb3ffe30140f78ff508f86.php 第 130 行.
NOTIC: [8] Use of undefined constant 是 - assumed '是' D:\www\shopping-system\Application\Runtime\Cache\Admin\3268fbbbd0eb3ffe30140f78ff508f86.php 第 131 行.
NOTIC: [8] Use of undefined constant 是 - assumed '是' D:\www\shopping-system\Application\Runtime\Cache\Admin\3268fbbbd0eb3ffe30140f78ff508f86.php 第 132 行.
NOTIC: [8] Use of undefined constant 是 - assumed '是' D:\www\shopping-system\Application\Runtime\Cache\Admin\3268fbbbd0eb3ffe30140f78ff508f86.php 第 133 行.
NOTIC: [2] Illegal string offset 'cat_id' D:\www\shopping-system\Application\Runtime\Cache\Admin\3268fbbbd0eb3ffe30140f78ff508f86.php 第 294 行.
NOTIC: [2] Illegal string offset 'brand_id' D:\www\shopping-system\Application\Runtime\Cache\Admin\3268fbbbd0eb3ffe30140f78ff508f86.php 第 295 行.
NOTIC: [2] Illegal string offset 'intro_type' D:\www\shopping-system\Application\Runtime\Cache\Admin\3268fbbbd0eb3ffe30140f78ff508f86.php 第 296 行.
NOTIC: [2] Illegal string offset 'is_on_sale' D:\www\shopping-system\Application\Runtime\Cache\Admin\3268fbbbd0eb3ffe30140f78ff508f86.php 第 297 行.
NOTIC: [2] Illegal string offset 'price_low' D:\www\shopping-system\Application\Runtime\Cache\Admin\3268fbbbd0eb3ffe30140f78ff508f86.php 第 298 行.
NOTIC: [2] Illegal string offset 'price_up' D:\www\shopping-system\Application\Runtime\Cache\Admin\3268fbbbd0eb3ffe30140f78ff508f86.php 第 299 行.
NOTIC: [2] Illegal string offset 'time_start' D:\www\shopping-system\Application\Runtime\Cache\Admin\3268fbbbd0eb3ffe30140f78ff508f86.php 第 300 行.
NOTIC: [2] Illegal string offset 'time_end' D:\www\shopping-system\Application\Runtime\Cache\Admin\3268fbbbd0eb3ffe30140f78ff508f86.php 第 301 行.
NOTIC: [2] Illegal string offset 'price_order' D:\www\shopping-system\Application\Runtime\Cache\Admin\3268fbbbd0eb3ffe30140f78ff508f86.php 第 302 行.
NOTIC: [2] Illegal string offset 'tar_page' D:\www\shopping-system\Application\Runtime\Cache\Admin\3268fbbbd0eb3ffe30140f78ff508f86.php 第 303 行.
INFO: Run Behavior\ParseTemplateBehavior [ RunTime:0.042002s ]
INFO: [ view_parse ] --END-- [ RunTime:0.042002s ]
INFO: [ view_filter ] --START--
INFO: Run Behavior\WriteHtmlCacheBehavior [ RunTime:0.000000s ]
INFO: [ view_filter ] --END-- [ RunTime:0.000000s ]
INFO: [ app_end ] --START--
INFO: Run Behavior\ShowPageTraceBehavior [ RunTime:0.001000s ]
INFO: [ app_end ] --END-- [ RunTime:0.001000s ]

[ 2017-08-10T11:16:17+08:00 ] 127.0.0.1 /Admin/Goods/goodsAdd.html
INFO: [ app_init ] --START--
INFO: Run Behavior\BuildLiteBehavior [ RunTime:0.000000s ]
INFO: [ app_init ] --END-- [ RunTime:0.000000s ]
INFO: [ app_begin ] --START--
INFO: Run Behavior\ReadHtmlCacheBehavior [ RunTime:0.001000s ]
INFO: [ app_begin ] --END-- [ RunTime:0.001000s ]
NOTIC: [2048] Declaration of Admin\Model\PrivilegeModel::_after_delete() should be compatible with Think\Model::_after_delete($data, $options) D:\www\shopping-system\Application\Admin\Model\PrivilegeModel.class.php 第 7 行.
SQL: SHOW COLUMNS FROM `ss_privilege` [ RunTime:0.0020s ]
SQL: SHOW COLUMNS FROM `ss_category` [ RunTime:0.0030s ]
SQL: SELECT * FROM `ss_category` WHERE ( is_show='是' )  [ RunTime:0.0010s ]
NOTIC: [2048] Declaration of Admin\Model\BrandModel::_after_delete() should be compatible with Think\Model::_after_delete($data, $options) D:\www\shopping-system\Application\Admin\Model\BrandModel.class.php 第 162 行.
SQL: SHOW COLUMNS FROM `ss_brand` [ RunTime:0.0020s ]
SQL: SELECT * FROM `ss_brand` WHERE ( is_show='是' )  [ RunTime:0.0010s ]
SQL: SHOW COLUMNS FROM `ss_member_level` [ RunTime:0.0480s ]
SQL: SELECT * FROM `ss_member_level`  [ RunTime:0.0010s ]
SQL: SHOW COLUMNS FROM `ss_type` [ RunTime:0.0100s ]
SQL: SELECT * FROM `ss_type`  [ RunTime:0.0000s ]
INFO: [ view_parse ] --START--
INFO: [ template_filter ] --START--
INFO: Run Behavior\ContentReplaceBehavior [ RunTime:0.000000s ]
INFO: [ template_filter ] --END-- [ RunTime:0.000000s ]
INFO: Run Behavior\ParseTemplateBehavior [ RunTime:0.018001s ]
INFO: [ view_parse ] --END-- [ RunTime:0.018001s ]
INFO: [ view_filter ] --START--
INFO: Run Behavior\WriteHtmlCacheBehavior [ RunTime:0.001000s ]
INFO: [ view_filter ] --END-- [ RunTime:0.001000s ]
INFO: [ app_end ] --START--
INFO: Run Behavior\ShowPageTraceBehavior [ RunTime:0.001000s ]
INFO: [ app_end ] --END-- [ RunTime:0.001000s ]

[ 2017-08-10T11:16:18+08:00 ] 127.0.0.1 /Admin/Goods/goodsAdd
INFO: [ app_init ] --START--
INFO: Run Behavior\BuildLiteBehavior [ RunTime:0.000000s ]
INFO: [ app_init ] --END-- [ RunTime:0.001000s ]
INFO: [ app_begin ] --START--
INFO: Run Behavior\ReadHtmlCacheBehavior [ RunTime:0.001000s ]
INFO: [ app_begin ] --END-- [ RunTime:0.001000s ]
NOTIC: [2048] Declaration of Admin\Model\PrivilegeModel::_after_delete() should be compatible with Think\Model::_after_delete($data, $options) D:\www\shopping-system\Application\Admin\Model\PrivilegeModel.class.php 第 7 行.
SQL: SHOW COLUMNS FROM `ss_privilege` [ RunTime:0.0020s ]
NOTIC: [2048] Declaration of Admin\Model\GoodsModel::_after_delete() should be compatible with Think\Model::_after_delete($data, $options) D:\www\shopping-system\Application\Admin\Model\GoodsModel.class.php 第 488 行.
SQL: SHOW COLUMNS FROM `ss_goods` [ RunTime:0.0030s ]
SQL: SELECT * FROM `ss_goods` WHERE `goods_sn` = '' LIMIT 1   [ RunTime:0.0110s ]
INFO: [ app_end ] --START--
INFO: Run Behavior\ShowPageTraceBehavior [ RunTime:0.000000s ]
INFO: [ app_end ] --END-- [ RunTime:0.001000s ]

[ 2017-08-10T11:16:28+08:00 ] 127.0.0.1 /Admin/Goods/goodsAdd
INFO: [ app_init ] --START--
INFO: Run Behavior\BuildLiteBehavior [ RunTime:0.000000s ]
INFO: [ app_init ] --END-- [ RunTime:0.001000s ]
INFO: [ app_begin ] --START--
INFO: Run Behavior\ReadHtmlCacheBehavior [ RunTime:0.000000s ]
INFO: [ app_begin ] --END-- [ RunTime:0.000000s ]
NOTIC: [2048] Declaration of Admin\Model\PrivilegeModel::_after_delete() should be compatible with Think\Model::_after_delete($data, $options) D:\www\shopping-system\Application\Admin\Model\PrivilegeModel.class.php 第 7 行.
SQL: SHOW COLUMNS FROM `ss_privilege` [ RunTime:0.0030s ]
NOTIC: [2048] Declaration of Admin\Model\GoodsModel::_after_delete() should be compatible with Think\Model::_after_delete($data, $options) D:\www\shopping-system\Application\Admin\Model\GoodsModel.class.php 第 488 行.
SQL: SHOW COLUMNS FROM `ss_goods` [ RunTime:0.0030s ]
SQL: SELECT * FROM `ss_goods` WHERE `goods_sn` = '' LIMIT 1   [ RunTime:0.0000s ]
INFO: [ app_end ] --START--
INFO: Run Behavior\ShowPageTraceBehavior [ RunTime:0.001000s ]
INFO: [ app_end ] --END-- [ RunTime:0.001000s ]

[ 2017-08-10T11:16:38+08:00 ] 127.0.0.1 /Admin/Goods/goodsAdd
INFO: [ app_init ] --START--
INFO: Run Behavior\BuildLiteBehavior [ RunTime:0.000000s ]
INFO: [ app_init ] --END-- [ RunTime:0.000000s ]
INFO: [ app_begin ] --START--
INFO: Run Behavior\ReadHtmlCacheBehavior [ RunTime:0.001000s ]
INFO: [ app_begin ] --END-- [ RunTime:0.001000s ]
NOTIC: [2048] Declaration of Admin\Model\PrivilegeModel::_after_delete() should be compatible with Think\Model::_after_delete($data, $options) D:\www\shopping-system\Application\Admin\Model\PrivilegeModel.class.php 第 7 行.
SQL: SHOW COLUMNS FROM `ss_privilege` [ RunTime:0.0020s ]
NOTIC: [2048] Declaration of Admin\Model\GoodsModel::_after_delete() should be compatible with Think\Model::_after_delete($data, $options) D:\www\shopping-system\Application\Admin\Model\GoodsModel.class.php 第 488 行.
SQL: SHOW COLUMNS FROM `ss_goods` [ RunTime:0.0020s ]
SQL: SELECT * FROM `ss_goods` WHERE `goods_sn` = '' LIMIT 1   [ RunTime:0.0000s ]
INFO: [ app_end ] --START--
INFO: Run Behavior\ShowPageTraceBehavior [ RunTime:0.001000s ]
INFO: [ app_end ] --END-- [ RunTime:0.001000s ]

[ 2017-08-10T11:21:33+08:00 ] 127.0.0.1 /Admin/Index/index
INFO: [ app_init ] --START--
INFO: Run Behavior\BuildLiteBehavior [ RunTime:0.000000s ]
INFO: [ app_init ] --END-- [ RunTime:0.001000s ]
INFO: [ app_begin ] --START--
INFO: Run Behavior\ReadHtmlCacheBehavior [ RunTime:0.001000s ]
INFO: [ app_begin ] --END-- [ RunTime:0.001000s ]
INFO: [ view_parse ] --START--
INFO: [ template_filter ] --START--
INFO: Run Behavior\ContentReplaceBehavior [ RunTime:0.000000s ]
INFO: [ template_filter ] --END-- [ RunTime:0.000000s ]
INFO: Run Behavior\ParseTemplateBehavior [ RunTime:0.005000s ]
INFO: [ view_parse ] --END-- [ RunTime:0.005000s ]
INFO: [ view_filter ] --START--
INFO: Run Behavior\WriteHtmlCacheBehavior [ RunTime:0.000000s ]
INFO: [ view_filter ] --END-- [ RunTime:0.000000s ]
INFO: [ app_end ] --START--
INFO: Run Behavior\ShowPageTraceBehavior [ RunTime:0.001000s ]
INFO: [ app_end ] --END-- [ RunTime:0.001000s ]

[ 2017-08-10T11:21:33+08:00 ] 127.0.0.1 /Admin/Index/top.html
INFO: [ app_init ] --START--
INFO: Run Behavior\BuildLiteBehavior [ RunTime:0.000000s ]
INFO: [ app_init ] --END-- [ RunTime:0.001000s ]
INFO: [ app_begin ] --START--
INFO: Run Behavior\ReadHtmlCacheBehavior [ RunTime:0.002000s ]
INFO: [ app_begin ] --END-- [ RunTime:0.002000s ]
INFO: [ view_parse ] --START--
INFO: [ template_filter ] --START--
INFO: Run Behavior\ContentReplaceBehavior [ RunTime:0.000000s ]
INFO: [ template_filter ] --END-- [ RunTime:0.000000s ]
NOTIC: [2048] Declaration of Admin\Model\PrivilegeModel::_after_delete() should be compatible with Think\Model::_after_delete($data, $options) D:\www\shopping-system\Application\Admin\Model\PrivilegeModel.class.php 第 7 行.
SQL: SHOW COLUMNS FROM `ss_privilege` [ RunTime:0.0030s ]
SQL: SHOW COLUMNS FROM `ss_privilege` [ RunTime:0.0020s ]
SQL: SELECT * FROM `ss_privilege`  [ RunTime:0.0010s ]
INFO: Run Behavior\ParseTemplateBehavior [ RunTime:0.034002s ]
INFO: [ view_parse ] --END-- [ RunTime:0.034002s ]
INFO: [ view_filter ] --START--
INFO: Run Behavior\WriteHtmlCacheBehavior [ RunTime:0.000000s ]
INFO: [ view_filter ] --END-- [ RunTime:0.000000s ]
INFO: [ app_end ] --START--
INFO: Run Behavior\ShowPageTraceBehavior [ RunTime:0.001000s ]
INFO: [ app_end ] --END-- [ RunTime:0.001000s ]

[ 2017-08-10T11:21:33+08:00 ] 127.0.0.1 /Admin/Index/menu.html
INFO: [ app_init ] --START--
INFO: Run Behavior\BuildLiteBehavior [ RunTime:0.000000s ]
INFO: [ app_init ] --END-- [ RunTime:0.001000s ]
INFO: [ app_begin ] --START--
INFO: Run Behavior\ReadHtmlCacheBehavior [ RunTime:0.000000s ]
INFO: [ app_begin ] --END-- [ RunTime:0.000000s ]
INFO: [ view_parse ] --START--
INFO: [ template_filter ] --START--
INFO: Run Behavior\ContentReplaceBehavior [ RunTime:0.000000s ]
INFO: [ template_filter ] --END-- [ RunTime:0.000000s ]
NOTIC: [2048] Declaration of Admin\Model\PrivilegeModel::_after_delete() should be compatible with Think\Model::_after_delete($data, $options) D:\www\shopping-system\Application\Admin\Model\PrivilegeModel.class.php 第 7 行.
SQL: SHOW COLUMNS FROM `ss_privilege` [ RunTime:0.0030s ]
SQL: SHOW COLUMNS FROM `ss_privilege` [ RunTime:0.0060s ]
SQL: SELECT * FROM `ss_privilege`  [ RunTime:0.0000s ]
INFO: Run Behavior\ParseTemplateBehavior [ RunTime:0.041002s ]
INFO: [ view_parse ] --END-- [ RunTime:0.041002s ]
INFO: [ view_filter ] --START--
INFO: Run Behavior\WriteHtmlCacheBehavior [ RunTime:0.001000s ]
INFO: [ view_filter ] --END-- [ RunTime:0.001000s ]
INFO: [ app_end ] --START--
INFO: Run Behavior\ShowPageTraceBehavior [ RunTime:0.001001s ]
INFO: [ app_end ] --END-- [ RunTime:0.001001s ]

[ 2017-08-10T11:21:33+08:00 ] 127.0.0.1 /Admin/Index/main.html
INFO: [ app_init ] --START--
INFO: Run Behavior\BuildLiteBehavior [ RunTime:0.000000s ]
INFO: [ app_init ] --END-- [ RunTime:0.001000s ]
INFO: [ app_begin ] --START--
INFO: Run Behavior\ReadHtmlCacheBehavior [ RunTime:0.001001s ]
INFO: [ app_begin ] --END-- [ RunTime:0.001001s ]
NOTIC: [2048] Declaration of Admin\Model\GoodsModel::_after_delete() should be compatible with Think\Model::_after_delete($data, $options) D:\www\shopping-system\Application\Admin\Model\GoodsModel.class.php 第 7 行.
SQL: SHOW COLUMNS FROM `ss_goods` [ RunTime:0.0030s ]
SQL: SELECT count(*) as c FROM `ss_goods` LIMIT 1   [ RunTime:0.0000s ]
SQL: SELECT count(*) as c FROM `ss_goods` WHERE ( is_new = "是" ) LIMIT 1   [ RunTime:0.0010s ]
SQL: SELECT count(*) as c FROM `ss_goods` WHERE ( is_hot = "是" ) LIMIT 1   [ RunTime:0.0000s ]
SQL: SELECT count(*) as c FROM `ss_goods` WHERE ( is_best = "是" ) LIMIT 1   [ RunTime:0.0000s ]
NOTIC: [8192] mysql_get_server_info(): The mysql extension is deprecated and will be removed in the future: use mysqli or PDO instead D:\www\shopping-system\Application\Admin\Controller\IndexController.class.php 第 21 行.
INFO: [ view_parse ] --START--
INFO: [ template_filter ] --START--
INFO: Run Behavior\ContentReplaceBehavior [ RunTime:0.000000s ]
INFO: [ template_filter ] --END-- [ RunTime:0.000000s ]
INFO: Run Behavior\ParseTemplateBehavior [ RunTime:0.009000s ]
INFO: [ view_parse ] --END-- [ RunTime:0.009000s ]
INFO: [ view_filter ] --START--
INFO: Run Behavior\WriteHtmlCacheBehavior [ RunTime:0.000000s ]
INFO: [ view_filter ] --END-- [ RunTime:0.000000s ]
INFO: [ app_end ] --START--
INFO: Run Behavior\ShowPageTraceBehavior [ RunTime:0.001001s ]
INFO: [ app_end ] --END-- [ RunTime:0.001001s ]

[ 2017-08-10T11:21:40+08:00 ] 127.0.0.1 /Admin/Goods/goodsList
INFO: [ app_init ] --START--
INFO: Run Behavior\BuildLiteBehavior [ RunTime:0.001000s ]
INFO: [ app_init ] --END-- [ RunTime:0.001000s ]
INFO: [ app_begin ] --START--
INFO: Run Behavior\ReadHtmlCacheBehavior [ RunTime:0.002000s ]
INFO: [ app_begin ] --END-- [ RunTime:0.002000s ]
NOTIC: [2048] Declaration of Admin\Model\PrivilegeModel::_after_delete() should be compatible with Think\Model::_after_delete($data, $options) D:\www\shopping-system\Application\Admin\Model\PrivilegeModel.class.php 第 7 行.
SQL: SHOW COLUMNS FROM `ss_privilege` [ RunTime:0.0020s ]
NOTIC: [2048] Declaration of Admin\Model\GoodsModel::_after_delete() should be compatible with Think\Model::_after_delete($data, $options) D:\www\shopping-system\Application\Admin\Model\GoodsModel.class.php 第 488 行.
SQL: SHOW COLUMNS FROM `ss_goods` [ RunTime:0.0020s ]
SQL: SHOW COLUMNS FROM `ss_category` [ RunTime:0.0030s ]
SQL: SELECT * FROM `ss_category` WHERE ( is_show='是' )  [ RunTime:0.0000s ]
SQL: SELECT COUNT(DISTINCT g.id) AS tp_count FROM ss_goods g left join ss_brand as b on g.brand_id = b.id 
			left join ss_category as c on g.cat_id = c.id 
			left join ss_goods_cat as gc on g.id = gc.goods_id 
			left join ss_category as cc on gc.cat_id = cc.id  WHERE `is_delete` = '否' LIMIT 1   [ RunTime:0.0000s ]
NOTIC: [4096] Argument 1 passed to Think\Fenye::getPageNumber() must be an instance of Think\int, string given, called in D:\www\shopping-system\Application\Admin\Model\GoodsModel.class.php on line 476 and defined D:\www\shopping-system\ThinkPHP\Library\Think\Fenye.class.php 第 13 行.
NOTIC: [4096] Argument 2 passed to Think\Fenye::getPageNumber() must be an instance of Think\int, integer given, called in D:\www\shopping-system\Application\Admin\Model\GoodsModel.class.php on line 476 and defined D:\www\shopping-system\ThinkPHP\Library\Think\Fenye.class.php 第 13 行.
NOTIC: [4096] Argument 3 passed to Think\Fenye::getPageNumber() must be an instance of Think\int, integer given, called in D:\www\shopping-system\Application\Admin\Model\GoodsModel.class.php on line 476 and defined D:\www\shopping-system\ThinkPHP\Library\Think\Fenye.class.php 第 13 行.
SQL: SELECT g.*,b.brand_name,c.cat_name,GROUP_CONCAT(cc.cat_name separator ' | ') as ext_cat_name FROM ss_goods g left join ss_brand as b on g.brand_id = b.id 
			left join ss_category as c on g.cat_id = c.id 
			left join ss_goods_cat as gc on g.id = gc.goods_id 
			left join ss_category as cc on gc.cat_id = cc.id  WHERE `is_delete` = '否' GROUP BY g.id LIMIT 0,5   [ RunTime:0.0010s ]
NOTIC: [2048] Declaration of Admin\Model\BrandModel::_after_delete() should be compatible with Think\Model::_after_delete($data, $options) D:\www\shopping-system\Application\Admin\Model\BrandModel.class.php 第 162 行.
SQL: SHOW COLUMNS FROM `ss_brand` [ RunTime:0.0030s ]
SQL: SELECT * FROM `ss_brand` WHERE ( is_show='是' )  [ RunTime:0.0000s ]
INFO: [ view_parse ] --START--
INFO: [ template_filter ] --START--
INFO: Run Behavior\ContentReplaceBehavior [ RunTime:0.000000s ]
INFO: [ template_filter ] --END-- [ RunTime:0.000000s ]
NOTIC: [8] Use of undefined constant 是 - assumed '是' D:\www\shopping-system\Application\Runtime\Cache\Admin\3268fbbbd0eb3ffe30140f78ff508f86.php 第 130 行.
NOTIC: [8] Use of undefined constant 是 - assumed '是' D:\www\shopping-system\Application\Runtime\Cache\Admin\3268fbbbd0eb3ffe30140f78ff508f86.php 第 131 行.
NOTIC: [8] Use of undefined constant 是 - assumed '是' D:\www\shopping-system\Application\Runtime\Cache\Admin\3268fbbbd0eb3ffe30140f78ff508f86.php 第 132 行.
NOTIC: [8] Use of undefined constant 是 - assumed '是' D:\www\shopping-system\Application\Runtime\Cache\Admin\3268fbbbd0eb3ffe30140f78ff508f86.php 第 133 行.
NOTIC: [8] Use of undefined constant 是 - assumed '是' D:\www\shopping-system\Application\Runtime\Cache\Admin\3268fbbbd0eb3ffe30140f78ff508f86.php 第 130 行.
NOTIC: [8] Use of undefined constant 是 - assumed '是' D:\www\shopping-system\Application\Runtime\Cache\Admin\3268fbbbd0eb3ffe30140f78ff508f86.php 第 131 行.
NOTIC: [8] Use of undefined constant 是 - assumed '是' D:\www\shopping-system\Application\Runtime\Cache\Admin\3268fbbbd0eb3ffe30140f78ff508f86.php 第 132 行.
NOTIC: [8] Use of undefined constant 是 - assumed '是' D:\www\shopping-system\Application\Runtime\Cache\Admin\3268fbbbd0eb3ffe30140f78ff508f86.php 第 133 行.
NOTIC: [8] Use of undefined constant 是 - assumed '是' D:\www\shopping-system\Application\Runtime\Cache\Admin\3268fbbbd0eb3ffe30140f78ff508f86.php 第 130 行.
NOTIC: [8] Use of undefined constant 是 - assumed '是' D:\www\shopping-system\Application\Runtime\Cache\Admin\3268fbbbd0eb3ffe30140f78ff508f86.php 第 131 行.
NOTIC: [8] Use of undefined constant 是 - assumed '是' D:\www\shopping-system\Application\Runtime\Cache\Admin\3268fbbbd0eb3ffe30140f78ff508f86.php 第 132 行.
NOTIC: [8] Use of undefined constant 是 - assumed '是' D:\www\shopping-system\Application\Runtime\Cache\Admin\3268fbbbd0eb3ffe30140f78ff508f86.php 第 133 行.
NOTIC: [8] Use of undefined constant 是 - assumed '是' D:\www\shopping-system\Application\Runtime\Cache\Admin\3268fbbbd0eb3ffe30140f78ff508f86.php 第 130 行.
NOTIC: [8] Use of undefined constant 是 - assumed '是' D:\www\shopping-system\Application\Runtime\Cache\Admin\3268fbbbd0eb3ffe30140f78ff508f86.php 第 131 行.
NOTIC: [8] Use of undefined constant 是 - assumed '是' D:\www\shopping-system\Application\Runtime\Cache\Admin\3268fbbbd0eb3ffe30140f78ff508f86.php 第 132 行.
NOTIC: [8] Use of undefined constant 是 - assumed '是' D:\www\shopping-system\Application\Runtime\Cache\Admin\3268fbbbd0eb3ffe30140f78ff508f86.php 第 133 行.
NOTIC: [8] Use of undefined constant 是 - assumed '是' D:\www\shopping-system\Application\Runtime\Cache\Admin\3268fbbbd0eb3ffe30140f78ff508f86.php 第 130 行.
NOTIC: [8] Use of undefined constant 是 - assumed '是' D:\www\shopping-system\Application\Runtime\Cache\Admin\3268fbbbd0eb3ffe30140f78ff508f86.php 第 131 行.
NOTIC: [8] Use of undefined constant 是 - assumed '是' D:\www\shopping-system\Application\Runtime\Cache\Admin\3268fbbbd0eb3ffe30140f78ff508f86.php 第 132 行.
NOTIC: [8] Use of undefined constant 是 - assumed '是' D:\www\shopping-system\Application\Runtime\Cache\Admin\3268fbbbd0eb3ffe30140f78ff508f86.php 第 133 行.
NOTIC: [2] Illegal string offset 'cat_id' D:\www\shopping-system\Application\Runtime\Cache\Admin\3268fbbbd0eb3ffe30140f78ff508f86.php 第 294 行.
NOTIC: [2] Illegal string offset 'brand_id' D:\www\shopping-system\Application\Runtime\Cache\Admin\3268fbbbd0eb3ffe30140f78ff508f86.php 第 295 行.
NOTIC: [2] Illegal string offset 'intro_type' D:\www\shopping-system\Application\Runtime\Cache\Admin\3268fbbbd0eb3ffe30140f78ff508f86.php 第 296 行.
NOTIC: [2] Illegal string offset 'is_on_sale' D:\www\shopping-system\Application\Runtime\Cache\Admin\3268fbbbd0eb3ffe30140f78ff508f86.php 第 297 行.
NOTIC: [2] Illegal string offset 'price_low' D:\www\shopping-system\Application\Runtime\Cache\Admin\3268fbbbd0eb3ffe30140f78ff508f86.php 第 298 行.
NOTIC: [2] Illegal string offset 'price_up' D:\www\shopping-system\Application\Runtime\Cache\Admin\3268fbbbd0eb3ffe30140f78ff508f86.php 第 299 行.
NOTIC: [2] Illegal string offset 'time_start' D:\www\shopping-system\Application\Runtime\Cache\Admin\3268fbbbd0eb3ffe30140f78ff508f86.php 第 300 行.
NOTIC: [2] Illegal string offset 'time_end' D:\www\shopping-system\Application\Runtime\Cache\Admin\3268fbbbd0eb3ffe30140f78ff508f86.php 第 301 行.
NOTIC: [2] Illegal string offset 'price_order' D:\www\shopping-system\Application\Runtime\Cache\Admin\3268fbbbd0eb3ffe30140f78ff508f86.php 第 302 行.
NOTIC: [2] Illegal string offset 'tar_page' D:\www\shopping-system\Application\Runtime\Cache\Admin\3268fbbbd0eb3ffe30140f78ff508f86.php 第 303 行.
INFO: Run Behavior\ParseTemplateBehavior [ RunTime:0.011000s ]
INFO: [ view_parse ] --END-- [ RunTime:0.012000s ]
INFO: [ view_filter ] --START--
INFO: Run Behavior\WriteHtmlCacheBehavior [ RunTime:0.000000s ]
INFO: [ view_filter ] --END-- [ RunTime:0.000000s ]
INFO: [ app_end ] --START--
INFO: Run Behavior\ShowPageTraceBehavior [ RunTime:0.001001s ]
INFO: [ app_end ] --END-- [ RunTime:0.001001s ]

[ 2017-08-10T11:21:41+08:00 ] 127.0.0.1 /Admin/Goods/goodsAdd.html
INFO: [ app_init ] --START--
INFO: Run Behavior\BuildLiteBehavior [ RunTime:0.000000s ]
INFO: [ app_init ] --END-- [ RunTime:0.000000s ]
INFO: [ app_begin ] --START--
INFO: Run Behavior\ReadHtmlCacheBehavior [ RunTime:0.001001s ]
INFO: [ app_begin ] --END-- [ RunTime:0.001001s ]
NOTIC: [2048] Declaration of Admin\Model\PrivilegeModel::_after_delete() should be compatible with Think\Model::_after_delete($data, $options) D:\www\shopping-system\Application\Admin\Model\PrivilegeModel.class.php 第 7 行.
SQL: SHOW COLUMNS FROM `ss_privilege` [ RunTime:0.0030s ]
SQL: SHOW COLUMNS FROM `ss_category` [ RunTime:0.0040s ]
SQL: SELECT * FROM `ss_category` WHERE ( is_show='是' )  [ RunTime:0.0010s ]
NOTIC: [2048] Declaration of Admin\Model\BrandModel::_after_delete() should be compatible with Think\Model::_after_delete($data, $options) D:\www\shopping-system\Application\Admin\Model\BrandModel.class.php 第 162 行.
SQL: SHOW COLUMNS FROM `ss_brand` [ RunTime:0.0030s ]
SQL: SELECT * FROM `ss_brand` WHERE ( is_show='是' )  [ RunTime:0.0010s ]
SQL: SHOW COLUMNS FROM `ss_member_level` [ RunTime:0.0030s ]
SQL: SELECT * FROM `ss_member_level`  [ RunTime:0.0010s ]
SQL: SHOW COLUMNS FROM `ss_type` [ RunTime:0.0030s ]
SQL: SELECT * FROM `ss_type`  [ RunTime:0.0010s ]
INFO: [ view_parse ] --START--
INFO: [ template_filter ] --START--
INFO: Run Behavior\ContentReplaceBehavior [ RunTime:0.000000s ]
INFO: [ template_filter ] --END-- [ RunTime:0.000000s ]
INFO: Run Behavior\ParseTemplateBehavior [ RunTime:0.010000s ]
INFO: [ view_parse ] --END-- [ RunTime:0.010000s ]
INFO: [ view_filter ] --START--
INFO: Run Behavior\WriteHtmlCacheBehavior [ RunTime:0.001000s ]
INFO: [ view_filter ] --END-- [ RunTime:0.001000s ]
INFO: [ app_end ] --START--
INFO: Run Behavior\ShowPageTraceBehavior [ RunTime:0.001001s ]
INFO: [ app_end ] --END-- [ RunTime:0.001001s ]

[ 2017-08-10T11:21:49+08:00 ] 127.0.0.1 /Admin/Goods/goodsAdd
INFO: [ app_init ] --START--
INFO: Run Behavior\BuildLiteBehavior [ RunTime:0.000000s ]
INFO: [ app_init ] --END-- [ RunTime:0.000000s ]
INFO: [ app_begin ] --START--
INFO: Run Behavior\ReadHtmlCacheBehavior [ RunTime:0.000000s ]
INFO: [ app_begin ] --END-- [ RunTime:0.000000s ]
NOTIC: [2048] Declaration of Admin\Model\PrivilegeModel::_after_delete() should be compatible with Think\Model::_after_delete($data, $options) D:\www\shopping-system\Application\Admin\Model\PrivilegeModel.class.php 第 7 行.
SQL: SHOW COLUMNS FROM `ss_privilege` [ RunTime:0.0040s ]
NOTIC: [2048] Declaration of Admin\Model\GoodsModel::_after_delete() should be compatible with Think\Model::_after_delete($data, $options) D:\www\shopping-system\Application\Admin\Model\GoodsModel.class.php 第 488 行.
SQL: SHOW COLUMNS FROM `ss_goods` [ RunTime:0.0040s ]
SQL: SELECT * FROM `ss_goods` WHERE `goods_sn` = '' LIMIT 1   [ RunTime:0.0000s ]
INFO: [ app_end ] --START--
INFO: Run Behavior\ShowPageTraceBehavior [ RunTime:0.001000s ]
INFO: [ app_end ] --END-- [ RunTime:0.001000s ]

[ 2017-08-10T11:22:00+08:00 ] 127.0.0.1 /Admin/Goods/goodsAdd
INFO: [ app_init ] --START--
INFO: Run Behavior\BuildLiteBehavior [ RunTime:0.000000s ]
INFO: [ app_init ] --END-- [ RunTime:0.000000s ]
INFO: [ app_begin ] --START--
INFO: Run Behavior\ReadHtmlCacheBehavior [ RunTime:0.000000s ]
INFO: [ app_begin ] --END-- [ RunTime:0.000000s ]
NOTIC: [2048] Declaration of Admin\Model\PrivilegeModel::_after_delete() should be compatible with Think\Model::_after_delete($data, $options) D:\www\shopping-system\Application\Admin\Model\PrivilegeModel.class.php 第 7 行.
SQL: SHOW COLUMNS FROM `ss_privilege` [ RunTime:0.0030s ]
NOTIC: [2048] Declaration of Admin\Model\GoodsModel::_after_delete() should be compatible with Think\Model::_after_delete($data, $options) D:\www\shopping-system\Application\Admin\Model\GoodsModel.class.php 第 488 行.
SQL: SHOW COLUMNS FROM `ss_goods` [ RunTime:0.0030s ]
SQL: SELECT * FROM `ss_goods` WHERE `goods_sn` = '' LIMIT 1   [ RunTime:0.0000s ]
INFO: [ app_end ] --START--
INFO: Run Behavior\ShowPageTraceBehavior [ RunTime:0.000000s ]
INFO: [ app_end ] --END-- [ RunTime:0.000000s ]

