[ 2017-05-30T00:11:25+08:00 ] 127.0.0.1 /Admin/Goods/goodsList.html
INFO: [ app_init ] --START--
INFO: Run Behavior\BuildLiteBehavior [ RunTime:0.000031s ]
INFO: [ app_init ] --END-- [ RunTime:0.000887s ]
INFO: [ app_begin ] --START--
INFO: Run Behavior\ReadHtmlCacheBehavior [ RunTime:0.001274s ]
INFO: [ app_begin ] --END-- [ RunTime:0.001375s ]
NOTIC: [2048] Declaration of Admin\Model\GoodsModel::_after_delete() should be compatible with Think\Model::_after_delete($data, $options) E:\www\shopping-system\Application\Admin\Model\GoodsModel.class.php 第 7 行.
SQL: SHOW COLUMNS FROM `ss_goods` [ RunTime:0.0047s ]
SQL: SHOW COLUMNS FROM `ss_category` [ RunTime:0.0042s ]
SQL: SELECT * FROM `ss_category` WHERE ( is_show='是' )  [ RunTime:0.0005s ]
SQL: SELECT COUNT(*) AS tp_count FROM `ss_goods` WHERE ( unix_timestamp(addtime)>0 ) AND `is_delete` = '否' LIMIT 1   [ RunTime:0.0006s ]
NOTIC: [4096] Argument 1 passed to Think\Fenye::getPageNumber() must be an instance of Think\int, string given, called in E:\www\shopping-system\Application\Admin\Model\GoodsModel.class.php on line 240 and defined E:\www\shopping-system\ThinkPHP\Library\Think\Fenye.class.php 第 13 行.
NOTIC: [4096] Argument 2 passed to Think\Fenye::getPageNumber() must be an instance of Think\int, integer given, called in E:\www\shopping-system\Application\Admin\Model\GoodsModel.class.php on line 240 and defined E:\www\shopping-system\ThinkPHP\Library\Think\Fenye.class.php 第 13 行.
NOTIC: [4096] Argument 3 passed to Think\Fenye::getPageNumber() must be an instance of Think\int, integer given, called in E:\www\shopping-system\Application\Admin\Model\GoodsModel.class.php on line 240 and defined E:\www\shopping-system\ThinkPHP\Library\Think\Fenye.class.php 第 13 行.
SQL: SELECT * FROM `ss_goods` WHERE ( unix_timestamp(addtime)>0 ) AND `is_delete` = '否' LIMIT 0,5   [ RunTime:0.0009s ]
NOTIC: [2048] Declaration of Admin\Model\BrandModel::_after_delete() should be compatible with Think\Model::_after_delete($data, $options) E:\www\shopping-system\Application\Admin\Model\BrandModel.class.php 第 162 行.
SQL: SHOW COLUMNS FROM `ss_brand` [ RunTime:0.0038s ]
SQL: SELECT * FROM `ss_brand` WHERE ( is_show='是' )  [ RunTime:0.0005s ]
INFO: [ view_parse ] --START--
INFO: [ template_filter ] --START--
INFO: Run Behavior\ContentReplaceBehavior [ RunTime:0.000320s ]
INFO: [ template_filter ] --END-- [ RunTime:0.000389s ]
NOTIC: [8] Use of undefined constant 是 - assumed '是' E:\www\shopping-system\Application\Runtime\Cache\Admin\3268fbbbd0eb3ffe30140f78ff508f86.php 第 120 行.
NOTIC: [8] Use of undefined constant 是 - assumed '是' E:\www\shopping-system\Application\Runtime\Cache\Admin\3268fbbbd0eb3ffe30140f78ff508f86.php 第 121 行.
NOTIC: [8] Use of undefined constant 是 - assumed '是' E:\www\shopping-system\Application\Runtime\Cache\Admin\3268fbbbd0eb3ffe30140f78ff508f86.php 第 122 行.
NOTIC: [8] Use of undefined constant 是 - assumed '是' E:\www\shopping-system\Application\Runtime\Cache\Admin\3268fbbbd0eb3ffe30140f78ff508f86.php 第 123 行.
NOTIC: [8] Use of undefined constant 是 - assumed '是' E:\www\shopping-system\Application\Runtime\Cache\Admin\3268fbbbd0eb3ffe30140f78ff508f86.php 第 120 行.
NOTIC: [8] Use of undefined constant 是 - assumed '是' E:\www\shopping-system\Application\Runtime\Cache\Admin\3268fbbbd0eb3ffe30140f78ff508f86.php 第 121 行.
NOTIC: [8] Use of undefined constant 是 - assumed '是' E:\www\shopping-system\Application\Runtime\Cache\Admin\3268fbbbd0eb3ffe30140f78ff508f86.php 第 122 行.
NOTIC: [8] Use of undefined constant 是 - assumed '是' E:\www\shopping-system\Application\Runtime\Cache\Admin\3268fbbbd0eb3ffe30140f78ff508f86.php 第 123 行.
NOTIC: [8] Use of undefined constant 是 - assumed '是' E:\www\shopping-system\Application\Runtime\Cache\Admin\3268fbbbd0eb3ffe30140f78ff508f86.php 第 120 行.
NOTIC: [8] Use of undefined constant 是 - assumed '是' E:\www\shopping-system\Application\Runtime\Cache\Admin\3268fbbbd0eb3ffe30140f78ff508f86.php 第 121 行.
NOTIC: [8] Use of undefined constant 是 - assumed '是' E:\www\shopping-system\Application\Runtime\Cache\Admin\3268fbbbd0eb3ffe30140f78ff508f86.php 第 122 行.
NOTIC: [8] Use of undefined constant 是 - assumed '是' E:\www\shopping-system\Application\Runtime\Cache\Admin\3268fbbbd0eb3ffe30140f78ff508f86.php 第 123 行.
NOTIC: [8] Use of undefined constant 是 - assumed '是' E:\www\shopping-system\Application\Runtime\Cache\Admin\3268fbbbd0eb3ffe30140f78ff508f86.php 第 120 行.
NOTIC: [8] Use of undefined constant 是 - assumed '是' E:\www\shopping-system\Application\Runtime\Cache\Admin\3268fbbbd0eb3ffe30140f78ff508f86.php 第 121 行.
NOTIC: [8] Use of undefined constant 是 - assumed '是' E:\www\shopping-system\Application\Runtime\Cache\Admin\3268fbbbd0eb3ffe30140f78ff508f86.php 第 122 行.
NOTIC: [8] Use of undefined constant 是 - assumed '是' E:\www\shopping-system\Application\Runtime\Cache\Admin\3268fbbbd0eb3ffe30140f78ff508f86.php 第 123 行.
NOTIC: [8] Use of undefined constant 是 - assumed '是' E:\www\shopping-system\Application\Runtime\Cache\Admin\3268fbbbd0eb3ffe30140f78ff508f86.php 第 120 行.
NOTIC: [8] Use of undefined constant 是 - assumed '是' E:\www\shopping-system\Application\Runtime\Cache\Admin\3268fbbbd0eb3ffe30140f78ff508f86.php 第 121 行.
NOTIC: [8] Use of undefined constant 是 - assumed '是' E:\www\shopping-system\Application\Runtime\Cache\Admin\3268fbbbd0eb3ffe30140f78ff508f86.php 第 122 行.
NOTIC: [8] Use of undefined constant 是 - assumed '是' E:\www\shopping-system\Application\Runtime\Cache\Admin\3268fbbbd0eb3ffe30140f78ff508f86.php 第 123 行.
NOTIC: [2] Illegal string offset 'cat_id' E:\www\shopping-system\Application\Runtime\Cache\Admin\3268fbbbd0eb3ffe30140f78ff508f86.php 第 278 行.
NOTIC: [2] Illegal string offset 'brand_id' E:\www\shopping-system\Application\Runtime\Cache\Admin\3268fbbbd0eb3ffe30140f78ff508f86.php 第 279 行.
NOTIC: [2] Illegal string offset 'intro_type' E:\www\shopping-system\Application\Runtime\Cache\Admin\3268fbbbd0eb3ffe30140f78ff508f86.php 第 280 行.
NOTIC: [2] Illegal string offset 'is_on_sale' E:\www\shopping-system\Application\Runtime\Cache\Admin\3268fbbbd0eb3ffe30140f78ff508f86.php 第 281 行.
NOTIC: [2] Illegal string offset 'price_low' E:\www\shopping-system\Application\Runtime\Cache\Admin\3268fbbbd0eb3ffe30140f78ff508f86.php 第 282 行.
NOTIC: [2] Illegal string offset 'price_up' E:\www\shopping-system\Application\Runtime\Cache\Admin\3268fbbbd0eb3ffe30140f78ff508f86.php 第 283 行.
NOTIC: [2] Illegal string offset 'time_start' E:\www\shopping-system\Application\Runtime\Cache\Admin\3268fbbbd0eb3ffe30140f78ff508f86.php 第 284 行.
NOTIC: [2] Illegal string offset 'time_end' E:\www\shopping-system\Application\Runtime\Cache\Admin\3268fbbbd0eb3ffe30140f78ff508f86.php 第 285 行.
NOTIC: [2] Illegal string offset 'price_order' E:\www\shopping-system\Application\Runtime\Cache\Admin\3268fbbbd0eb3ffe30140f78ff508f86.php 第 286 行.
NOTIC: [2] Illegal string offset 'tar_page' E:\www\shopping-system\Application\Runtime\Cache\Admin\3268fbbbd0eb3ffe30140f78ff508f86.php 第 287 行.
INFO: Run Behavior\ParseTemplateBehavior [ RunTime:0.019457s ]
INFO: [ view_parse ] --END-- [ RunTime:0.019524s ]
INFO: [ view_filter ] --START--
INFO: Run Behavior\WriteHtmlCacheBehavior [ RunTime:0.001141s ]
INFO: [ view_filter ] --END-- [ RunTime:0.001197s ]
INFO: [ app_end ] --START--
INFO: Run Behavior\ShowPageTraceBehavior [ RunTime:0.001813s ]
INFO: [ app_end ] --END-- [ RunTime:0.001927s ]

[ 2017-05-30T00:11:30+08:00 ] 127.0.0.1 /Admin/Goods/goodsList/tar_page/1/cat_id/0/brand_id/0/intro_type/is_all/rowsNum/5/is_on_sale/is_all/price_order/price_natural
INFO: [ app_init ] --START--
INFO: Run Behavior\BuildLiteBehavior [ RunTime:0.000026s ]
INFO: [ app_init ] --END-- [ RunTime:0.001071s ]
INFO: [ app_begin ] --START--
INFO: Run Behavior\ReadHtmlCacheBehavior [ RunTime:0.001240s ]
INFO: [ app_begin ] --END-- [ RunTime:0.001346s ]
NOTIC: [2048] Declaration of Admin\Model\GoodsModel::_after_delete() should be compatible with Think\Model::_after_delete($data, $options) E:\www\shopping-system\Application\Admin\Model\GoodsModel.class.php 第 7 行.
SQL: SHOW COLUMNS FROM `ss_goods` [ RunTime:0.0050s ]
SQL: SHOW COLUMNS FROM `ss_category` [ RunTime:0.0047s ]
SQL: SELECT * FROM `ss_category` WHERE ( is_show='是' )  [ RunTime:0.0005s ]
NOTIC: [8] Undefined variable: condition E:\www\shopping-system\Application\Admin\Controller\GoodsController.class.php 第 60 行.
NOTIC: [8] Undefined variable: order E:\www\shopping-system\Application\Admin\Controller\GoodsController.class.php 第 60 行.
NOTIC: [8] Undefined variable: sql E:\www\shopping-system\Application\Admin\Controller\GoodsController.class.php 第 60 行.
SQL: SELECT COUNT(*) AS tp_count FROM `ss_goods` WHERE `is_delete` = '否' LIMIT 1   [ RunTime:0.0005s ]
NOTIC: [4096] Argument 1 passed to Think\Fenye::getPageNumber() must be an instance of Think\int, string given, called in E:\www\shopping-system\Application\Admin\Model\GoodsModel.class.php on line 240 and defined E:\www\shopping-system\ThinkPHP\Library\Think\Fenye.class.php 第 13 行.
NOTIC: [4096] Argument 2 passed to Think\Fenye::getPageNumber() must be an instance of Think\int, string given, called in E:\www\shopping-system\Application\Admin\Model\GoodsModel.class.php on line 240 and defined E:\www\shopping-system\ThinkPHP\Library\Think\Fenye.class.php 第 13 行.
NOTIC: [4096] Argument 3 passed to Think\Fenye::getPageNumber() must be an instance of Think\int, string given, called in E:\www\shopping-system\Application\Admin\Model\GoodsModel.class.php on line 240 and defined E:\www\shopping-system\ThinkPHP\Library\Think\Fenye.class.php 第 13 行.
SQL: SELECT * FROM `ss_goods` WHERE `is_delete` = '否' LIMIT 0,5   [ RunTime:0.0008s ]
NOTIC: [8] Undefined variable: condition E:\www\shopping-system\Application\Admin\Controller\GoodsController.class.php 第 62 行.
NOTIC: [8] Undefined variable: order E:\www\shopping-system\Application\Admin\Controller\GoodsController.class.php 第 62 行.
NOTIC: [8] Undefined variable: sql E:\www\shopping-system\Application\Admin\Controller\GoodsController.class.php 第 62 行.
INFO: [ app_end ] --START--
INFO: Run Behavior\ShowPageTraceBehavior [ RunTime:0.001099s ]
INFO: [ app_end ] --END-- [ RunTime:0.001162s ]

[ 2017-05-30T00:11:31+08:00 ] 127.0.0.1 /Admin/Goods/goodsList/tar_page/1/cat_id/0/brand_id/0/intro_type/is_all/rowsNum/5/is_on_sale/is_all/price_order/price_natural
INFO: [ app_init ] --START--
INFO: Run Behavior\BuildLiteBehavior [ RunTime:0.000032s ]
INFO: [ app_init ] --END-- [ RunTime:0.000959s ]
INFO: [ app_begin ] --START--
INFO: Run Behavior\ReadHtmlCacheBehavior [ RunTime:0.001067s ]
INFO: [ app_begin ] --END-- [ RunTime:0.001191s ]
NOTIC: [2048] Declaration of Admin\Model\GoodsModel::_after_delete() should be compatible with Think\Model::_after_delete($data, $options) E:\www\shopping-system\Application\Admin\Model\GoodsModel.class.php 第 7 行.
SQL: SHOW COLUMNS FROM `ss_goods` [ RunTime:0.0044s ]
SQL: SHOW COLUMNS FROM `ss_category` [ RunTime:0.0057s ]
SQL: SELECT * FROM `ss_category` WHERE ( is_show='是' )  [ RunTime:0.0006s ]
NOTIC: [8] Undefined variable: condition E:\www\shopping-system\Application\Admin\Controller\GoodsController.class.php 第 60 行.
NOTIC: [8] Undefined variable: order E:\www\shopping-system\Application\Admin\Controller\GoodsController.class.php 第 60 行.
NOTIC: [8] Undefined variable: sql E:\www\shopping-system\Application\Admin\Controller\GoodsController.class.php 第 60 行.
SQL: SELECT COUNT(*) AS tp_count FROM `ss_goods` WHERE `is_delete` = '否' LIMIT 1   [ RunTime:0.0003s ]
NOTIC: [4096] Argument 1 passed to Think\Fenye::getPageNumber() must be an instance of Think\int, string given, called in E:\www\shopping-system\Application\Admin\Model\GoodsModel.class.php on line 240 and defined E:\www\shopping-system\ThinkPHP\Library\Think\Fenye.class.php 第 13 行.
NOTIC: [4096] Argument 2 passed to Think\Fenye::getPageNumber() must be an instance of Think\int, string given, called in E:\www\shopping-system\Application\Admin\Model\GoodsModel.class.php on line 240 and defined E:\www\shopping-system\ThinkPHP\Library\Think\Fenye.class.php 第 13 行.
NOTIC: [4096] Argument 3 passed to Think\Fenye::getPageNumber() must be an instance of Think\int, string given, called in E:\www\shopping-system\Application\Admin\Model\GoodsModel.class.php on line 240 and defined E:\www\shopping-system\ThinkPHP\Library\Think\Fenye.class.php 第 13 行.
SQL: SELECT * FROM `ss_goods` WHERE `is_delete` = '否' LIMIT 0,5   [ RunTime:0.0011s ]
NOTIC: [8] Undefined variable: condition E:\www\shopping-system\Application\Admin\Controller\GoodsController.class.php 第 62 行.
NOTIC: [8] Undefined variable: order E:\www\shopping-system\Application\Admin\Controller\GoodsController.class.php 第 62 行.
NOTIC: [8] Undefined variable: sql E:\www\shopping-system\Application\Admin\Controller\GoodsController.class.php 第 62 行.
INFO: [ app_end ] --START--
INFO: Run Behavior\ShowPageTraceBehavior [ RunTime:0.000873s ]
INFO: [ app_end ] --END-- [ RunTime:0.000935s ]

[ 2017-05-30T00:11:31+08:00 ] 127.0.0.1 /Admin/Goods/goodsList/tar_page/1/cat_id/0/brand_id/0/intro_type/is_all/rowsNum/5/is_on_sale/is_all/price_order/price_natural
INFO: [ app_init ] --START--
INFO: Run Behavior\BuildLiteBehavior [ RunTime:0.000044s ]
INFO: [ app_init ] --END-- [ RunTime:0.001772s ]
INFO: [ app_begin ] --START--
INFO: Run Behavior\ReadHtmlCacheBehavior [ RunTime:0.001700s ]
INFO: [ app_begin ] --END-- [ RunTime:0.001892s ]
NOTIC: [2048] Declaration of Admin\Model\GoodsModel::_after_delete() should be compatible with Think\Model::_after_delete($data, $options) E:\www\shopping-system\Application\Admin\Model\GoodsModel.class.php 第 7 行.
SQL: SHOW COLUMNS FROM `ss_goods` [ RunTime:0.0058s ]
SQL: SHOW COLUMNS FROM `ss_category` [ RunTime:0.0051s ]
SQL: SELECT * FROM `ss_category` WHERE ( is_show='是' )  [ RunTime:0.0021s ]
NOTIC: [8] Undefined variable: condition E:\www\shopping-system\Application\Admin\Controller\GoodsController.class.php 第 60 行.
NOTIC: [8] Undefined variable: order E:\www\shopping-system\Application\Admin\Controller\GoodsController.class.php 第 60 行.
NOTIC: [8] Undefined variable: sql E:\www\shopping-system\Application\Admin\Controller\GoodsController.class.php 第 60 行.
SQL: SELECT COUNT(*) AS tp_count FROM `ss_goods` WHERE `is_delete` = '否' LIMIT 1   [ RunTime:0.0007s ]
NOTIC: [4096] Argument 1 passed to Think\Fenye::getPageNumber() must be an instance of Think\int, string given, called in E:\www\shopping-system\Application\Admin\Model\GoodsModel.class.php on line 240 and defined E:\www\shopping-system\ThinkPHP\Library\Think\Fenye.class.php 第 13 行.
NOTIC: [4096] Argument 2 passed to Think\Fenye::getPageNumber() must be an instance of Think\int, string given, called in E:\www\shopping-system\Application\Admin\Model\GoodsModel.class.php on line 240 and defined E:\www\shopping-system\ThinkPHP\Library\Think\Fenye.class.php 第 13 行.
NOTIC: [4096] Argument 3 passed to Think\Fenye::getPageNumber() must be an instance of Think\int, string given, called in E:\www\shopping-system\Application\Admin\Model\GoodsModel.class.php on line 240 and defined E:\www\shopping-system\ThinkPHP\Library\Think\Fenye.class.php 第 13 行.
SQL: SELECT * FROM `ss_goods` WHERE `is_delete` = '否' LIMIT 0,5   [ RunTime:0.0008s ]
NOTIC: [8] Undefined variable: condition E:\www\shopping-system\Application\Admin\Controller\GoodsController.class.php 第 62 行.
NOTIC: [8] Undefined variable: order E:\www\shopping-system\Application\Admin\Controller\GoodsController.class.php 第 62 行.
NOTIC: [8] Undefined variable: sql E:\www\shopping-system\Application\Admin\Controller\GoodsController.class.php 第 62 行.
INFO: [ app_end ] --START--
INFO: Run Behavior\ShowPageTraceBehavior [ RunTime:0.000914s ]
INFO: [ app_end ] --END-- [ RunTime:0.001000s ]

[ 2017-05-30T00:11:32+08:00 ] 127.0.0.1 /Admin/Goods/goodsList/tar_page/1/cat_id/0/brand_id/0/intro_type/is_all/rowsNum/5/is_on_sale/is_all/price_order/price_natural
INFO: [ app_init ] --START--
INFO: Run Behavior\BuildLiteBehavior [ RunTime:0.000018s ]
INFO: [ app_init ] --END-- [ RunTime:0.000560s ]
INFO: [ app_begin ] --START--
INFO: Run Behavior\ReadHtmlCacheBehavior [ RunTime:0.000680s ]
INFO: [ app_begin ] --END-- [ RunTime:0.000743s ]
NOTIC: [2048] Declaration of Admin\Model\GoodsModel::_after_delete() should be compatible with Think\Model::_after_delete($data, $options) E:\www\shopping-system\Application\Admin\Model\GoodsModel.class.php 第 7 行.
SQL: SHOW COLUMNS FROM `ss_goods` [ RunTime:0.0042s ]
SQL: SHOW COLUMNS FROM `ss_category` [ RunTime:0.0054s ]
SQL: SELECT * FROM `ss_category` WHERE ( is_show='是' )  [ RunTime:0.0006s ]
NOTIC: [8] Undefined variable: condition E:\www\shopping-system\Application\Admin\Controller\GoodsController.class.php 第 60 行.
NOTIC: [8] Undefined variable: order E:\www\shopping-system\Application\Admin\Controller\GoodsController.class.php 第 60 行.
NOTIC: [8] Undefined variable: sql E:\www\shopping-system\Application\Admin\Controller\GoodsController.class.php 第 60 行.
SQL: SELECT COUNT(*) AS tp_count FROM `ss_goods` WHERE `is_delete` = '否' LIMIT 1   [ RunTime:0.0004s ]
NOTIC: [4096] Argument 1 passed to Think\Fenye::getPageNumber() must be an instance of Think\int, string given, called in E:\www\shopping-system\Application\Admin\Model\GoodsModel.class.php on line 240 and defined E:\www\shopping-system\ThinkPHP\Library\Think\Fenye.class.php 第 13 行.
NOTIC: [4096] Argument 2 passed to Think\Fenye::getPageNumber() must be an instance of Think\int, string given, called in E:\www\shopping-system\Application\Admin\Model\GoodsModel.class.php on line 240 and defined E:\www\shopping-system\ThinkPHP\Library\Think\Fenye.class.php 第 13 行.
NOTIC: [4096] Argument 3 passed to Think\Fenye::getPageNumber() must be an instance of Think\int, string given, called in E:\www\shopping-system\Application\Admin\Model\GoodsModel.class.php on line 240 and defined E:\www\shopping-system\ThinkPHP\Library\Think\Fenye.class.php 第 13 行.
SQL: SELECT * FROM `ss_goods` WHERE `is_delete` = '否' LIMIT 0,5   [ RunTime:0.0007s ]
NOTIC: [8] Undefined variable: condition E:\www\shopping-system\Application\Admin\Controller\GoodsController.class.php 第 62 行.
NOTIC: [8] Undefined variable: order E:\www\shopping-system\Application\Admin\Controller\GoodsController.class.php 第 62 行.
NOTIC: [8] Undefined variable: sql E:\www\shopping-system\Application\Admin\Controller\GoodsController.class.php 第 62 行.
INFO: [ app_end ] --START--
INFO: Run Behavior\ShowPageTraceBehavior [ RunTime:0.000874s ]
INFO: [ app_end ] --END-- [ RunTime:0.000935s ]

[ 2017-05-30T00:11:34+08:00 ] 127.0.0.1 /Admin/User/userList.html
INFO: [ app_init ] --START--
INFO: Run Behavior\BuildLiteBehavior [ RunTime:0.000018s ]
INFO: [ app_init ] --END-- [ RunTime:0.000567s ]
INFO: [ app_begin ] --START--
INFO: Run Behavior\ReadHtmlCacheBehavior [ RunTime:0.000712s ]
INFO: [ app_begin ] --END-- [ RunTime:0.000775s ]
NOTIC: [2048] Declaration of Admin\Model\UserModel::_after_delete() should be compatible with Think\Model::_after_delete($data, $options) E:\www\shopping-system\Application\Admin\Model\UserModel.class.php 第 7 行.
SQL: SHOW COLUMNS FROM `ss_member` [ RunTime:0.0035s ]
SQL: SELECT COUNT(*) AS tp_count FROM `ss_member` LIMIT 1   [ RunTime:0.0003s ]
NOTIC: [4096] Argument 1 passed to Think\Fenye::getPageNumber() must be an instance of Think\int, string given, called in E:\www\shopping-system\Application\Admin\Model\UserModel.class.php on line 117 and defined E:\www\shopping-system\ThinkPHP\Library\Think\Fenye.class.php 第 13 行.
NOTIC: [4096] Argument 2 passed to Think\Fenye::getPageNumber() must be an instance of Think\int, integer given, called in E:\www\shopping-system\Application\Admin\Model\UserModel.class.php on line 117 and defined E:\www\shopping-system\ThinkPHP\Library\Think\Fenye.class.php 第 13 行.
NOTIC: [4096] Argument 3 passed to Think\Fenye::getPageNumber() must be an instance of Think\int, integer given, called in E:\www\shopping-system\Application\Admin\Model\UserModel.class.php on line 117 and defined E:\www\shopping-system\ThinkPHP\Library\Think\Fenye.class.php 第 13 行.
SQL: SELECT * FROM `ss_member` LIMIT 0,5   [ RunTime:0.0005s ]
INFO: [ view_parse ] --START--
INFO: [ template_filter ] --START--
INFO: Run Behavior\ContentReplaceBehavior [ RunTime:0.000213s ]
INFO: [ template_filter ] --END-- [ RunTime:0.000305s ]
NOTIC: [2] Illegal string offset 'tar_page' E:\www\shopping-system\Application\Runtime\Cache\Admin\fd8db13da1500736658b617f5c41c7cb.php 第 155 行.
NOTIC: [2] Illegal string offset 'username' E:\www\shopping-system\Application\Runtime\Cache\Admin\fd8db13da1500736658b617f5c41c7cb.php 第 156 行.
INFO: Run Behavior\ParseTemplateBehavior [ RunTime:0.013698s ]
INFO: [ view_parse ] --END-- [ RunTime:0.013795s ]
INFO: [ view_filter ] --START--
INFO: Run Behavior\WriteHtmlCacheBehavior [ RunTime:0.000687s ]
INFO: [ view_filter ] --END-- [ RunTime:0.000744s ]
INFO: [ app_end ] --START--
INFO: Run Behavior\ShowPageTraceBehavior [ RunTime:0.001166s ]
INFO: [ app_end ] --END-- [ RunTime:0.001287s ]

