[ 2017-06-02T22:20:59+08:00 ] 127.0.0.1 /admin
INFO: [ app_init ] --START--
INFO: Run Behavior\BuildLiteBehavior [ RunTime:0.000021s ]
INFO: [ app_init ] --END-- [ RunTime:0.000836s ]
INFO: [ app_begin ] --START--
INFO: Run Behavior\ReadHtmlCacheBehavior [ RunTime:0.000740s ]
INFO: [ app_begin ] --END-- [ RunTime:0.000813s ]

[ 2017-06-02T22:20:59+08:00 ] 127.0.0.1 /Admin/Manager/login.html
INFO: [ app_init ] --START--
INFO: Run Behavior\BuildLiteBehavior [ RunTime:0.000018s ]
INFO: [ app_init ] --END-- [ RunTime:0.000539s ]
INFO: [ app_begin ] --START--
INFO: Run Behavior\ReadHtmlCacheBehavior [ RunTime:0.000642s ]
INFO: [ app_begin ] --END-- [ RunTime:0.000701s ]
NOTIC: [8] Undefined index: act E:\www\shopping-system\Application\Admin\Controller\ManagerController.class.php 第 6 行.
INFO: [ view_parse ] --START--
INFO: [ template_filter ] --START--
INFO: Run Behavior\ContentReplaceBehavior [ RunTime:0.000080s ]
INFO: [ template_filter ] --END-- [ RunTime:0.000152s ]
INFO: Run Behavior\ParseTemplateBehavior [ RunTime:0.012435s ]
INFO: [ view_parse ] --END-- [ RunTime:0.012500s ]
INFO: [ view_filter ] --START--
INFO: Run Behavior\WriteHtmlCacheBehavior [ RunTime:0.000415s ]
INFO: [ view_filter ] --END-- [ RunTime:0.000463s ]
INFO: [ app_end ] --START--
INFO: Run Behavior\ShowPageTraceBehavior [ RunTime:0.000667s ]
INFO: [ app_end ] --END-- [ RunTime:0.000719s ]

[ 2017-06-02T22:20:59+08:00 ] 127.0.0.1 /Admin/Manager/Verify
INFO: [ app_init ] --START--
INFO: Run Behavior\BuildLiteBehavior [ RunTime:0.000018s ]
INFO: [ app_init ] --END-- [ RunTime:0.000633s ]
INFO: [ app_begin ] --START--
INFO: Run Behavior\ReadHtmlCacheBehavior [ RunTime:0.000800s ]
INFO: [ app_begin ] --END-- [ RunTime:0.000915s ]
INFO: [ app_end ] --START--
INFO: Run Behavior\ShowPageTraceBehavior [ RunTime:0.000960s ]
INFO: [ app_end ] --END-- [ RunTime:0.001058s ]

[ 2017-06-02T22:21:04+08:00 ] 127.0.0.1 /Admin/Manager/check/captcha/taet
INFO: [ app_init ] --START--
INFO: Run Behavior\BuildLiteBehavior [ RunTime:0.000024s ]
INFO: [ app_init ] --END-- [ RunTime:0.000857s ]
INFO: [ app_begin ] --START--
INFO: Run Behavior\ReadHtmlCacheBehavior [ RunTime:0.000995s ]
INFO: [ app_begin ] --END-- [ RunTime:0.001094s ]
INFO: [ app_end ] --START--
INFO: Run Behavior\ShowPageTraceBehavior [ RunTime:0.001171s ]
INFO: [ app_end ] --END-- [ RunTime:0.001288s ]

[ 2017-06-02T22:21:04+08:00 ] 127.0.0.1 /Admin/Manager/login
INFO: [ app_init ] --START--
INFO: Run Behavior\BuildLiteBehavior [ RunTime:0.000018s ]
INFO: [ app_init ] --END-- [ RunTime:0.000542s ]
INFO: [ app_begin ] --START--
INFO: Run Behavior\ReadHtmlCacheBehavior [ RunTime:0.000745s ]
INFO: [ app_begin ] --END-- [ RunTime:0.000819s ]
SQL: SHOW COLUMNS FROM `ss_manager` [ RunTime:0.0304s ]
SQL: SELECT * FROM `ss_manager` WHERE ( username='admin' and password='21232f297a57a5a743894a0e4a801fc3' ) LIMIT 1   [ RunTime:0.0025s ]
INFO: [ app_end ] --START--
INFO: Run Behavior\ShowPageTraceBehavior [ RunTime:0.000886s ]
INFO: [ app_end ] --END-- [ RunTime:0.000947s ]

[ 2017-06-02T22:21:04+08:00 ] 127.0.0.1 /Admin/Index/index
INFO: [ app_init ] --START--
INFO: Run Behavior\BuildLiteBehavior [ RunTime:0.000022s ]
INFO: [ app_init ] --END-- [ RunTime:0.001438s ]
INFO: [ app_begin ] --START--
INFO: Run Behavior\ReadHtmlCacheBehavior [ RunTime:0.000674s ]
INFO: [ app_begin ] --END-- [ RunTime:0.000742s ]
INFO: [ view_parse ] --START--
INFO: [ template_filter ] --START--
INFO: Run Behavior\ContentReplaceBehavior [ RunTime:0.000053s ]
INFO: [ template_filter ] --END-- [ RunTime:0.000128s ]
INFO: Run Behavior\ParseTemplateBehavior [ RunTime:0.007940s ]
INFO: [ view_parse ] --END-- [ RunTime:0.008025s ]
INFO: [ view_filter ] --START--
INFO: Run Behavior\WriteHtmlCacheBehavior [ RunTime:0.000581s ]
INFO: [ view_filter ] --END-- [ RunTime:0.000633s ]
INFO: [ app_end ] --START--
INFO: Run Behavior\ShowPageTraceBehavior [ RunTime:0.000702s ]
INFO: [ app_end ] --END-- [ RunTime:0.000754s ]

[ 2017-06-02T22:21:04+08:00 ] 127.0.0.1 /Admin/Index/top.html
INFO: [ app_init ] --START--
INFO: Run Behavior\BuildLiteBehavior [ RunTime:0.000025s ]
INFO: [ app_init ] --END-- [ RunTime:0.000722s ]
INFO: [ app_begin ] --START--
INFO: Run Behavior\ReadHtmlCacheBehavior [ RunTime:0.000957s ]
INFO: [ app_begin ] --END-- [ RunTime:0.001021s ]
INFO: [ view_parse ] --START--
INFO: [ template_filter ] --START--
INFO: Run Behavior\ContentReplaceBehavior [ RunTime:0.000073s ]
INFO: [ template_filter ] --END-- [ RunTime:0.000135s ]
INFO: Run Behavior\ParseTemplateBehavior [ RunTime:0.007471s ]
INFO: [ view_parse ] --END-- [ RunTime:0.007557s ]
INFO: [ view_filter ] --START--
INFO: Run Behavior\WriteHtmlCacheBehavior [ RunTime:0.000468s ]
INFO: [ view_filter ] --END-- [ RunTime:0.000516s ]
INFO: [ app_end ] --START--
INFO: Run Behavior\ShowPageTraceBehavior [ RunTime:0.000696s ]
INFO: [ app_end ] --END-- [ RunTime:0.000749s ]

[ 2017-06-02T22:21:04+08:00 ] 127.0.0.1 /Admin/Index/menu.html
INFO: [ app_init ] --START--
INFO: Run Behavior\BuildLiteBehavior [ RunTime:0.000026s ]
INFO: [ app_init ] --END-- [ RunTime:0.000831s ]
INFO: [ app_begin ] --START--
INFO: Run Behavior\ReadHtmlCacheBehavior [ RunTime:0.001251s ]
INFO: [ app_begin ] --END-- [ RunTime:0.001414s ]
INFO: [ view_parse ] --START--
INFO: [ template_filter ] --START--
INFO: Run Behavior\ContentReplaceBehavior [ RunTime:0.000136s ]
INFO: [ template_filter ] --END-- [ RunTime:0.000209s ]
INFO: Run Behavior\ParseTemplateBehavior [ RunTime:0.011907s ]
INFO: [ view_parse ] --END-- [ RunTime:0.012085s ]
INFO: [ view_filter ] --START--
INFO: Run Behavior\WriteHtmlCacheBehavior [ RunTime:0.000449s ]
INFO: [ view_filter ] --END-- [ RunTime:0.000501s ]
INFO: [ app_end ] --START--
INFO: Run Behavior\ShowPageTraceBehavior [ RunTime:0.003851s ]
INFO: [ app_end ] --END-- [ RunTime:0.003955s ]

[ 2017-06-02T22:21:04+08:00 ] 127.0.0.1 /Admin/Index/main.html
INFO: [ app_init ] --START--
INFO: Run Behavior\BuildLiteBehavior [ RunTime:0.000018s ]
INFO: [ app_init ] --END-- [ RunTime:0.000634s ]
INFO: [ app_begin ] --START--
INFO: Run Behavior\ReadHtmlCacheBehavior [ RunTime:0.000778s ]
INFO: [ app_begin ] --END-- [ RunTime:0.000844s ]
INFO: [ view_parse ] --START--
INFO: [ template_filter ] --START--
INFO: Run Behavior\ContentReplaceBehavior [ RunTime:0.000155s ]
INFO: [ template_filter ] --END-- [ RunTime:0.000339s ]
INFO: Run Behavior\ParseTemplateBehavior [ RunTime:0.012408s ]
INFO: [ view_parse ] --END-- [ RunTime:0.012519s ]
INFO: [ view_filter ] --START--
INFO: Run Behavior\WriteHtmlCacheBehavior [ RunTime:0.002574s ]
INFO: [ view_filter ] --END-- [ RunTime:0.002776s ]
INFO: [ app_end ] --START--
INFO: Run Behavior\ShowPageTraceBehavior [ RunTime:0.002934s ]
INFO: [ app_end ] --END-- [ RunTime:0.003538s ]

[ 2017-06-02T22:21:13+08:00 ] 127.0.0.1 /Admin/Order/orderList.html
INFO: [ app_init ] --START--
INFO: Run Behavior\BuildLiteBehavior [ RunTime:0.000016s ]
INFO: [ app_init ] --END-- [ RunTime:0.000637s ]
INFO: [ app_begin ] --START--
INFO: Run Behavior\ReadHtmlCacheBehavior [ RunTime:0.001275s ]
INFO: [ app_begin ] --END-- [ RunTime:0.001379s ]
ERR: 非法操作:orderList

[ 2017-06-02T22:21:15+08:00 ] 127.0.0.1 /Admin/Goods/goodsList.html
INFO: [ app_init ] --START--
INFO: Run Behavior\BuildLiteBehavior [ RunTime:0.000017s ]
INFO: [ app_init ] --END-- [ RunTime:0.000598s ]
INFO: [ app_begin ] --START--
INFO: Run Behavior\ReadHtmlCacheBehavior [ RunTime:0.000696s ]
INFO: [ app_begin ] --END-- [ RunTime:0.000756s ]
NOTIC: [2048] Declaration of Admin\Model\GoodsModel::_after_delete() should be compatible with Think\Model::_after_delete($data, $options) E:\www\shopping-system\Application\Admin\Model\GoodsModel.class.php 第 7 行.
SQL: SHOW COLUMNS FROM `ss_goods` [ RunTime:0.0107s ]
SQL: SHOW COLUMNS FROM `ss_category` [ RunTime:0.0091s ]
SQL: SELECT * FROM `ss_category` WHERE ( is_show='是' )  [ RunTime:0.0006s ]
SQL: SELECT COUNT(DISTINCT g.id) AS tp_count FROM ss_goods g left join ss_brand as b on g.brand_id = b.id 
			left join ss_category as c on g.cat_id = c.id 
			left join ss_goods_cat as gc on g.id = gc.goods_id 
			left join ss_category as cc on gc.cat_id = cc.id  WHERE `is_delete` = '否' LIMIT 1   [ RunTime:0.0164s ]
NOTIC: [4096] Argument 1 passed to Think\Fenye::getPageNumber() must be an instance of Think\int, string given, called in E:\www\shopping-system\Application\Admin\Model\GoodsModel.class.php on line 397 and defined E:\www\shopping-system\ThinkPHP\Library\Think\Fenye.class.php 第 13 行.
NOTIC: [4096] Argument 2 passed to Think\Fenye::getPageNumber() must be an instance of Think\int, integer given, called in E:\www\shopping-system\Application\Admin\Model\GoodsModel.class.php on line 397 and defined E:\www\shopping-system\ThinkPHP\Library\Think\Fenye.class.php 第 13 行.
NOTIC: [4096] Argument 3 passed to Think\Fenye::getPageNumber() must be an instance of Think\int, integer given, called in E:\www\shopping-system\Application\Admin\Model\GoodsModel.class.php on line 397 and defined E:\www\shopping-system\ThinkPHP\Library\Think\Fenye.class.php 第 13 行.
SQL: SELECT g.*,b.brand_name,c.cat_name,GROUP_CONCAT(cc.cat_name separator ' | ') as ext_cat_name FROM ss_goods g left join ss_brand as b on g.brand_id = b.id 
			left join ss_category as c on g.cat_id = c.id 
			left join ss_goods_cat as gc on g.id = gc.goods_id 
			left join ss_category as cc on gc.cat_id = cc.id  WHERE `is_delete` = '否' GROUP BY g.id LIMIT 0,5   [ RunTime:0.0034s ]
NOTIC: [2048] Declaration of Admin\Model\BrandModel::_after_delete() should be compatible with Think\Model::_after_delete($data, $options) E:\www\shopping-system\Application\Admin\Model\BrandModel.class.php 第 162 行.
SQL: SHOW COLUMNS FROM `ss_brand` [ RunTime:0.0041s ]
SQL: SELECT * FROM `ss_brand` WHERE ( is_show='是' )  [ RunTime:0.0005s ]
INFO: [ view_parse ] --START--
INFO: [ template_filter ] --START--
INFO: Run Behavior\ContentReplaceBehavior [ RunTime:0.000489s ]
INFO: [ template_filter ] --END-- [ RunTime:0.000593s ]
NOTIC: [8] Use of undefined constant 是 - assumed '是' E:\www\shopping-system\Application\Runtime\Cache\Admin\3268fbbbd0eb3ffe30140f78ff508f86.php 第 126 行.
NOTIC: [8] Use of undefined constant 是 - assumed '是' E:\www\shopping-system\Application\Runtime\Cache\Admin\3268fbbbd0eb3ffe30140f78ff508f86.php 第 127 行.
NOTIC: [8] Use of undefined constant 是 - assumed '是' E:\www\shopping-system\Application\Runtime\Cache\Admin\3268fbbbd0eb3ffe30140f78ff508f86.php 第 128 行.
NOTIC: [8] Use of undefined constant 是 - assumed '是' E:\www\shopping-system\Application\Runtime\Cache\Admin\3268fbbbd0eb3ffe30140f78ff508f86.php 第 129 行.
NOTIC: [8] Use of undefined constant 是 - assumed '是' E:\www\shopping-system\Application\Runtime\Cache\Admin\3268fbbbd0eb3ffe30140f78ff508f86.php 第 126 行.
NOTIC: [8] Use of undefined constant 是 - assumed '是' E:\www\shopping-system\Application\Runtime\Cache\Admin\3268fbbbd0eb3ffe30140f78ff508f86.php 第 127 行.
NOTIC: [8] Use of undefined constant 是 - assumed '是' E:\www\shopping-system\Application\Runtime\Cache\Admin\3268fbbbd0eb3ffe30140f78ff508f86.php 第 128 行.
NOTIC: [8] Use of undefined constant 是 - assumed '是' E:\www\shopping-system\Application\Runtime\Cache\Admin\3268fbbbd0eb3ffe30140f78ff508f86.php 第 129 行.
NOTIC: [8] Use of undefined constant 是 - assumed '是' E:\www\shopping-system\Application\Runtime\Cache\Admin\3268fbbbd0eb3ffe30140f78ff508f86.php 第 126 行.
NOTIC: [8] Use of undefined constant 是 - assumed '是' E:\www\shopping-system\Application\Runtime\Cache\Admin\3268fbbbd0eb3ffe30140f78ff508f86.php 第 127 行.
NOTIC: [8] Use of undefined constant 是 - assumed '是' E:\www\shopping-system\Application\Runtime\Cache\Admin\3268fbbbd0eb3ffe30140f78ff508f86.php 第 128 行.
NOTIC: [8] Use of undefined constant 是 - assumed '是' E:\www\shopping-system\Application\Runtime\Cache\Admin\3268fbbbd0eb3ffe30140f78ff508f86.php 第 129 行.
NOTIC: [8] Use of undefined constant 是 - assumed '是' E:\www\shopping-system\Application\Runtime\Cache\Admin\3268fbbbd0eb3ffe30140f78ff508f86.php 第 126 行.
NOTIC: [8] Use of undefined constant 是 - assumed '是' E:\www\shopping-system\Application\Runtime\Cache\Admin\3268fbbbd0eb3ffe30140f78ff508f86.php 第 127 行.
NOTIC: [8] Use of undefined constant 是 - assumed '是' E:\www\shopping-system\Application\Runtime\Cache\Admin\3268fbbbd0eb3ffe30140f78ff508f86.php 第 128 行.
NOTIC: [8] Use of undefined constant 是 - assumed '是' E:\www\shopping-system\Application\Runtime\Cache\Admin\3268fbbbd0eb3ffe30140f78ff508f86.php 第 129 行.
NOTIC: [8] Use of undefined constant 是 - assumed '是' E:\www\shopping-system\Application\Runtime\Cache\Admin\3268fbbbd0eb3ffe30140f78ff508f86.php 第 126 行.
NOTIC: [8] Use of undefined constant 是 - assumed '是' E:\www\shopping-system\Application\Runtime\Cache\Admin\3268fbbbd0eb3ffe30140f78ff508f86.php 第 127 行.
NOTIC: [8] Use of undefined constant 是 - assumed '是' E:\www\shopping-system\Application\Runtime\Cache\Admin\3268fbbbd0eb3ffe30140f78ff508f86.php 第 128 行.
NOTIC: [8] Use of undefined constant 是 - assumed '是' E:\www\shopping-system\Application\Runtime\Cache\Admin\3268fbbbd0eb3ffe30140f78ff508f86.php 第 129 行.
NOTIC: [2] Illegal string offset 'cat_id' E:\www\shopping-system\Application\Runtime\Cache\Admin\3268fbbbd0eb3ffe30140f78ff508f86.php 第 286 行.
NOTIC: [2] Illegal string offset 'brand_id' E:\www\shopping-system\Application\Runtime\Cache\Admin\3268fbbbd0eb3ffe30140f78ff508f86.php 第 287 行.
NOTIC: [2] Illegal string offset 'intro_type' E:\www\shopping-system\Application\Runtime\Cache\Admin\3268fbbbd0eb3ffe30140f78ff508f86.php 第 288 行.
NOTIC: [2] Illegal string offset 'is_on_sale' E:\www\shopping-system\Application\Runtime\Cache\Admin\3268fbbbd0eb3ffe30140f78ff508f86.php 第 289 行.
NOTIC: [2] Illegal string offset 'price_low' E:\www\shopping-system\Application\Runtime\Cache\Admin\3268fbbbd0eb3ffe30140f78ff508f86.php 第 290 行.
NOTIC: [2] Illegal string offset 'price_up' E:\www\shopping-system\Application\Runtime\Cache\Admin\3268fbbbd0eb3ffe30140f78ff508f86.php 第 291 行.
NOTIC: [2] Illegal string offset 'time_start' E:\www\shopping-system\Application\Runtime\Cache\Admin\3268fbbbd0eb3ffe30140f78ff508f86.php 第 292 行.
NOTIC: [2] Illegal string offset 'time_end' E:\www\shopping-system\Application\Runtime\Cache\Admin\3268fbbbd0eb3ffe30140f78ff508f86.php 第 293 行.
NOTIC: [2] Illegal string offset 'price_order' E:\www\shopping-system\Application\Runtime\Cache\Admin\3268fbbbd0eb3ffe30140f78ff508f86.php 第 294 行.
NOTIC: [2] Illegal string offset 'tar_page' E:\www\shopping-system\Application\Runtime\Cache\Admin\3268fbbbd0eb3ffe30140f78ff508f86.php 第 295 行.
INFO: Run Behavior\ParseTemplateBehavior [ RunTime:0.028590s ]
INFO: [ view_parse ] --END-- [ RunTime:0.028654s ]
INFO: [ view_filter ] --START--
INFO: Run Behavior\WriteHtmlCacheBehavior [ RunTime:0.000608s ]
INFO: [ view_filter ] --END-- [ RunTime:0.000658s ]
INFO: [ app_end ] --START--
INFO: Run Behavior\ShowPageTraceBehavior [ RunTime:0.001449s ]
INFO: [ app_end ] --END-- [ RunTime:0.001576s ]

[ 2017-06-02T22:21:18+08:00 ] 127.0.0.1 /Admin/Category/categoryList.html
INFO: [ app_init ] --START--
INFO: Run Behavior\BuildLiteBehavior [ RunTime:0.000017s ]
INFO: [ app_init ] --END-- [ RunTime:0.000549s ]
INFO: [ app_begin ] --START--
INFO: Run Behavior\ReadHtmlCacheBehavior [ RunTime:0.000680s ]
INFO: [ app_begin ] --END-- [ RunTime:0.000739s ]
SQL: SHOW COLUMNS FROM `ss_category` [ RunTime:0.0034s ]
SQL: SELECT * FROM `ss_category`  [ RunTime:0.0005s ]
INFO: [ view_parse ] --START--
INFO: [ template_filter ] --START--
INFO: Run Behavior\ContentReplaceBehavior [ RunTime:0.000092s ]
INFO: [ template_filter ] --END-- [ RunTime:0.000158s ]
NOTIC: [8] Use of undefined constant 是 - assumed '是' E:\www\shopping-system\Application\Runtime\Cache\Admin\c632d2e49df9ad5c68635901312e5643.php 第 36 行.
NOTIC: [8] Use of undefined constant 是 - assumed '是' E:\www\shopping-system\Application\Runtime\Cache\Admin\c632d2e49df9ad5c68635901312e5643.php 第 37 行.
NOTIC: [8] Use of undefined constant 是 - assumed '是' E:\www\shopping-system\Application\Runtime\Cache\Admin\c632d2e49df9ad5c68635901312e5643.php 第 36 行.
NOTIC: [8] Use of undefined constant 是 - assumed '是' E:\www\shopping-system\Application\Runtime\Cache\Admin\c632d2e49df9ad5c68635901312e5643.php 第 37 行.
NOTIC: [8] Use of undefined constant 是 - assumed '是' E:\www\shopping-system\Application\Runtime\Cache\Admin\c632d2e49df9ad5c68635901312e5643.php 第 36 行.
NOTIC: [8] Use of undefined constant 是 - assumed '是' E:\www\shopping-system\Application\Runtime\Cache\Admin\c632d2e49df9ad5c68635901312e5643.php 第 37 行.
NOTIC: [8] Use of undefined constant 是 - assumed '是' E:\www\shopping-system\Application\Runtime\Cache\Admin\c632d2e49df9ad5c68635901312e5643.php 第 36 行.
NOTIC: [8] Use of undefined constant 是 - assumed '是' E:\www\shopping-system\Application\Runtime\Cache\Admin\c632d2e49df9ad5c68635901312e5643.php 第 37 行.
NOTIC: [8] Use of undefined constant 是 - assumed '是' E:\www\shopping-system\Application\Runtime\Cache\Admin\c632d2e49df9ad5c68635901312e5643.php 第 36 行.
NOTIC: [8] Use of undefined constant 是 - assumed '是' E:\www\shopping-system\Application\Runtime\Cache\Admin\c632d2e49df9ad5c68635901312e5643.php 第 37 行.
NOTIC: [8] Use of undefined constant 是 - assumed '是' E:\www\shopping-system\Application\Runtime\Cache\Admin\c632d2e49df9ad5c68635901312e5643.php 第 36 行.
NOTIC: [8] Use of undefined constant 是 - assumed '是' E:\www\shopping-system\Application\Runtime\Cache\Admin\c632d2e49df9ad5c68635901312e5643.php 第 37 行.
NOTIC: [8] Use of undefined constant 是 - assumed '是' E:\www\shopping-system\Application\Runtime\Cache\Admin\c632d2e49df9ad5c68635901312e5643.php 第 36 行.
NOTIC: [8] Use of undefined constant 是 - assumed '是' E:\www\shopping-system\Application\Runtime\Cache\Admin\c632d2e49df9ad5c68635901312e5643.php 第 37 行.
NOTIC: [8] Use of undefined constant 是 - assumed '是' E:\www\shopping-system\Application\Runtime\Cache\Admin\c632d2e49df9ad5c68635901312e5643.php 第 36 行.
NOTIC: [8] Use of undefined constant 是 - assumed '是' E:\www\shopping-system\Application\Runtime\Cache\Admin\c632d2e49df9ad5c68635901312e5643.php 第 37 行.
NOTIC: [8] Use of undefined constant 是 - assumed '是' E:\www\shopping-system\Application\Runtime\Cache\Admin\c632d2e49df9ad5c68635901312e5643.php 第 36 行.
NOTIC: [8] Use of undefined constant 是 - assumed '是' E:\www\shopping-system\Application\Runtime\Cache\Admin\c632d2e49df9ad5c68635901312e5643.php 第 37 行.
NOTIC: [8] Use of undefined constant 是 - assumed '是' E:\www\shopping-system\Application\Runtime\Cache\Admin\c632d2e49df9ad5c68635901312e5643.php 第 36 行.
NOTIC: [8] Use of undefined constant 是 - assumed '是' E:\www\shopping-system\Application\Runtime\Cache\Admin\c632d2e49df9ad5c68635901312e5643.php 第 37 行.
NOTIC: [8] Use of undefined constant 是 - assumed '是' E:\www\shopping-system\Application\Runtime\Cache\Admin\c632d2e49df9ad5c68635901312e5643.php 第 36 行.
NOTIC: [8] Use of undefined constant 是 - assumed '是' E:\www\shopping-system\Application\Runtime\Cache\Admin\c632d2e49df9ad5c68635901312e5643.php 第 37 行.
NOTIC: [8] Use of undefined constant 是 - assumed '是' E:\www\shopping-system\Application\Runtime\Cache\Admin\c632d2e49df9ad5c68635901312e5643.php 第 36 行.
NOTIC: [8] Use of undefined constant 是 - assumed '是' E:\www\shopping-system\Application\Runtime\Cache\Admin\c632d2e49df9ad5c68635901312e5643.php 第 37 行.
NOTIC: [8] Use of undefined constant 是 - assumed '是' E:\www\shopping-system\Application\Runtime\Cache\Admin\c632d2e49df9ad5c68635901312e5643.php 第 36 行.
NOTIC: [8] Use of undefined constant 是 - assumed '是' E:\www\shopping-system\Application\Runtime\Cache\Admin\c632d2e49df9ad5c68635901312e5643.php 第 37 行.
NOTIC: [8] Use of undefined constant 是 - assumed '是' E:\www\shopping-system\Application\Runtime\Cache\Admin\c632d2e49df9ad5c68635901312e5643.php 第 36 行.
NOTIC: [8] Use of undefined constant 是 - assumed '是' E:\www\shopping-system\Application\Runtime\Cache\Admin\c632d2e49df9ad5c68635901312e5643.php 第 37 行.
NOTIC: [8] Use of undefined constant 是 - assumed '是' E:\www\shopping-system\Application\Runtime\Cache\Admin\c632d2e49df9ad5c68635901312e5643.php 第 36 行.
NOTIC: [8] Use of undefined constant 是 - assumed '是' E:\www\shopping-system\Application\Runtime\Cache\Admin\c632d2e49df9ad5c68635901312e5643.php 第 37 行.
NOTIC: [8] Use of undefined constant 是 - assumed '是' E:\www\shopping-system\Application\Runtime\Cache\Admin\c632d2e49df9ad5c68635901312e5643.php 第 36 行.
NOTIC: [8] Use of undefined constant 是 - assumed '是' E:\www\shopping-system\Application\Runtime\Cache\Admin\c632d2e49df9ad5c68635901312e5643.php 第 37 行.
NOTIC: [8] Use of undefined constant 是 - assumed '是' E:\www\shopping-system\Application\Runtime\Cache\Admin\c632d2e49df9ad5c68635901312e5643.php 第 36 行.
NOTIC: [8] Use of undefined constant 是 - assumed '是' E:\www\shopping-system\Application\Runtime\Cache\Admin\c632d2e49df9ad5c68635901312e5643.php 第 37 行.
NOTIC: [8] Use of undefined constant 是 - assumed '是' E:\www\shopping-system\Application\Runtime\Cache\Admin\c632d2e49df9ad5c68635901312e5643.php 第 36 行.
NOTIC: [8] Use of undefined constant 是 - assumed '是' E:\www\shopping-system\Application\Runtime\Cache\Admin\c632d2e49df9ad5c68635901312e5643.php 第 37 行.
NOTIC: [8] Use of undefined constant 是 - assumed '是' E:\www\shopping-system\Application\Runtime\Cache\Admin\c632d2e49df9ad5c68635901312e5643.php 第 36 行.
NOTIC: [8] Use of undefined constant 是 - assumed '是' E:\www\shopping-system\Application\Runtime\Cache\Admin\c632d2e49df9ad5c68635901312e5643.php 第 37 行.
NOTIC: [8] Use of undefined constant 是 - assumed '是' E:\www\shopping-system\Application\Runtime\Cache\Admin\c632d2e49df9ad5c68635901312e5643.php 第 36 行.
NOTIC: [8] Use of undefined constant 是 - assumed '是' E:\www\shopping-system\Application\Runtime\Cache\Admin\c632d2e49df9ad5c68635901312e5643.php 第 37 行.
NOTIC: [8] Use of undefined constant 是 - assumed '是' E:\www\shopping-system\Application\Runtime\Cache\Admin\c632d2e49df9ad5c68635901312e5643.php 第 36 行.
NOTIC: [8] Use of undefined constant 是 - assumed '是' E:\www\shopping-system\Application\Runtime\Cache\Admin\c632d2e49df9ad5c68635901312e5643.php 第 37 行.
NOTIC: [8] Use of undefined constant 是 - assumed '是' E:\www\shopping-system\Application\Runtime\Cache\Admin\c632d2e49df9ad5c68635901312e5643.php 第 36 行.
NOTIC: [8] Use of undefined constant 是 - assumed '是' E:\www\shopping-system\Application\Runtime\Cache\Admin\c632d2e49df9ad5c68635901312e5643.php 第 37 行.
NOTIC: [8] Use of undefined constant 是 - assumed '是' E:\www\shopping-system\Application\Runtime\Cache\Admin\c632d2e49df9ad5c68635901312e5643.php 第 36 行.
NOTIC: [8] Use of undefined constant 是 - assumed '是' E:\www\shopping-system\Application\Runtime\Cache\Admin\c632d2e49df9ad5c68635901312e5643.php 第 37 行.
NOTIC: [8] Use of undefined constant 是 - assumed '是' E:\www\shopping-system\Application\Runtime\Cache\Admin\c632d2e49df9ad5c68635901312e5643.php 第 36 行.
NOTIC: [8] Use of undefined constant 是 - assumed '是' E:\www\shopping-system\Application\Runtime\Cache\Admin\c632d2e49df9ad5c68635901312e5643.php 第 37 行.
NOTIC: [8] Use of undefined constant 是 - assumed '是' E:\www\shopping-system\Application\Runtime\Cache\Admin\c632d2e49df9ad5c68635901312e5643.php 第 36 行.
NOTIC: [8] Use of undefined constant 是 - assumed '是' E:\www\shopping-system\Application\Runtime\Cache\Admin\c632d2e49df9ad5c68635901312e5643.php 第 37 行.
INFO: Run Behavior\ParseTemplateBehavior [ RunTime:0.010435s ]
INFO: [ view_parse ] --END-- [ RunTime:0.010498s ]
INFO: [ view_filter ] --START--
INFO: Run Behavior\WriteHtmlCacheBehavior [ RunTime:0.000448s ]
INFO: [ view_filter ] --END-- [ RunTime:0.000498s ]
INFO: [ app_end ] --START--
INFO: Run Behavior\ShowPageTraceBehavior [ RunTime:0.000845s ]
INFO: [ app_end ] --END-- [ RunTime:0.000913s ]

[ 2017-06-02T22:21:22+08:00 ] 127.0.0.1 /Admin/Goods/goodsList.html
INFO: [ app_init ] --START--
INFO: Run Behavior\BuildLiteBehavior [ RunTime:0.000017s ]
INFO: [ app_init ] --END-- [ RunTime:0.000547s ]
INFO: [ app_begin ] --START--
INFO: Run Behavior\ReadHtmlCacheBehavior [ RunTime:0.000656s ]
INFO: [ app_begin ] --END-- [ RunTime:0.000722s ]
NOTIC: [2048] Declaration of Admin\Model\GoodsModel::_after_delete() should be compatible with Think\Model::_after_delete($data, $options) E:\www\shopping-system\Application\Admin\Model\GoodsModel.class.php 第 7 行.
SQL: SHOW COLUMNS FROM `ss_goods` [ RunTime:0.0039s ]
SQL: SHOW COLUMNS FROM `ss_category` [ RunTime:0.0035s ]
SQL: SELECT * FROM `ss_category` WHERE ( is_show='是' )  [ RunTime:0.0005s ]
SQL: SELECT COUNT(DISTINCT g.id) AS tp_count FROM ss_goods g left join ss_brand as b on g.brand_id = b.id 
			left join ss_category as c on g.cat_id = c.id 
			left join ss_goods_cat as gc on g.id = gc.goods_id 
			left join ss_category as cc on gc.cat_id = cc.id  WHERE `is_delete` = '否' LIMIT 1   [ RunTime:0.0006s ]
NOTIC: [4096] Argument 1 passed to Think\Fenye::getPageNumber() must be an instance of Think\int, string given, called in E:\www\shopping-system\Application\Admin\Model\GoodsModel.class.php on line 397 and defined E:\www\shopping-system\ThinkPHP\Library\Think\Fenye.class.php 第 13 行.
NOTIC: [4096] Argument 2 passed to Think\Fenye::getPageNumber() must be an instance of Think\int, integer given, called in E:\www\shopping-system\Application\Admin\Model\GoodsModel.class.php on line 397 and defined E:\www\shopping-system\ThinkPHP\Library\Think\Fenye.class.php 第 13 行.
NOTIC: [4096] Argument 3 passed to Think\Fenye::getPageNumber() must be an instance of Think\int, integer given, called in E:\www\shopping-system\Application\Admin\Model\GoodsModel.class.php on line 397 and defined E:\www\shopping-system\ThinkPHP\Library\Think\Fenye.class.php 第 13 行.
SQL: SELECT g.*,b.brand_name,c.cat_name,GROUP_CONCAT(cc.cat_name separator ' | ') as ext_cat_name FROM ss_goods g left join ss_brand as b on g.brand_id = b.id 
			left join ss_category as c on g.cat_id = c.id 
			left join ss_goods_cat as gc on g.id = gc.goods_id 
			left join ss_category as cc on gc.cat_id = cc.id  WHERE `is_delete` = '否' GROUP BY g.id LIMIT 0,5   [ RunTime:0.0009s ]
NOTIC: [2048] Declaration of Admin\Model\BrandModel::_after_delete() should be compatible with Think\Model::_after_delete($data, $options) E:\www\shopping-system\Application\Admin\Model\BrandModel.class.php 第 162 行.
SQL: SHOW COLUMNS FROM `ss_brand` [ RunTime:0.0034s ]
SQL: SELECT * FROM `ss_brand` WHERE ( is_show='是' )  [ RunTime:0.0004s ]
INFO: [ view_parse ] --START--
INFO: [ template_filter ] --START--
INFO: Run Behavior\ContentReplaceBehavior [ RunTime:0.000334s ]
INFO: [ template_filter ] --END-- [ RunTime:0.000402s ]
NOTIC: [8] Use of undefined constant 是 - assumed '是' E:\www\shopping-system\Application\Runtime\Cache\Admin\3268fbbbd0eb3ffe30140f78ff508f86.php 第 126 行.
NOTIC: [8] Use of undefined constant 是 - assumed '是' E:\www\shopping-system\Application\Runtime\Cache\Admin\3268fbbbd0eb3ffe30140f78ff508f86.php 第 127 行.
NOTIC: [8] Use of undefined constant 是 - assumed '是' E:\www\shopping-system\Application\Runtime\Cache\Admin\3268fbbbd0eb3ffe30140f78ff508f86.php 第 128 行.
NOTIC: [8] Use of undefined constant 是 - assumed '是' E:\www\shopping-system\Application\Runtime\Cache\Admin\3268fbbbd0eb3ffe30140f78ff508f86.php 第 129 行.
NOTIC: [8] Use of undefined constant 是 - assumed '是' E:\www\shopping-system\Application\Runtime\Cache\Admin\3268fbbbd0eb3ffe30140f78ff508f86.php 第 126 行.
NOTIC: [8] Use of undefined constant 是 - assumed '是' E:\www\shopping-system\Application\Runtime\Cache\Admin\3268fbbbd0eb3ffe30140f78ff508f86.php 第 127 行.
NOTIC: [8] Use of undefined constant 是 - assumed '是' E:\www\shopping-system\Application\Runtime\Cache\Admin\3268fbbbd0eb3ffe30140f78ff508f86.php 第 128 行.
NOTIC: [8] Use of undefined constant 是 - assumed '是' E:\www\shopping-system\Application\Runtime\Cache\Admin\3268fbbbd0eb3ffe30140f78ff508f86.php 第 129 行.
NOTIC: [8] Use of undefined constant 是 - assumed '是' E:\www\shopping-system\Application\Runtime\Cache\Admin\3268fbbbd0eb3ffe30140f78ff508f86.php 第 126 行.
NOTIC: [8] Use of undefined constant 是 - assumed '是' E:\www\shopping-system\Application\Runtime\Cache\Admin\3268fbbbd0eb3ffe30140f78ff508f86.php 第 127 行.
NOTIC: [8] Use of undefined constant 是 - assumed '是' E:\www\shopping-system\Application\Runtime\Cache\Admin\3268fbbbd0eb3ffe30140f78ff508f86.php 第 128 行.
NOTIC: [8] Use of undefined constant 是 - assumed '是' E:\www\shopping-system\Application\Runtime\Cache\Admin\3268fbbbd0eb3ffe30140f78ff508f86.php 第 129 行.
NOTIC: [8] Use of undefined constant 是 - assumed '是' E:\www\shopping-system\Application\Runtime\Cache\Admin\3268fbbbd0eb3ffe30140f78ff508f86.php 第 126 行.
NOTIC: [8] Use of undefined constant 是 - assumed '是' E:\www\shopping-system\Application\Runtime\Cache\Admin\3268fbbbd0eb3ffe30140f78ff508f86.php 第 127 行.
NOTIC: [8] Use of undefined constant 是 - assumed '是' E:\www\shopping-system\Application\Runtime\Cache\Admin\3268fbbbd0eb3ffe30140f78ff508f86.php 第 128 行.
NOTIC: [8] Use of undefined constant 是 - assumed '是' E:\www\shopping-system\Application\Runtime\Cache\Admin\3268fbbbd0eb3ffe30140f78ff508f86.php 第 129 行.
NOTIC: [8] Use of undefined constant 是 - assumed '是' E:\www\shopping-system\Application\Runtime\Cache\Admin\3268fbbbd0eb3ffe30140f78ff508f86.php 第 126 行.
NOTIC: [8] Use of undefined constant 是 - assumed '是' E:\www\shopping-system\Application\Runtime\Cache\Admin\3268fbbbd0eb3ffe30140f78ff508f86.php 第 127 行.
NOTIC: [8] Use of undefined constant 是 - assumed '是' E:\www\shopping-system\Application\Runtime\Cache\Admin\3268fbbbd0eb3ffe30140f78ff508f86.php 第 128 行.
NOTIC: [8] Use of undefined constant 是 - assumed '是' E:\www\shopping-system\Application\Runtime\Cache\Admin\3268fbbbd0eb3ffe30140f78ff508f86.php 第 129 行.
NOTIC: [2] Illegal string offset 'cat_id' E:\www\shopping-system\Application\Runtime\Cache\Admin\3268fbbbd0eb3ffe30140f78ff508f86.php 第 286 行.
NOTIC: [2] Illegal string offset 'brand_id' E:\www\shopping-system\Application\Runtime\Cache\Admin\3268fbbbd0eb3ffe30140f78ff508f86.php 第 287 行.
NOTIC: [2] Illegal string offset 'intro_type' E:\www\shopping-system\Application\Runtime\Cache\Admin\3268fbbbd0eb3ffe30140f78ff508f86.php 第 288 行.
NOTIC: [2] Illegal string offset 'is_on_sale' E:\www\shopping-system\Application\Runtime\Cache\Admin\3268fbbbd0eb3ffe30140f78ff508f86.php 第 289 行.
NOTIC: [2] Illegal string offset 'price_low' E:\www\shopping-system\Application\Runtime\Cache\Admin\3268fbbbd0eb3ffe30140f78ff508f86.php 第 290 行.
NOTIC: [2] Illegal string offset 'price_up' E:\www\shopping-system\Application\Runtime\Cache\Admin\3268fbbbd0eb3ffe30140f78ff508f86.php 第 291 行.
NOTIC: [2] Illegal string offset 'time_start' E:\www\shopping-system\Application\Runtime\Cache\Admin\3268fbbbd0eb3ffe30140f78ff508f86.php 第 292 行.
NOTIC: [2] Illegal string offset 'time_end' E:\www\shopping-system\Application\Runtime\Cache\Admin\3268fbbbd0eb3ffe30140f78ff508f86.php 第 293 行.
NOTIC: [2] Illegal string offset 'price_order' E:\www\shopping-system\Application\Runtime\Cache\Admin\3268fbbbd0eb3ffe30140f78ff508f86.php 第 294 行.
NOTIC: [2] Illegal string offset 'tar_page' E:\www\shopping-system\Application\Runtime\Cache\Admin\3268fbbbd0eb3ffe30140f78ff508f86.php 第 295 行.
INFO: Run Behavior\ParseTemplateBehavior [ RunTime:0.017411s ]
INFO: [ view_parse ] --END-- [ RunTime:0.017480s ]
INFO: [ view_filter ] --START--
INFO: Run Behavior\WriteHtmlCacheBehavior [ RunTime:0.000580s ]
INFO: [ view_filter ] --END-- [ RunTime:0.000634s ]
INFO: [ app_end ] --START--
INFO: Run Behavior\ShowPageTraceBehavior [ RunTime:0.000797s ]
INFO: [ app_end ] --END-- [ RunTime:0.000876s ]

[ 2017-06-02T22:21:23+08:00 ] 127.0.0.1 /Admin/Goods/goodsList/tar_page/1/cat_id/1/brand_id/0/intro_type/is_all/rowsNum/5/is_on_sale/is_all/price_order/price_natural
INFO: [ app_init ] --START--
INFO: Run Behavior\BuildLiteBehavior [ RunTime:0.000030s ]
INFO: [ app_init ] --END-- [ RunTime:0.000904s ]
INFO: [ app_begin ] --START--
INFO: Run Behavior\ReadHtmlCacheBehavior [ RunTime:0.001151s ]
INFO: [ app_begin ] --END-- [ RunTime:0.001272s ]
NOTIC: [2048] Declaration of Admin\Model\GoodsModel::_after_delete() should be compatible with Think\Model::_after_delete($data, $options) E:\www\shopping-system\Application\Admin\Model\GoodsModel.class.php 第 7 行.
SQL: SHOW COLUMNS FROM `ss_goods` [ RunTime:0.0062s ]
SQL: SHOW COLUMNS FROM `ss_category` [ RunTime:0.0049s ]
SQL: SELECT * FROM `ss_category` WHERE ( is_show='是' )  [ RunTime:0.0007s ]
SQL: SELECT `id` FROM `ss_goods` WHERE `cat_id` IN ('16','22','17','18','19','20','1')  [ RunTime:0.0044s ]
SQL: SHOW COLUMNS FROM `ss_goods_cat` [ RunTime:0.0038s ]
SQL: SELECT DISTINCT goods_id as id FROM `ss_goods_cat` WHERE `cat_id` IN ('16','22','17','18','19','20','1')  [ RunTime:0.0010s ]
NOTIC: [8] Undefined variable: id E:\www\shopping-system\Application\Admin\Controller\GoodsController.class.php 第 30 行.
NOTIC: [2] in_array() expects parameter 2 to be array, null given E:\www\shopping-system\Application\Admin\Controller\GoodsController.class.php 第 30 行.
NOTIC: [8] Undefined variable: id E:\www\shopping-system\Application\Admin\Controller\GoodsController.class.php 第 30 行.
NOTIC: [2] in_array() expects parameter 2 to be array, null given E:\www\shopping-system\Application\Admin\Controller\GoodsController.class.php 第 30 行.
NOTIC: [8] Undefined variable: id E:\www\shopping-system\Application\Admin\Controller\GoodsController.class.php 第 30 行.
NOTIC: [2] in_array() expects parameter 2 to be array, null given E:\www\shopping-system\Application\Admin\Controller\GoodsController.class.php 第 30 行.
NOTIC: [8] Undefined variable: id E:\www\shopping-system\Application\Admin\Controller\GoodsController.class.php 第 30 行.
NOTIC: [2] in_array() expects parameter 2 to be array, null given E:\www\shopping-system\Application\Admin\Controller\GoodsController.class.php 第 30 行.
NOTIC: [8] Undefined variable: id E:\www\shopping-system\Application\Admin\Controller\GoodsController.class.php 第 30 行.
NOTIC: [2] in_array() expects parameter 2 to be array, null given E:\www\shopping-system\Application\Admin\Controller\GoodsController.class.php 第 30 行.
NOTIC: [8] Undefined variable: id E:\www\shopping-system\Application\Admin\Controller\GoodsController.class.php 第 30 行.
NOTIC: [2] in_array() expects parameter 2 to be array, null given E:\www\shopping-system\Application\Admin\Controller\GoodsController.class.php 第 30 行.
NOTIC: [8] Undefined variable: id E:\www\shopping-system\Application\Admin\Controller\GoodsController.class.php 第 30 行.
NOTIC: [2] in_array() expects parameter 2 to be array, null given E:\www\shopping-system\Application\Admin\Controller\GoodsController.class.php 第 30 行.
NOTIC: [8] Undefined variable: id E:\www\shopping-system\Application\Admin\Controller\GoodsController.class.php 第 30 行.
NOTIC: [2] in_array() expects parameter 2 to be array, null given E:\www\shopping-system\Application\Admin\Controller\GoodsController.class.php 第 30 行.
NOTIC: [8] Undefined variable: id E:\www\shopping-system\Application\Admin\Controller\GoodsController.class.php 第 30 行.
NOTIC: [2] in_array() expects parameter 2 to be array, null given E:\www\shopping-system\Application\Admin\Controller\GoodsController.class.php 第 30 行.
NOTIC: [8] Undefined variable: id E:\www\shopping-system\Application\Admin\Controller\GoodsController.class.php 第 30 行.
NOTIC: [2] in_array() expects parameter 2 to be array, null given E:\www\shopping-system\Application\Admin\Controller\GoodsController.class.php 第 30 行.
NOTIC: [8] Undefined variable: id E:\www\shopping-system\Application\Admin\Controller\GoodsController.class.php 第 30 行.
NOTIC: [2] in_array() expects parameter 2 to be array, null given E:\www\shopping-system\Application\Admin\Controller\GoodsController.class.php 第 30 行.
NOTIC: [8] Undefined variable: id E:\www\shopping-system\Application\Admin\Controller\GoodsController.class.php 第 30 行.
NOTIC: [2] in_array() expects parameter 2 to be array, null given E:\www\shopping-system\Application\Admin\Controller\GoodsController.class.php 第 30 行.
NOTIC: [8] Undefined variable: id E:\www\shopping-system\Application\Admin\Controller\GoodsController.class.php 第 30 行.
NOTIC: [2] in_array() expects parameter 2 to be array, null given E:\www\shopping-system\Application\Admin\Controller\GoodsController.class.php 第 30 行.
NOTIC: [8] Undefined variable: id E:\www\shopping-system\Application\Admin\Controller\GoodsController.class.php 第 30 行.
NOTIC: [2] in_array() expects parameter 2 to be array, null given E:\www\shopping-system\Application\Admin\Controller\GoodsController.class.php 第 30 行.
NOTIC: [8] Undefined variable: id E:\www\shopping-system\Application\Admin\Controller\GoodsController.class.php 第 30 行.
NOTIC: [2] in_array() expects parameter 2 to be array, null given E:\www\shopping-system\Application\Admin\Controller\GoodsController.class.php 第 30 行.
NOTIC: [8] Undefined variable: order E:\www\shopping-system\Application\Admin\Controller\GoodsController.class.php 第 82 行.
SQL: SELECT COUNT(DISTINCT g.id) AS tp_count FROM ss_goods g left join ss_brand as b on g.brand_id = b.id 
			left join ss_category as c on g.cat_id = c.id 
			left join ss_goods_cat as gc on g.id = gc.goods_id 
			left join ss_category as cc on gc.cat_id = cc.id  WHERE g.id IN ('65','78','4','6','7','58','71','100','88','62','59','2','4','6','105') AND `is_delete` = '否' LIMIT 1   [ RunTime:0.0010s ]
NOTIC: [4096] Argument 1 passed to Think\Fenye::getPageNumber() must be an instance of Think\int, string given, called in E:\www\shopping-system\Application\Admin\Model\GoodsModel.class.php on line 397 and defined E:\www\shopping-system\ThinkPHP\Library\Think\Fenye.class.php 第 13 行.
NOTIC: [4096] Argument 2 passed to Think\Fenye::getPageNumber() must be an instance of Think\int, string given, called in E:\www\shopping-system\Application\Admin\Model\GoodsModel.class.php on line 397 and defined E:\www\shopping-system\ThinkPHP\Library\Think\Fenye.class.php 第 13 行.
NOTIC: [4096] Argument 3 passed to Think\Fenye::getPageNumber() must be an instance of Think\int, string given, called in E:\www\shopping-system\Application\Admin\Model\GoodsModel.class.php on line 397 and defined E:\www\shopping-system\ThinkPHP\Library\Think\Fenye.class.php 第 13 行.
SQL: SELECT g.*,b.brand_name,c.cat_name,GROUP_CONCAT(cc.cat_name separator ' | ') as ext_cat_name FROM ss_goods g left join ss_brand as b on g.brand_id = b.id 
			left join ss_category as c on g.cat_id = c.id 
			left join ss_goods_cat as gc on g.id = gc.goods_id 
			left join ss_category as cc on gc.cat_id = cc.id  WHERE g.id IN ('65','78','4','6','7','58','71','100','88','62','59','2','4','6','105') AND `is_delete` = '否' GROUP BY g.id LIMIT 0,5   [ RunTime:0.0017s ]
NOTIC: [8] Undefined variable: order E:\www\shopping-system\Application\Admin\Controller\GoodsController.class.php 第 84 行.
INFO: [ app_end ] --START--
INFO: Run Behavior\ShowPageTraceBehavior [ RunTime:0.002561s ]
INFO: [ app_end ] --END-- [ RunTime:0.002683s ]

[ 2017-06-02T22:21:24+08:00 ] 127.0.0.1 /Admin/Goods/goodsList/tar_page/1/cat_id/22/brand_id/0/intro_type/is_all/rowsNum/5/is_on_sale/is_all/price_order/price_natural
INFO: [ app_init ] --START--
INFO: Run Behavior\BuildLiteBehavior [ RunTime:0.000030s ]
INFO: [ app_init ] --END-- [ RunTime:0.000931s ]
INFO: [ app_begin ] --START--
INFO: Run Behavior\ReadHtmlCacheBehavior [ RunTime:0.000808s ]
INFO: [ app_begin ] --END-- [ RunTime:0.000887s ]
NOTIC: [2048] Declaration of Admin\Model\GoodsModel::_after_delete() should be compatible with Think\Model::_after_delete($data, $options) E:\www\shopping-system\Application\Admin\Model\GoodsModel.class.php 第 7 行.
SQL: SHOW COLUMNS FROM `ss_goods` [ RunTime:0.0039s ]
SQL: SHOW COLUMNS FROM `ss_category` [ RunTime:0.0051s ]
SQL: SELECT * FROM `ss_category` WHERE ( is_show='是' )  [ RunTime:0.0005s ]
NOTIC: [2] Invalid argument supplied for foreach() E:\www\shopping-system\ThinkPHP\Library\Think\Level.class.php 第 49 行.
SQL: SELECT `id` FROM `ss_goods` WHERE `cat_id` IN ('22')  [ RunTime:0.0200s ]
SQL: SHOW COLUMNS FROM `ss_goods_cat` [ RunTime:0.0043s ]
SQL: SELECT DISTINCT goods_id as id FROM `ss_goods_cat` WHERE `cat_id` IN ('22')  [ RunTime:0.0093s ]
NOTIC: [8] Undefined variable: id E:\www\shopping-system\Application\Admin\Controller\GoodsController.class.php 第 30 行.
NOTIC: [2] in_array() expects parameter 2 to be array, null given E:\www\shopping-system\Application\Admin\Controller\GoodsController.class.php 第 30 行.
NOTIC: [8] Undefined variable: order E:\www\shopping-system\Application\Admin\Controller\GoodsController.class.php 第 82 行.
SQL: SELECT COUNT(DISTINCT g.id) AS tp_count FROM ss_goods g left join ss_brand as b on g.brand_id = b.id 
			left join ss_category as c on g.cat_id = c.id 
			left join ss_goods_cat as gc on g.id = gc.goods_id 
			left join ss_category as cc on gc.cat_id = cc.id  WHERE g.id IN ('59') AND `is_delete` = '否' LIMIT 1   [ RunTime:0.0006s ]
NOTIC: [4096] Argument 1 passed to Think\Fenye::getPageNumber() must be an instance of Think\int, string given, called in E:\www\shopping-system\Application\Admin\Model\GoodsModel.class.php on line 397 and defined E:\www\shopping-system\ThinkPHP\Library\Think\Fenye.class.php 第 13 行.
NOTIC: [4096] Argument 2 passed to Think\Fenye::getPageNumber() must be an instance of Think\int, string given, called in E:\www\shopping-system\Application\Admin\Model\GoodsModel.class.php on line 397 and defined E:\www\shopping-system\ThinkPHP\Library\Think\Fenye.class.php 第 13 行.
NOTIC: [4096] Argument 3 passed to Think\Fenye::getPageNumber() must be an instance of Think\int, string given, called in E:\www\shopping-system\Application\Admin\Model\GoodsModel.class.php on line 397 and defined E:\www\shopping-system\ThinkPHP\Library\Think\Fenye.class.php 第 13 行.
SQL: SELECT g.*,b.brand_name,c.cat_name,GROUP_CONCAT(cc.cat_name separator ' | ') as ext_cat_name FROM ss_goods g left join ss_brand as b on g.brand_id = b.id 
			left join ss_category as c on g.cat_id = c.id 
			left join ss_goods_cat as gc on g.id = gc.goods_id 
			left join ss_category as cc on gc.cat_id = cc.id  WHERE g.id IN ('59') AND `is_delete` = '否' GROUP BY g.id LIMIT 0,5   [ RunTime:0.0008s ]
NOTIC: [8] Undefined variable: order E:\www\shopping-system\Application\Admin\Controller\GoodsController.class.php 第 84 行.
INFO: [ app_end ] --START--
INFO: Run Behavior\ShowPageTraceBehavior [ RunTime:0.000788s ]
INFO: [ app_end ] --END-- [ RunTime:0.000847s ]

[ 2017-06-02T22:22:13+08:00 ] 127.0.0.1 /Admin/Category/categoryList.html
INFO: [ app_init ] --START--
INFO: Run Behavior\BuildLiteBehavior [ RunTime:0.000018s ]
INFO: [ app_init ] --END-- [ RunTime:0.000583s ]
INFO: [ app_begin ] --START--
INFO: Run Behavior\ReadHtmlCacheBehavior [ RunTime:0.000676s ]
INFO: [ app_begin ] --END-- [ RunTime:0.000743s ]
SQL: SHOW COLUMNS FROM `ss_category` [ RunTime:0.0049s ]
SQL: SELECT * FROM `ss_category`  [ RunTime:0.0006s ]
INFO: [ view_parse ] --START--
INFO: [ template_filter ] --START--
INFO: Run Behavior\ContentReplaceBehavior [ RunTime:0.000138s ]
INFO: [ template_filter ] --END-- [ RunTime:0.000242s ]
NOTIC: [8] Use of undefined constant 是 - assumed '是' E:\www\shopping-system\Application\Runtime\Cache\Admin\c632d2e49df9ad5c68635901312e5643.php 第 36 行.
NOTIC: [8] Use of undefined constant 是 - assumed '是' E:\www\shopping-system\Application\Runtime\Cache\Admin\c632d2e49df9ad5c68635901312e5643.php 第 37 行.
NOTIC: [8] Use of undefined constant 是 - assumed '是' E:\www\shopping-system\Application\Runtime\Cache\Admin\c632d2e49df9ad5c68635901312e5643.php 第 36 行.
NOTIC: [8] Use of undefined constant 是 - assumed '是' E:\www\shopping-system\Application\Runtime\Cache\Admin\c632d2e49df9ad5c68635901312e5643.php 第 37 行.
NOTIC: [8] Use of undefined constant 是 - assumed '是' E:\www\shopping-system\Application\Runtime\Cache\Admin\c632d2e49df9ad5c68635901312e5643.php 第 36 行.
NOTIC: [8] Use of undefined constant 是 - assumed '是' E:\www\shopping-system\Application\Runtime\Cache\Admin\c632d2e49df9ad5c68635901312e5643.php 第 37 行.
NOTIC: [8] Use of undefined constant 是 - assumed '是' E:\www\shopping-system\Application\Runtime\Cache\Admin\c632d2e49df9ad5c68635901312e5643.php 第 36 行.
NOTIC: [8] Use of undefined constant 是 - assumed '是' E:\www\shopping-system\Application\Runtime\Cache\Admin\c632d2e49df9ad5c68635901312e5643.php 第 37 行.
NOTIC: [8] Use of undefined constant 是 - assumed '是' E:\www\shopping-system\Application\Runtime\Cache\Admin\c632d2e49df9ad5c68635901312e5643.php 第 36 行.
NOTIC: [8] Use of undefined constant 是 - assumed '是' E:\www\shopping-system\Application\Runtime\Cache\Admin\c632d2e49df9ad5c68635901312e5643.php 第 37 行.
NOTIC: [8] Use of undefined constant 是 - assumed '是' E:\www\shopping-system\Application\Runtime\Cache\Admin\c632d2e49df9ad5c68635901312e5643.php 第 36 行.
NOTIC: [8] Use of undefined constant 是 - assumed '是' E:\www\shopping-system\Application\Runtime\Cache\Admin\c632d2e49df9ad5c68635901312e5643.php 第 37 行.
NOTIC: [8] Use of undefined constant 是 - assumed '是' E:\www\shopping-system\Application\Runtime\Cache\Admin\c632d2e49df9ad5c68635901312e5643.php 第 36 行.
NOTIC: [8] Use of undefined constant 是 - assumed '是' E:\www\shopping-system\Application\Runtime\Cache\Admin\c632d2e49df9ad5c68635901312e5643.php 第 37 行.
NOTIC: [8] Use of undefined constant 是 - assumed '是' E:\www\shopping-system\Application\Runtime\Cache\Admin\c632d2e49df9ad5c68635901312e5643.php 第 36 行.
NOTIC: [8] Use of undefined constant 是 - assumed '是' E:\www\shopping-system\Application\Runtime\Cache\Admin\c632d2e49df9ad5c68635901312e5643.php 第 37 行.
NOTIC: [8] Use of undefined constant 是 - assumed '是' E:\www\shopping-system\Application\Runtime\Cache\Admin\c632d2e49df9ad5c68635901312e5643.php 第 36 行.
NOTIC: [8] Use of undefined constant 是 - assumed '是' E:\www\shopping-system\Application\Runtime\Cache\Admin\c632d2e49df9ad5c68635901312e5643.php 第 37 行.
NOTIC: [8] Use of undefined constant 是 - assumed '是' E:\www\shopping-system\Application\Runtime\Cache\Admin\c632d2e49df9ad5c68635901312e5643.php 第 36 行.
NOTIC: [8] Use of undefined constant 是 - assumed '是' E:\www\shopping-system\Application\Runtime\Cache\Admin\c632d2e49df9ad5c68635901312e5643.php 第 37 行.
NOTIC: [8] Use of undefined constant 是 - assumed '是' E:\www\shopping-system\Application\Runtime\Cache\Admin\c632d2e49df9ad5c68635901312e5643.php 第 36 行.
NOTIC: [8] Use of undefined constant 是 - assumed '是' E:\www\shopping-system\Application\Runtime\Cache\Admin\c632d2e49df9ad5c68635901312e5643.php 第 37 行.
NOTIC: [8] Use of undefined constant 是 - assumed '是' E:\www\shopping-system\Application\Runtime\Cache\Admin\c632d2e49df9ad5c68635901312e5643.php 第 36 行.
NOTIC: [8] Use of undefined constant 是 - assumed '是' E:\www\shopping-system\Application\Runtime\Cache\Admin\c632d2e49df9ad5c68635901312e5643.php 第 37 行.
NOTIC: [8] Use of undefined constant 是 - assumed '是' E:\www\shopping-system\Application\Runtime\Cache\Admin\c632d2e49df9ad5c68635901312e5643.php 第 36 行.
NOTIC: [8] Use of undefined constant 是 - assumed '是' E:\www\shopping-system\Application\Runtime\Cache\Admin\c632d2e49df9ad5c68635901312e5643.php 第 37 行.
NOTIC: [8] Use of undefined constant 是 - assumed '是' E:\www\shopping-system\Application\Runtime\Cache\Admin\c632d2e49df9ad5c68635901312e5643.php 第 36 行.
NOTIC: [8] Use of undefined constant 是 - assumed '是' E:\www\shopping-system\Application\Runtime\Cache\Admin\c632d2e49df9ad5c68635901312e5643.php 第 37 行.
NOTIC: [8] Use of undefined constant 是 - assumed '是' E:\www\shopping-system\Application\Runtime\Cache\Admin\c632d2e49df9ad5c68635901312e5643.php 第 36 行.
NOTIC: [8] Use of undefined constant 是 - assumed '是' E:\www\shopping-system\Application\Runtime\Cache\Admin\c632d2e49df9ad5c68635901312e5643.php 第 37 行.
NOTIC: [8] Use of undefined constant 是 - assumed '是' E:\www\shopping-system\Application\Runtime\Cache\Admin\c632d2e49df9ad5c68635901312e5643.php 第 36 行.
NOTIC: [8] Use of undefined constant 是 - assumed '是' E:\www\shopping-system\Application\Runtime\Cache\Admin\c632d2e49df9ad5c68635901312e5643.php 第 37 行.
NOTIC: [8] Use of undefined constant 是 - assumed '是' E:\www\shopping-system\Application\Runtime\Cache\Admin\c632d2e49df9ad5c68635901312e5643.php 第 36 行.
NOTIC: [8] Use of undefined constant 是 - assumed '是' E:\www\shopping-system\Application\Runtime\Cache\Admin\c632d2e49df9ad5c68635901312e5643.php 第 37 行.
NOTIC: [8] Use of undefined constant 是 - assumed '是' E:\www\shopping-system\Application\Runtime\Cache\Admin\c632d2e49df9ad5c68635901312e5643.php 第 36 行.
NOTIC: [8] Use of undefined constant 是 - assumed '是' E:\www\shopping-system\Application\Runtime\Cache\Admin\c632d2e49df9ad5c68635901312e5643.php 第 37 行.
NOTIC: [8] Use of undefined constant 是 - assumed '是' E:\www\shopping-system\Application\Runtime\Cache\Admin\c632d2e49df9ad5c68635901312e5643.php 第 36 行.
NOTIC: [8] Use of undefined constant 是 - assumed '是' E:\www\shopping-system\Application\Runtime\Cache\Admin\c632d2e49df9ad5c68635901312e5643.php 第 37 行.
NOTIC: [8] Use of undefined constant 是 - assumed '是' E:\www\shopping-system\Application\Runtime\Cache\Admin\c632d2e49df9ad5c68635901312e5643.php 第 36 行.
NOTIC: [8] Use of undefined constant 是 - assumed '是' E:\www\shopping-system\Application\Runtime\Cache\Admin\c632d2e49df9ad5c68635901312e5643.php 第 37 行.
NOTIC: [8] Use of undefined constant 是 - assumed '是' E:\www\shopping-system\Application\Runtime\Cache\Admin\c632d2e49df9ad5c68635901312e5643.php 第 36 行.
NOTIC: [8] Use of undefined constant 是 - assumed '是' E:\www\shopping-system\Application\Runtime\Cache\Admin\c632d2e49df9ad5c68635901312e5643.php 第 37 行.
NOTIC: [8] Use of undefined constant 是 - assumed '是' E:\www\shopping-system\Application\Runtime\Cache\Admin\c632d2e49df9ad5c68635901312e5643.php 第 36 行.
NOTIC: [8] Use of undefined constant 是 - assumed '是' E:\www\shopping-system\Application\Runtime\Cache\Admin\c632d2e49df9ad5c68635901312e5643.php 第 37 行.
NOTIC: [8] Use of undefined constant 是 - assumed '是' E:\www\shopping-system\Application\Runtime\Cache\Admin\c632d2e49df9ad5c68635901312e5643.php 第 36 行.
NOTIC: [8] Use of undefined constant 是 - assumed '是' E:\www\shopping-system\Application\Runtime\Cache\Admin\c632d2e49df9ad5c68635901312e5643.php 第 37 行.
NOTIC: [8] Use of undefined constant 是 - assumed '是' E:\www\shopping-system\Application\Runtime\Cache\Admin\c632d2e49df9ad5c68635901312e5643.php 第 36 行.
NOTIC: [8] Use of undefined constant 是 - assumed '是' E:\www\shopping-system\Application\Runtime\Cache\Admin\c632d2e49df9ad5c68635901312e5643.php 第 37 行.
NOTIC: [8] Use of undefined constant 是 - assumed '是' E:\www\shopping-system\Application\Runtime\Cache\Admin\c632d2e49df9ad5c68635901312e5643.php 第 36 行.
NOTIC: [8] Use of undefined constant 是 - assumed '是' E:\www\shopping-system\Application\Runtime\Cache\Admin\c632d2e49df9ad5c68635901312e5643.php 第 37 行.
INFO: Run Behavior\ParseTemplateBehavior [ RunTime:0.014531s ]
INFO: [ view_parse ] --END-- [ RunTime:0.014620s ]
INFO: [ view_filter ] --START--
INFO: Run Behavior\WriteHtmlCacheBehavior [ RunTime:0.000722s ]
INFO: [ view_filter ] --END-- [ RunTime:0.000805s ]
INFO: [ app_end ] --START--
INFO: Run Behavior\ShowPageTraceBehavior [ RunTime:0.001065s ]
INFO: [ app_end ] --END-- [ RunTime:0.001173s ]

[ 2017-06-02T22:22:14+08:00 ] 127.0.0.1 /Admin/Goods/goodsAdd.html
INFO: [ app_init ] --START--
INFO: Run Behavior\BuildLiteBehavior [ RunTime:0.000016s ]
INFO: [ app_init ] --END-- [ RunTime:0.000515s ]
INFO: [ app_begin ] --START--
INFO: Run Behavior\ReadHtmlCacheBehavior [ RunTime:0.000643s ]
INFO: [ app_begin ] --END-- [ RunTime:0.000705s ]
SQL: SHOW COLUMNS FROM `ss_category` [ RunTime:0.0037s ]
SQL: SELECT * FROM `ss_category` WHERE ( is_show='是' )  [ RunTime:0.0007s ]
NOTIC: [2048] Declaration of Admin\Model\BrandModel::_after_delete() should be compatible with Think\Model::_after_delete($data, $options) E:\www\shopping-system\Application\Admin\Model\BrandModel.class.php 第 162 行.
SQL: SHOW COLUMNS FROM `ss_brand` [ RunTime:0.0035s ]
SQL: SELECT * FROM `ss_brand` WHERE ( is_show='是' )  [ RunTime:0.0005s ]
SQL: SHOW COLUMNS FROM `ss_member_level` [ RunTime:0.0281s ]
SQL: SELECT * FROM `ss_member_level`  [ RunTime:0.0004s ]
INFO: [ view_parse ] --START--
INFO: [ template_filter ] --START--
INFO: Run Behavior\ContentReplaceBehavior [ RunTime:0.000148s ]
INFO: [ template_filter ] --END-- [ RunTime:0.000216s ]
INFO: Run Behavior\ParseTemplateBehavior [ RunTime:0.013557s ]
INFO: [ view_parse ] --END-- [ RunTime:0.013632s ]
INFO: [ view_filter ] --START--
INFO: Run Behavior\WriteHtmlCacheBehavior [ RunTime:0.000452s ]
INFO: [ view_filter ] --END-- [ RunTime:0.000506s ]
INFO: [ app_end ] --START--
INFO: Run Behavior\ShowPageTraceBehavior [ RunTime:0.001071s ]
INFO: [ app_end ] --END-- [ RunTime:0.001186s ]

[ 2017-06-02T22:22:18+08:00 ] 127.0.0.1 /Admin/Category/categoryList.html
INFO: [ app_init ] --START--
INFO: Run Behavior\BuildLiteBehavior [ RunTime:0.000018s ]
INFO: [ app_init ] --END-- [ RunTime:0.000598s ]
INFO: [ app_begin ] --START--
INFO: Run Behavior\ReadHtmlCacheBehavior [ RunTime:0.000688s ]
INFO: [ app_begin ] --END-- [ RunTime:0.000753s ]
SQL: SHOW COLUMNS FROM `ss_category` [ RunTime:0.0034s ]
SQL: SELECT * FROM `ss_category`  [ RunTime:0.0005s ]
INFO: [ view_parse ] --START--
INFO: [ template_filter ] --START--
INFO: Run Behavior\ContentReplaceBehavior [ RunTime:0.000088s ]
INFO: [ template_filter ] --END-- [ RunTime:0.000154s ]
NOTIC: [8] Use of undefined constant 是 - assumed '是' E:\www\shopping-system\Application\Runtime\Cache\Admin\c632d2e49df9ad5c68635901312e5643.php 第 36 行.
NOTIC: [8] Use of undefined constant 是 - assumed '是' E:\www\shopping-system\Application\Runtime\Cache\Admin\c632d2e49df9ad5c68635901312e5643.php 第 37 行.
NOTIC: [8] Use of undefined constant 是 - assumed '是' E:\www\shopping-system\Application\Runtime\Cache\Admin\c632d2e49df9ad5c68635901312e5643.php 第 36 行.
NOTIC: [8] Use of undefined constant 是 - assumed '是' E:\www\shopping-system\Application\Runtime\Cache\Admin\c632d2e49df9ad5c68635901312e5643.php 第 37 行.
NOTIC: [8] Use of undefined constant 是 - assumed '是' E:\www\shopping-system\Application\Runtime\Cache\Admin\c632d2e49df9ad5c68635901312e5643.php 第 36 行.
NOTIC: [8] Use of undefined constant 是 - assumed '是' E:\www\shopping-system\Application\Runtime\Cache\Admin\c632d2e49df9ad5c68635901312e5643.php 第 37 行.
NOTIC: [8] Use of undefined constant 是 - assumed '是' E:\www\shopping-system\Application\Runtime\Cache\Admin\c632d2e49df9ad5c68635901312e5643.php 第 36 行.
NOTIC: [8] Use of undefined constant 是 - assumed '是' E:\www\shopping-system\Application\Runtime\Cache\Admin\c632d2e49df9ad5c68635901312e5643.php 第 37 行.
NOTIC: [8] Use of undefined constant 是 - assumed '是' E:\www\shopping-system\Application\Runtime\Cache\Admin\c632d2e49df9ad5c68635901312e5643.php 第 36 行.
NOTIC: [8] Use of undefined constant 是 - assumed '是' E:\www\shopping-system\Application\Runtime\Cache\Admin\c632d2e49df9ad5c68635901312e5643.php 第 37 行.
NOTIC: [8] Use of undefined constant 是 - assumed '是' E:\www\shopping-system\Application\Runtime\Cache\Admin\c632d2e49df9ad5c68635901312e5643.php 第 36 行.
NOTIC: [8] Use of undefined constant 是 - assumed '是' E:\www\shopping-system\Application\Runtime\Cache\Admin\c632d2e49df9ad5c68635901312e5643.php 第 37 行.
NOTIC: [8] Use of undefined constant 是 - assumed '是' E:\www\shopping-system\Application\Runtime\Cache\Admin\c632d2e49df9ad5c68635901312e5643.php 第 36 行.
NOTIC: [8] Use of undefined constant 是 - assumed '是' E:\www\shopping-system\Application\Runtime\Cache\Admin\c632d2e49df9ad5c68635901312e5643.php 第 37 行.
NOTIC: [8] Use of undefined constant 是 - assumed '是' E:\www\shopping-system\Application\Runtime\Cache\Admin\c632d2e49df9ad5c68635901312e5643.php 第 36 行.
NOTIC: [8] Use of undefined constant 是 - assumed '是' E:\www\shopping-system\Application\Runtime\Cache\Admin\c632d2e49df9ad5c68635901312e5643.php 第 37 行.
NOTIC: [8] Use of undefined constant 是 - assumed '是' E:\www\shopping-system\Application\Runtime\Cache\Admin\c632d2e49df9ad5c68635901312e5643.php 第 36 行.
NOTIC: [8] Use of undefined constant 是 - assumed '是' E:\www\shopping-system\Application\Runtime\Cache\Admin\c632d2e49df9ad5c68635901312e5643.php 第 37 行.
NOTIC: [8] Use of undefined constant 是 - assumed '是' E:\www\shopping-system\Application\Runtime\Cache\Admin\c632d2e49df9ad5c68635901312e5643.php 第 36 行.
NOTIC: [8] Use of undefined constant 是 - assumed '是' E:\www\shopping-system\Application\Runtime\Cache\Admin\c632d2e49df9ad5c68635901312e5643.php 第 37 行.
NOTIC: [8] Use of undefined constant 是 - assumed '是' E:\www\shopping-system\Application\Runtime\Cache\Admin\c632d2e49df9ad5c68635901312e5643.php 第 36 行.
NOTIC: [8] Use of undefined constant 是 - assumed '是' E:\www\shopping-system\Application\Runtime\Cache\Admin\c632d2e49df9ad5c68635901312e5643.php 第 37 行.
NOTIC: [8] Use of undefined constant 是 - assumed '是' E:\www\shopping-system\Application\Runtime\Cache\Admin\c632d2e49df9ad5c68635901312e5643.php 第 36 行.
NOTIC: [8] Use of undefined constant 是 - assumed '是' E:\www\shopping-system\Application\Runtime\Cache\Admin\c632d2e49df9ad5c68635901312e5643.php 第 37 行.
NOTIC: [8] Use of undefined constant 是 - assumed '是' E:\www\shopping-system\Application\Runtime\Cache\Admin\c632d2e49df9ad5c68635901312e5643.php 第 36 行.
NOTIC: [8] Use of undefined constant 是 - assumed '是' E:\www\shopping-system\Application\Runtime\Cache\Admin\c632d2e49df9ad5c68635901312e5643.php 第 37 行.
NOTIC: [8] Use of undefined constant 是 - assumed '是' E:\www\shopping-system\Application\Runtime\Cache\Admin\c632d2e49df9ad5c68635901312e5643.php 第 36 行.
NOTIC: [8] Use of undefined constant 是 - assumed '是' E:\www\shopping-system\Application\Runtime\Cache\Admin\c632d2e49df9ad5c68635901312e5643.php 第 37 行.
NOTIC: [8] Use of undefined constant 是 - assumed '是' E:\www\shopping-system\Application\Runtime\Cache\Admin\c632d2e49df9ad5c68635901312e5643.php 第 36 行.
NOTIC: [8] Use of undefined constant 是 - assumed '是' E:\www\shopping-system\Application\Runtime\Cache\Admin\c632d2e49df9ad5c68635901312e5643.php 第 37 行.
NOTIC: [8] Use of undefined constant 是 - assumed '是' E:\www\shopping-system\Application\Runtime\Cache\Admin\c632d2e49df9ad5c68635901312e5643.php 第 36 行.
NOTIC: [8] Use of undefined constant 是 - assumed '是' E:\www\shopping-system\Application\Runtime\Cache\Admin\c632d2e49df9ad5c68635901312e5643.php 第 37 行.
NOTIC: [8] Use of undefined constant 是 - assumed '是' E:\www\shopping-system\Application\Runtime\Cache\Admin\c632d2e49df9ad5c68635901312e5643.php 第 36 行.
NOTIC: [8] Use of undefined constant 是 - assumed '是' E:\www\shopping-system\Application\Runtime\Cache\Admin\c632d2e49df9ad5c68635901312e5643.php 第 37 行.
NOTIC: [8] Use of undefined constant 是 - assumed '是' E:\www\shopping-system\Application\Runtime\Cache\Admin\c632d2e49df9ad5c68635901312e5643.php 第 36 行.
NOTIC: [8] Use of undefined constant 是 - assumed '是' E:\www\shopping-system\Application\Runtime\Cache\Admin\c632d2e49df9ad5c68635901312e5643.php 第 37 行.
NOTIC: [8] Use of undefined constant 是 - assumed '是' E:\www\shopping-system\Application\Runtime\Cache\Admin\c632d2e49df9ad5c68635901312e5643.php 第 36 行.
NOTIC: [8] Use of undefined constant 是 - assumed '是' E:\www\shopping-system\Application\Runtime\Cache\Admin\c632d2e49df9ad5c68635901312e5643.php 第 37 行.
NOTIC: [8] Use of undefined constant 是 - assumed '是' E:\www\shopping-system\Application\Runtime\Cache\Admin\c632d2e49df9ad5c68635901312e5643.php 第 36 行.
NOTIC: [8] Use of undefined constant 是 - assumed '是' E:\www\shopping-system\Application\Runtime\Cache\Admin\c632d2e49df9ad5c68635901312e5643.php 第 37 行.
NOTIC: [8] Use of undefined constant 是 - assumed '是' E:\www\shopping-system\Application\Runtime\Cache\Admin\c632d2e49df9ad5c68635901312e5643.php 第 36 行.
NOTIC: [8] Use of undefined constant 是 - assumed '是' E:\www\shopping-system\Application\Runtime\Cache\Admin\c632d2e49df9ad5c68635901312e5643.php 第 37 行.
NOTIC: [8] Use of undefined constant 是 - assumed '是' E:\www\shopping-system\Application\Runtime\Cache\Admin\c632d2e49df9ad5c68635901312e5643.php 第 36 行.
NOTIC: [8] Use of undefined constant 是 - assumed '是' E:\www\shopping-system\Application\Runtime\Cache\Admin\c632d2e49df9ad5c68635901312e5643.php 第 37 行.
NOTIC: [8] Use of undefined constant 是 - assumed '是' E:\www\shopping-system\Application\Runtime\Cache\Admin\c632d2e49df9ad5c68635901312e5643.php 第 36 行.
NOTIC: [8] Use of undefined constant 是 - assumed '是' E:\www\shopping-system\Application\Runtime\Cache\Admin\c632d2e49df9ad5c68635901312e5643.php 第 37 行.
NOTIC: [8] Use of undefined constant 是 - assumed '是' E:\www\shopping-system\Application\Runtime\Cache\Admin\c632d2e49df9ad5c68635901312e5643.php 第 36 行.
NOTIC: [8] Use of undefined constant 是 - assumed '是' E:\www\shopping-system\Application\Runtime\Cache\Admin\c632d2e49df9ad5c68635901312e5643.php 第 37 行.
NOTIC: [8] Use of undefined constant 是 - assumed '是' E:\www\shopping-system\Application\Runtime\Cache\Admin\c632d2e49df9ad5c68635901312e5643.php 第 36 行.
NOTIC: [8] Use of undefined constant 是 - assumed '是' E:\www\shopping-system\Application\Runtime\Cache\Admin\c632d2e49df9ad5c68635901312e5643.php 第 37 行.
INFO: Run Behavior\ParseTemplateBehavior [ RunTime:0.010106s ]
INFO: [ view_parse ] --END-- [ RunTime:0.010170s ]
INFO: [ view_filter ] --START--
INFO: Run Behavior\WriteHtmlCacheBehavior [ RunTime:0.000474s ]
INFO: [ view_filter ] --END-- [ RunTime:0.000527s ]
INFO: [ app_end ] --START--
INFO: Run Behavior\ShowPageTraceBehavior [ RunTime:0.000865s ]
INFO: [ app_end ] --END-- [ RunTime:0.000954s ]

[ 2017-06-02T22:22:25+08:00 ] 127.0.0.1 /Admin/Category/categoryEdit?id=22
INFO: [ app_init ] --START--
INFO: Run Behavior\BuildLiteBehavior [ RunTime:0.000021s ]
INFO: [ app_init ] --END-- [ RunTime:0.001023s ]
INFO: [ app_begin ] --START--
INFO: Run Behavior\ReadHtmlCacheBehavior [ RunTime:0.000656s ]
INFO: [ app_begin ] --END-- [ RunTime:0.000726s ]
SQL: SHOW COLUMNS FROM `ss_category` [ RunTime:0.0038s ]
SQL: SELECT * FROM `ss_category` WHERE ( is_show='是' )  [ RunTime:0.0005s ]
SQL: SELECT * FROM `ss_category` WHERE ( id = 22 ) LIMIT 1   [ RunTime:0.0004s ]
INFO: [ view_parse ] --START--
INFO: [ template_filter ] --START--
INFO: Run Behavior\ContentReplaceBehavior [ RunTime:0.000103s ]
INFO: [ template_filter ] --END-- [ RunTime:0.000165s ]
INFO: Run Behavior\ParseTemplateBehavior [ RunTime:0.008938s ]
INFO: [ view_parse ] --END-- [ RunTime:0.009018s ]
INFO: [ view_filter ] --START--
INFO: Run Behavior\WriteHtmlCacheBehavior [ RunTime:0.000584s ]
INFO: [ view_filter ] --END-- [ RunTime:0.000644s ]
INFO: [ app_end ] --START--
INFO: Run Behavior\ShowPageTraceBehavior [ RunTime:0.000945s ]
INFO: [ app_end ] --END-- [ RunTime:0.001031s ]

[ 2017-06-02T22:22:27+08:00 ] 127.0.0.1 /Admin/Goods/goodsAdd.html
INFO: [ app_init ] --START--
INFO: Run Behavior\BuildLiteBehavior [ RunTime:0.000018s ]
INFO: [ app_init ] --END-- [ RunTime:0.000700s ]
INFO: [ app_begin ] --START--
INFO: Run Behavior\ReadHtmlCacheBehavior [ RunTime:0.000660s ]
INFO: [ app_begin ] --END-- [ RunTime:0.000722s ]
SQL: SHOW COLUMNS FROM `ss_category` [ RunTime:0.0034s ]
SQL: SELECT * FROM `ss_category` WHERE ( is_show='是' )  [ RunTime:0.0005s ]
NOTIC: [2048] Declaration of Admin\Model\BrandModel::_after_delete() should be compatible with Think\Model::_after_delete($data, $options) E:\www\shopping-system\Application\Admin\Model\BrandModel.class.php 第 162 行.
SQL: SHOW COLUMNS FROM `ss_brand` [ RunTime:0.0039s ]
SQL: SELECT * FROM `ss_brand` WHERE ( is_show='是' )  [ RunTime:0.0006s ]
SQL: SHOW COLUMNS FROM `ss_member_level` [ RunTime:0.0039s ]
SQL: SELECT * FROM `ss_member_level`  [ RunTime:0.0003s ]
INFO: [ view_parse ] --START--
INFO: [ template_filter ] --START--
INFO: Run Behavior\ContentReplaceBehavior [ RunTime:0.000163s ]
INFO: [ template_filter ] --END-- [ RunTime:0.000235s ]
INFO: Run Behavior\ParseTemplateBehavior [ RunTime:0.012959s ]
INFO: [ view_parse ] --END-- [ RunTime:0.013041s ]
INFO: [ view_filter ] --START--
INFO: Run Behavior\WriteHtmlCacheBehavior [ RunTime:0.000677s ]
INFO: [ view_filter ] --END-- [ RunTime:0.000736s ]
INFO: [ app_end ] --START--
INFO: Run Behavior\ShowPageTraceBehavior [ RunTime:0.000848s ]
INFO: [ app_end ] --END-- [ RunTime:0.000916s ]

[ 2017-06-02T22:22:28+08:00 ] 127.0.0.1 /Admin/Goods/goodsList.html
INFO: [ app_init ] --START--
INFO: Run Behavior\BuildLiteBehavior [ RunTime:0.000017s ]
INFO: [ app_init ] --END-- [ RunTime:0.000561s ]
INFO: [ app_begin ] --START--
INFO: Run Behavior\ReadHtmlCacheBehavior [ RunTime:0.000652s ]
INFO: [ app_begin ] --END-- [ RunTime:0.000711s ]
NOTIC: [2048] Declaration of Admin\Model\GoodsModel::_after_delete() should be compatible with Think\Model::_after_delete($data, $options) E:\www\shopping-system\Application\Admin\Model\GoodsModel.class.php 第 7 行.
SQL: SHOW COLUMNS FROM `ss_goods` [ RunTime:0.0038s ]
SQL: SHOW COLUMNS FROM `ss_category` [ RunTime:0.0035s ]
SQL: SELECT * FROM `ss_category` WHERE ( is_show='是' )  [ RunTime:0.0006s ]
SQL: SELECT COUNT(DISTINCT g.id) AS tp_count FROM ss_goods g left join ss_brand as b on g.brand_id = b.id 
			left join ss_category as c on g.cat_id = c.id 
			left join ss_goods_cat as gc on g.id = gc.goods_id 
			left join ss_category as cc on gc.cat_id = cc.id  WHERE `is_delete` = '否' LIMIT 1   [ RunTime:0.0007s ]
NOTIC: [4096] Argument 1 passed to Think\Fenye::getPageNumber() must be an instance of Think\int, string given, called in E:\www\shopping-system\Application\Admin\Model\GoodsModel.class.php on line 397 and defined E:\www\shopping-system\ThinkPHP\Library\Think\Fenye.class.php 第 13 行.
NOTIC: [4096] Argument 2 passed to Think\Fenye::getPageNumber() must be an instance of Think\int, integer given, called in E:\www\shopping-system\Application\Admin\Model\GoodsModel.class.php on line 397 and defined E:\www\shopping-system\ThinkPHP\Library\Think\Fenye.class.php 第 13 行.
NOTIC: [4096] Argument 3 passed to Think\Fenye::getPageNumber() must be an instance of Think\int, integer given, called in E:\www\shopping-system\Application\Admin\Model\GoodsModel.class.php on line 397 and defined E:\www\shopping-system\ThinkPHP\Library\Think\Fenye.class.php 第 13 行.
SQL: SELECT g.*,b.brand_name,c.cat_name,GROUP_CONCAT(cc.cat_name separator ' | ') as ext_cat_name FROM ss_goods g left join ss_brand as b on g.brand_id = b.id 
			left join ss_category as c on g.cat_id = c.id 
			left join ss_goods_cat as gc on g.id = gc.goods_id 
			left join ss_category as cc on gc.cat_id = cc.id  WHERE `is_delete` = '否' GROUP BY g.id LIMIT 0,5   [ RunTime:0.0010s ]
NOTIC: [2048] Declaration of Admin\Model\BrandModel::_after_delete() should be compatible with Think\Model::_after_delete($data, $options) E:\www\shopping-system\Application\Admin\Model\BrandModel.class.php 第 162 行.
SQL: SHOW COLUMNS FROM `ss_brand` [ RunTime:0.0034s ]
SQL: SELECT * FROM `ss_brand` WHERE ( is_show='是' )  [ RunTime:0.0005s ]
INFO: [ view_parse ] --START--
INFO: [ template_filter ] --START--
INFO: Run Behavior\ContentReplaceBehavior [ RunTime:0.000322s ]
INFO: [ template_filter ] --END-- [ RunTime:0.000389s ]
NOTIC: [8] Use of undefined constant 是 - assumed '是' E:\www\shopping-system\Application\Runtime\Cache\Admin\3268fbbbd0eb3ffe30140f78ff508f86.php 第 126 行.
NOTIC: [8] Use of undefined constant 是 - assumed '是' E:\www\shopping-system\Application\Runtime\Cache\Admin\3268fbbbd0eb3ffe30140f78ff508f86.php 第 127 行.
NOTIC: [8] Use of undefined constant 是 - assumed '是' E:\www\shopping-system\Application\Runtime\Cache\Admin\3268fbbbd0eb3ffe30140f78ff508f86.php 第 128 行.
NOTIC: [8] Use of undefined constant 是 - assumed '是' E:\www\shopping-system\Application\Runtime\Cache\Admin\3268fbbbd0eb3ffe30140f78ff508f86.php 第 129 行.
NOTIC: [8] Use of undefined constant 是 - assumed '是' E:\www\shopping-system\Application\Runtime\Cache\Admin\3268fbbbd0eb3ffe30140f78ff508f86.php 第 126 行.
NOTIC: [8] Use of undefined constant 是 - assumed '是' E:\www\shopping-system\Application\Runtime\Cache\Admin\3268fbbbd0eb3ffe30140f78ff508f86.php 第 127 行.
NOTIC: [8] Use of undefined constant 是 - assumed '是' E:\www\shopping-system\Application\Runtime\Cache\Admin\3268fbbbd0eb3ffe30140f78ff508f86.php 第 128 行.
NOTIC: [8] Use of undefined constant 是 - assumed '是' E:\www\shopping-system\Application\Runtime\Cache\Admin\3268fbbbd0eb3ffe30140f78ff508f86.php 第 129 行.
NOTIC: [8] Use of undefined constant 是 - assumed '是' E:\www\shopping-system\Application\Runtime\Cache\Admin\3268fbbbd0eb3ffe30140f78ff508f86.php 第 126 行.
NOTIC: [8] Use of undefined constant 是 - assumed '是' E:\www\shopping-system\Application\Runtime\Cache\Admin\3268fbbbd0eb3ffe30140f78ff508f86.php 第 127 行.
NOTIC: [8] Use of undefined constant 是 - assumed '是' E:\www\shopping-system\Application\Runtime\Cache\Admin\3268fbbbd0eb3ffe30140f78ff508f86.php 第 128 行.
NOTIC: [8] Use of undefined constant 是 - assumed '是' E:\www\shopping-system\Application\Runtime\Cache\Admin\3268fbbbd0eb3ffe30140f78ff508f86.php 第 129 行.
NOTIC: [8] Use of undefined constant 是 - assumed '是' E:\www\shopping-system\Application\Runtime\Cache\Admin\3268fbbbd0eb3ffe30140f78ff508f86.php 第 126 行.
NOTIC: [8] Use of undefined constant 是 - assumed '是' E:\www\shopping-system\Application\Runtime\Cache\Admin\3268fbbbd0eb3ffe30140f78ff508f86.php 第 127 行.
NOTIC: [8] Use of undefined constant 是 - assumed '是' E:\www\shopping-system\Application\Runtime\Cache\Admin\3268fbbbd0eb3ffe30140f78ff508f86.php 第 128 行.
NOTIC: [8] Use of undefined constant 是 - assumed '是' E:\www\shopping-system\Application\Runtime\Cache\Admin\3268fbbbd0eb3ffe30140f78ff508f86.php 第 129 行.
NOTIC: [8] Use of undefined constant 是 - assumed '是' E:\www\shopping-system\Application\Runtime\Cache\Admin\3268fbbbd0eb3ffe30140f78ff508f86.php 第 126 行.
NOTIC: [8] Use of undefined constant 是 - assumed '是' E:\www\shopping-system\Application\Runtime\Cache\Admin\3268fbbbd0eb3ffe30140f78ff508f86.php 第 127 行.
NOTIC: [8] Use of undefined constant 是 - assumed '是' E:\www\shopping-system\Application\Runtime\Cache\Admin\3268fbbbd0eb3ffe30140f78ff508f86.php 第 128 行.
NOTIC: [8] Use of undefined constant 是 - assumed '是' E:\www\shopping-system\Application\Runtime\Cache\Admin\3268fbbbd0eb3ffe30140f78ff508f86.php 第 129 行.
NOTIC: [2] Illegal string offset 'cat_id' E:\www\shopping-system\Application\Runtime\Cache\Admin\3268fbbbd0eb3ffe30140f78ff508f86.php 第 286 行.
NOTIC: [2] Illegal string offset 'brand_id' E:\www\shopping-system\Application\Runtime\Cache\Admin\3268fbbbd0eb3ffe30140f78ff508f86.php 第 287 行.
NOTIC: [2] Illegal string offset 'intro_type' E:\www\shopping-system\Application\Runtime\Cache\Admin\3268fbbbd0eb3ffe30140f78ff508f86.php 第 288 行.
NOTIC: [2] Illegal string offset 'is_on_sale' E:\www\shopping-system\Application\Runtime\Cache\Admin\3268fbbbd0eb3ffe30140f78ff508f86.php 第 289 行.
NOTIC: [2] Illegal string offset 'price_low' E:\www\shopping-system\Application\Runtime\Cache\Admin\3268fbbbd0eb3ffe30140f78ff508f86.php 第 290 行.
NOTIC: [2] Illegal string offset 'price_up' E:\www\shopping-system\Application\Runtime\Cache\Admin\3268fbbbd0eb3ffe30140f78ff508f86.php 第 291 行.
NOTIC: [2] Illegal string offset 'time_start' E:\www\shopping-system\Application\Runtime\Cache\Admin\3268fbbbd0eb3ffe30140f78ff508f86.php 第 292 行.
NOTIC: [2] Illegal string offset 'time_end' E:\www\shopping-system\Application\Runtime\Cache\Admin\3268fbbbd0eb3ffe30140f78ff508f86.php 第 293 行.
NOTIC: [2] Illegal string offset 'price_order' E:\www\shopping-system\Application\Runtime\Cache\Admin\3268fbbbd0eb3ffe30140f78ff508f86.php 第 294 行.
NOTIC: [2] Illegal string offset 'tar_page' E:\www\shopping-system\Application\Runtime\Cache\Admin\3268fbbbd0eb3ffe30140f78ff508f86.php 第 295 行.
INFO: Run Behavior\ParseTemplateBehavior [ RunTime:0.016465s ]
INFO: [ view_parse ] --END-- [ RunTime:0.016525s ]
INFO: [ view_filter ] --START--
INFO: Run Behavior\WriteHtmlCacheBehavior [ RunTime:0.000494s ]
INFO: [ view_filter ] --END-- [ RunTime:0.000541s ]
INFO: [ app_end ] --START--
INFO: Run Behavior\ShowPageTraceBehavior [ RunTime:0.000776s ]
INFO: [ app_end ] --END-- [ RunTime:0.000860s ]

[ 2017-06-02T22:22:30+08:00 ] 127.0.0.1 /Admin/Goods/goodsEdit/id/2
INFO: [ app_init ] --START--
INFO: Run Behavior\BuildLiteBehavior [ RunTime:0.000020s ]
INFO: [ app_init ] --END-- [ RunTime:0.000768s ]
INFO: [ app_begin ] --START--
INFO: Run Behavior\ReadHtmlCacheBehavior [ RunTime:0.000723s ]
INFO: [ app_begin ] --END-- [ RunTime:0.000800s ]
NOTIC: [2048] Declaration of Admin\Model\GoodsModel::_after_delete() should be compatible with Think\Model::_after_delete($data, $options) E:\www\shopping-system\Application\Admin\Model\GoodsModel.class.php 第 7 行.
SQL: SHOW COLUMNS FROM `ss_goods` [ RunTime:0.0055s ]
SQL: SELECT * FROM `ss_goods` WHERE ( id = 2 ) LIMIT 1   [ RunTime:0.0007s ]
SQL: SHOW COLUMNS FROM `ss_category` [ RunTime:0.0059s ]
SQL: SELECT * FROM `ss_category` WHERE ( is_show='是' )  [ RunTime:0.0006s ]
NOTIC: [2048] Declaration of Admin\Model\BrandModel::_after_delete() should be compatible with Think\Model::_after_delete($data, $options) E:\www\shopping-system\Application\Admin\Model\BrandModel.class.php 第 162 行.
SQL: SHOW COLUMNS FROM `ss_brand` [ RunTime:0.0063s ]
SQL: SELECT * FROM `ss_brand` WHERE ( is_show='是' )  [ RunTime:0.0007s ]
SQL: SHOW COLUMNS FROM `ss_member_price` [ RunTime:0.0496s ]
SQL: SELECT l.*,r.level_name FROM ss_member_price l left join ss_member_level as r on l.level_id = r.id  WHERE `goods_id` = '2'  [ RunTime:0.0006s ]
SQL: SHOW COLUMNS FROM `ss_goods_cat` [ RunTime:0.0061s ]
SQL: SELECT * FROM `ss_goods_cat` WHERE `goods_id` = 2  [ RunTime:0.0004s ]
INFO: [ view_parse ] --START--
INFO: [ template_filter ] --START--
INFO: Run Behavior\ContentReplaceBehavior [ RunTime:0.000310s ]
INFO: [ template_filter ] --END-- [ RunTime:0.000420s ]
NOTIC: [8] Undefined index: id E:\www\shopping-system\Application\Runtime\Cache\Admin\0e125bb82ed4be6babd13ef7b7a1626c.php 第 144 行.
NOTIC: [8] Undefined index: id E:\www\shopping-system\Application\Runtime\Cache\Admin\0e125bb82ed4be6babd13ef7b7a1626c.php 第 144 行.
NOTIC: [8] Undefined index: id E:\www\shopping-system\Application\Runtime\Cache\Admin\0e125bb82ed4be6babd13ef7b7a1626c.php 第 144 行.
NOTIC: [8] Undefined index: id E:\www\shopping-system\Application\Runtime\Cache\Admin\0e125bb82ed4be6babd13ef7b7a1626c.php 第 144 行.
NOTIC: [8] Undefined index: id E:\www\shopping-system\Application\Runtime\Cache\Admin\0e125bb82ed4be6babd13ef7b7a1626c.php 第 144 行.
INFO: Run Behavior\ParseTemplateBehavior [ RunTime:0.022687s ]
INFO: [ view_parse ] --END-- [ RunTime:0.022785s ]
INFO: [ view_filter ] --START--
INFO: Run Behavior\WriteHtmlCacheBehavior [ RunTime:0.000989s ]
INFO: [ view_filter ] --END-- [ RunTime:0.001084s ]
INFO: [ app_end ] --START--
INFO: Run Behavior\ShowPageTraceBehavior [ RunTime:0.001110s ]
INFO: [ app_end ] --END-- [ RunTime:0.001240s ]

[ 2017-06-02T22:22:34+08:00 ] 127.0.0.1 /Admin/Goods/goodsList.html
INFO: [ app_init ] --START--
INFO: Run Behavior\BuildLiteBehavior [ RunTime:0.000017s ]
INFO: [ app_init ] --END-- [ RunTime:0.000558s ]
INFO: [ app_begin ] --START--
INFO: Run Behavior\ReadHtmlCacheBehavior [ RunTime:0.000735s ]
INFO: [ app_begin ] --END-- [ RunTime:0.000799s ]
NOTIC: [2048] Declaration of Admin\Model\GoodsModel::_after_delete() should be compatible with Think\Model::_after_delete($data, $options) E:\www\shopping-system\Application\Admin\Model\GoodsModel.class.php 第 7 行.
SQL: SHOW COLUMNS FROM `ss_goods` [ RunTime:0.0042s ]
SQL: SHOW COLUMNS FROM `ss_category` [ RunTime:0.0033s ]
SQL: SELECT * FROM `ss_category` WHERE ( is_show='是' )  [ RunTime:0.0005s ]
SQL: SELECT COUNT(DISTINCT g.id) AS tp_count FROM ss_goods g left join ss_brand as b on g.brand_id = b.id 
			left join ss_category as c on g.cat_id = c.id 
			left join ss_goods_cat as gc on g.id = gc.goods_id 
			left join ss_category as cc on gc.cat_id = cc.id  WHERE `is_delete` = '否' LIMIT 1   [ RunTime:0.0006s ]
NOTIC: [4096] Argument 1 passed to Think\Fenye::getPageNumber() must be an instance of Think\int, string given, called in E:\www\shopping-system\Application\Admin\Model\GoodsModel.class.php on line 397 and defined E:\www\shopping-system\ThinkPHP\Library\Think\Fenye.class.php 第 13 行.
NOTIC: [4096] Argument 2 passed to Think\Fenye::getPageNumber() must be an instance of Think\int, integer given, called in E:\www\shopping-system\Application\Admin\Model\GoodsModel.class.php on line 397 and defined E:\www\shopping-system\ThinkPHP\Library\Think\Fenye.class.php 第 13 行.
NOTIC: [4096] Argument 3 passed to Think\Fenye::getPageNumber() must be an instance of Think\int, integer given, called in E:\www\shopping-system\Application\Admin\Model\GoodsModel.class.php on line 397 and defined E:\www\shopping-system\ThinkPHP\Library\Think\Fenye.class.php 第 13 行.
SQL: SELECT g.*,b.brand_name,c.cat_name,GROUP_CONCAT(cc.cat_name separator ' | ') as ext_cat_name FROM ss_goods g left join ss_brand as b on g.brand_id = b.id 
			left join ss_category as c on g.cat_id = c.id 
			left join ss_goods_cat as gc on g.id = gc.goods_id 
			left join ss_category as cc on gc.cat_id = cc.id  WHERE `is_delete` = '否' GROUP BY g.id LIMIT 0,5   [ RunTime:0.0009s ]
NOTIC: [2048] Declaration of Admin\Model\BrandModel::_after_delete() should be compatible with Think\Model::_after_delete($data, $options) E:\www\shopping-system\Application\Admin\Model\BrandModel.class.php 第 162 行.
SQL: SHOW COLUMNS FROM `ss_brand` [ RunTime:0.0034s ]
SQL: SELECT * FROM `ss_brand` WHERE ( is_show='是' )  [ RunTime:0.0004s ]
INFO: [ view_parse ] --START--
INFO: [ template_filter ] --START--
INFO: Run Behavior\ContentReplaceBehavior [ RunTime:0.000316s ]
INFO: [ template_filter ] --END-- [ RunTime:0.000384s ]
NOTIC: [8] Use of undefined constant 是 - assumed '是' E:\www\shopping-system\Application\Runtime\Cache\Admin\3268fbbbd0eb3ffe30140f78ff508f86.php 第 126 行.
NOTIC: [8] Use of undefined constant 是 - assumed '是' E:\www\shopping-system\Application\Runtime\Cache\Admin\3268fbbbd0eb3ffe30140f78ff508f86.php 第 127 行.
NOTIC: [8] Use of undefined constant 是 - assumed '是' E:\www\shopping-system\Application\Runtime\Cache\Admin\3268fbbbd0eb3ffe30140f78ff508f86.php 第 128 行.
NOTIC: [8] Use of undefined constant 是 - assumed '是' E:\www\shopping-system\Application\Runtime\Cache\Admin\3268fbbbd0eb3ffe30140f78ff508f86.php 第 129 行.
NOTIC: [8] Use of undefined constant 是 - assumed '是' E:\www\shopping-system\Application\Runtime\Cache\Admin\3268fbbbd0eb3ffe30140f78ff508f86.php 第 126 行.
NOTIC: [8] Use of undefined constant 是 - assumed '是' E:\www\shopping-system\Application\Runtime\Cache\Admin\3268fbbbd0eb3ffe30140f78ff508f86.php 第 127 行.
NOTIC: [8] Use of undefined constant 是 - assumed '是' E:\www\shopping-system\Application\Runtime\Cache\Admin\3268fbbbd0eb3ffe30140f78ff508f86.php 第 128 行.
NOTIC: [8] Use of undefined constant 是 - assumed '是' E:\www\shopping-system\Application\Runtime\Cache\Admin\3268fbbbd0eb3ffe30140f78ff508f86.php 第 129 行.
NOTIC: [8] Use of undefined constant 是 - assumed '是' E:\www\shopping-system\Application\Runtime\Cache\Admin\3268fbbbd0eb3ffe30140f78ff508f86.php 第 126 行.
NOTIC: [8] Use of undefined constant 是 - assumed '是' E:\www\shopping-system\Application\Runtime\Cache\Admin\3268fbbbd0eb3ffe30140f78ff508f86.php 第 127 行.
NOTIC: [8] Use of undefined constant 是 - assumed '是' E:\www\shopping-system\Application\Runtime\Cache\Admin\3268fbbbd0eb3ffe30140f78ff508f86.php 第 128 行.
NOTIC: [8] Use of undefined constant 是 - assumed '是' E:\www\shopping-system\Application\Runtime\Cache\Admin\3268fbbbd0eb3ffe30140f78ff508f86.php 第 129 行.
NOTIC: [8] Use of undefined constant 是 - assumed '是' E:\www\shopping-system\Application\Runtime\Cache\Admin\3268fbbbd0eb3ffe30140f78ff508f86.php 第 126 行.
NOTIC: [8] Use of undefined constant 是 - assumed '是' E:\www\shopping-system\Application\Runtime\Cache\Admin\3268fbbbd0eb3ffe30140f78ff508f86.php 第 127 行.
NOTIC: [8] Use of undefined constant 是 - assumed '是' E:\www\shopping-system\Application\Runtime\Cache\Admin\3268fbbbd0eb3ffe30140f78ff508f86.php 第 128 行.
NOTIC: [8] Use of undefined constant 是 - assumed '是' E:\www\shopping-system\Application\Runtime\Cache\Admin\3268fbbbd0eb3ffe30140f78ff508f86.php 第 129 行.
NOTIC: [8] Use of undefined constant 是 - assumed '是' E:\www\shopping-system\Application\Runtime\Cache\Admin\3268fbbbd0eb3ffe30140f78ff508f86.php 第 126 行.
NOTIC: [8] Use of undefined constant 是 - assumed '是' E:\www\shopping-system\Application\Runtime\Cache\Admin\3268fbbbd0eb3ffe30140f78ff508f86.php 第 127 行.
NOTIC: [8] Use of undefined constant 是 - assumed '是' E:\www\shopping-system\Application\Runtime\Cache\Admin\3268fbbbd0eb3ffe30140f78ff508f86.php 第 128 行.
NOTIC: [8] Use of undefined constant 是 - assumed '是' E:\www\shopping-system\Application\Runtime\Cache\Admin\3268fbbbd0eb3ffe30140f78ff508f86.php 第 129 行.
NOTIC: [2] Illegal string offset 'cat_id' E:\www\shopping-system\Application\Runtime\Cache\Admin\3268fbbbd0eb3ffe30140f78ff508f86.php 第 286 行.
NOTIC: [2] Illegal string offset 'brand_id' E:\www\shopping-system\Application\Runtime\Cache\Admin\3268fbbbd0eb3ffe30140f78ff508f86.php 第 287 行.
NOTIC: [2] Illegal string offset 'intro_type' E:\www\shopping-system\Application\Runtime\Cache\Admin\3268fbbbd0eb3ffe30140f78ff508f86.php 第 288 行.
NOTIC: [2] Illegal string offset 'is_on_sale' E:\www\shopping-system\Application\Runtime\Cache\Admin\3268fbbbd0eb3ffe30140f78ff508f86.php 第 289 行.
NOTIC: [2] Illegal string offset 'price_low' E:\www\shopping-system\Application\Runtime\Cache\Admin\3268fbbbd0eb3ffe30140f78ff508f86.php 第 290 行.
NOTIC: [2] Illegal string offset 'price_up' E:\www\shopping-system\Application\Runtime\Cache\Admin\3268fbbbd0eb3ffe30140f78ff508f86.php 第 291 行.
NOTIC: [2] Illegal string offset 'time_start' E:\www\shopping-system\Application\Runtime\Cache\Admin\3268fbbbd0eb3ffe30140f78ff508f86.php 第 292 行.
NOTIC: [2] Illegal string offset 'time_end' E:\www\shopping-system\Application\Runtime\Cache\Admin\3268fbbbd0eb3ffe30140f78ff508f86.php 第 293 行.
NOTIC: [2] Illegal string offset 'price_order' E:\www\shopping-system\Application\Runtime\Cache\Admin\3268fbbbd0eb3ffe30140f78ff508f86.php 第 294 行.
NOTIC: [2] Illegal string offset 'tar_page' E:\www\shopping-system\Application\Runtime\Cache\Admin\3268fbbbd0eb3ffe30140f78ff508f86.php 第 295 行.
INFO: Run Behavior\ParseTemplateBehavior [ RunTime:0.016560s ]
INFO: [ view_parse ] --END-- [ RunTime:0.016647s ]
INFO: [ view_filter ] --START--
INFO: Run Behavior\WriteHtmlCacheBehavior [ RunTime:0.000538s ]
INFO: [ view_filter ] --END-- [ RunTime:0.000593s ]
INFO: [ app_end ] --START--
INFO: Run Behavior\ShowPageTraceBehavior [ RunTime:0.000805s ]
INFO: [ app_end ] --END-- [ RunTime:0.000871s ]

