[ 2017-07-20T00:04:26+08:00 ] 127.0.0.1 /Admin/Goods/goodsList
INFO: [ app_init ] --START--
INFO: Run Behavior\BuildLiteBehavior [ RunTime:0.000017s ]
INFO: [ app_init ] --END-- [ RunTime:0.000621s ]
INFO: [ app_begin ] --START--
INFO: Run Behavior\ReadHtmlCacheBehavior [ RunTime:0.000812s ]
INFO: [ app_begin ] --END-- [ RunTime:0.000882s ]
NOTIC: [2048] Declaration of Admin\Model\PrivilegeModel::_after_delete() should be compatible with Think\Model::_after_delete($data, $options) E:\www\shopping-system\Application\Admin\Model\PrivilegeModel.class.php 第 7 行.
SQL: SHOW COLUMNS FROM `ss_privilege` [ RunTime:0.0029s ]
NOTIC: [2048] Declaration of Admin\Model\GoodsModel::_after_delete() should be compatible with Think\Model::_after_delete($data, $options) E:\www\shopping-system\Application\Admin\Model\GoodsModel.class.php 第 488 行.
SQL: SHOW COLUMNS FROM `ss_goods` [ RunTime:0.0037s ]
SQL: SHOW COLUMNS FROM `ss_category` [ RunTime:0.0033s ]
SQL: SELECT * FROM `ss_category` WHERE ( is_show='是' )  [ RunTime:0.0007s ]
SQL: SELECT COUNT(DISTINCT g.id) AS tp_count FROM ss_goods g left join ss_brand as b on g.brand_id = b.id 
			left join ss_category as c on g.cat_id = c.id 
			left join ss_goods_cat as gc on g.id = gc.goods_id 
			left join ss_category as cc on gc.cat_id = cc.id  WHERE `is_delete` = '否' LIMIT 1   [ RunTime:0.0007s ]
NOTIC: [4096] Argument 1 passed to Think\Fenye::getPageNumber() must be an instance of Think\int, string given, called in E:\www\shopping-system\Application\Admin\Model\GoodsModel.class.php on line 476 and defined E:\www\shopping-system\ThinkPHP\Library\Think\Fenye.class.php 第 13 行.
NOTIC: [4096] Argument 2 passed to Think\Fenye::getPageNumber() must be an instance of Think\int, integer given, called in E:\www\shopping-system\Application\Admin\Model\GoodsModel.class.php on line 476 and defined E:\www\shopping-system\ThinkPHP\Library\Think\Fenye.class.php 第 13 行.
NOTIC: [4096] Argument 3 passed to Think\Fenye::getPageNumber() must be an instance of Think\int, integer given, called in E:\www\shopping-system\Application\Admin\Model\GoodsModel.class.php on line 476 and defined E:\www\shopping-system\ThinkPHP\Library\Think\Fenye.class.php 第 13 行.
SQL: SELECT g.*,b.brand_name,c.cat_name,GROUP_CONCAT(cc.cat_name separator ' | ') as ext_cat_name FROM ss_goods g left join ss_brand as b on g.brand_id = b.id 
			left join ss_category as c on g.cat_id = c.id 
			left join ss_goods_cat as gc on g.id = gc.goods_id 
			left join ss_category as cc on gc.cat_id = cc.id  WHERE `is_delete` = '否' GROUP BY g.id LIMIT 0,5   [ RunTime:0.0012s ]
NOTIC: [2048] Declaration of Admin\Model\BrandModel::_after_delete() should be compatible with Think\Model::_after_delete($data, $options) E:\www\shopping-system\Application\Admin\Model\BrandModel.class.php 第 162 行.
SQL: SHOW COLUMNS FROM `ss_brand` [ RunTime:0.0032s ]
SQL: SELECT * FROM `ss_brand` WHERE ( is_show='是' )  [ RunTime:0.0005s ]
INFO: [ view_parse ] --START--
INFO: [ template_filter ] --START--
INFO: Run Behavior\ContentReplaceBehavior [ RunTime:0.000337s ]
INFO: [ template_filter ] --END-- [ RunTime:0.000406s ]
NOTIC: [8] Use of undefined constant 是 - assumed '是' E:\www\shopping-system\Application\Runtime\Cache\Admin\3268fbbbd0eb3ffe30140f78ff508f86.php 第 130 行.
NOTIC: [8] Use of undefined constant 是 - assumed '是' E:\www\shopping-system\Application\Runtime\Cache\Admin\3268fbbbd0eb3ffe30140f78ff508f86.php 第 131 行.
NOTIC: [8] Use of undefined constant 是 - assumed '是' E:\www\shopping-system\Application\Runtime\Cache\Admin\3268fbbbd0eb3ffe30140f78ff508f86.php 第 132 行.
NOTIC: [8] Use of undefined constant 是 - assumed '是' E:\www\shopping-system\Application\Runtime\Cache\Admin\3268fbbbd0eb3ffe30140f78ff508f86.php 第 133 行.
NOTIC: [8] Use of undefined constant 是 - assumed '是' E:\www\shopping-system\Application\Runtime\Cache\Admin\3268fbbbd0eb3ffe30140f78ff508f86.php 第 130 行.
NOTIC: [8] Use of undefined constant 是 - assumed '是' E:\www\shopping-system\Application\Runtime\Cache\Admin\3268fbbbd0eb3ffe30140f78ff508f86.php 第 131 行.
NOTIC: [8] Use of undefined constant 是 - assumed '是' E:\www\shopping-system\Application\Runtime\Cache\Admin\3268fbbbd0eb3ffe30140f78ff508f86.php 第 132 行.
NOTIC: [8] Use of undefined constant 是 - assumed '是' E:\www\shopping-system\Application\Runtime\Cache\Admin\3268fbbbd0eb3ffe30140f78ff508f86.php 第 133 行.
NOTIC: [8] Use of undefined constant 是 - assumed '是' E:\www\shopping-system\Application\Runtime\Cache\Admin\3268fbbbd0eb3ffe30140f78ff508f86.php 第 130 行.
NOTIC: [8] Use of undefined constant 是 - assumed '是' E:\www\shopping-system\Application\Runtime\Cache\Admin\3268fbbbd0eb3ffe30140f78ff508f86.php 第 131 行.
NOTIC: [8] Use of undefined constant 是 - assumed '是' E:\www\shopping-system\Application\Runtime\Cache\Admin\3268fbbbd0eb3ffe30140f78ff508f86.php 第 132 行.
NOTIC: [8] Use of undefined constant 是 - assumed '是' E:\www\shopping-system\Application\Runtime\Cache\Admin\3268fbbbd0eb3ffe30140f78ff508f86.php 第 133 行.
NOTIC: [8] Use of undefined constant 是 - assumed '是' E:\www\shopping-system\Application\Runtime\Cache\Admin\3268fbbbd0eb3ffe30140f78ff508f86.php 第 130 行.
NOTIC: [8] Use of undefined constant 是 - assumed '是' E:\www\shopping-system\Application\Runtime\Cache\Admin\3268fbbbd0eb3ffe30140f78ff508f86.php 第 131 行.
NOTIC: [8] Use of undefined constant 是 - assumed '是' E:\www\shopping-system\Application\Runtime\Cache\Admin\3268fbbbd0eb3ffe30140f78ff508f86.php 第 132 行.
NOTIC: [8] Use of undefined constant 是 - assumed '是' E:\www\shopping-system\Application\Runtime\Cache\Admin\3268fbbbd0eb3ffe30140f78ff508f86.php 第 133 行.
NOTIC: [8] Use of undefined constant 是 - assumed '是' E:\www\shopping-system\Application\Runtime\Cache\Admin\3268fbbbd0eb3ffe30140f78ff508f86.php 第 130 行.
NOTIC: [8] Use of undefined constant 是 - assumed '是' E:\www\shopping-system\Application\Runtime\Cache\Admin\3268fbbbd0eb3ffe30140f78ff508f86.php 第 131 行.
NOTIC: [8] Use of undefined constant 是 - assumed '是' E:\www\shopping-system\Application\Runtime\Cache\Admin\3268fbbbd0eb3ffe30140f78ff508f86.php 第 132 行.
NOTIC: [8] Use of undefined constant 是 - assumed '是' E:\www\shopping-system\Application\Runtime\Cache\Admin\3268fbbbd0eb3ffe30140f78ff508f86.php 第 133 行.
NOTIC: [2] Illegal string offset 'cat_id' E:\www\shopping-system\Application\Runtime\Cache\Admin\3268fbbbd0eb3ffe30140f78ff508f86.php 第 294 行.
NOTIC: [2] Illegal string offset 'brand_id' E:\www\shopping-system\Application\Runtime\Cache\Admin\3268fbbbd0eb3ffe30140f78ff508f86.php 第 295 行.
NOTIC: [2] Illegal string offset 'intro_type' E:\www\shopping-system\Application\Runtime\Cache\Admin\3268fbbbd0eb3ffe30140f78ff508f86.php 第 296 行.
NOTIC: [2] Illegal string offset 'is_on_sale' E:\www\shopping-system\Application\Runtime\Cache\Admin\3268fbbbd0eb3ffe30140f78ff508f86.php 第 297 行.
NOTIC: [2] Illegal string offset 'price_low' E:\www\shopping-system\Application\Runtime\Cache\Admin\3268fbbbd0eb3ffe30140f78ff508f86.php 第 298 行.
NOTIC: [2] Illegal string offset 'price_up' E:\www\shopping-system\Application\Runtime\Cache\Admin\3268fbbbd0eb3ffe30140f78ff508f86.php 第 299 行.
NOTIC: [2] Illegal string offset 'time_start' E:\www\shopping-system\Application\Runtime\Cache\Admin\3268fbbbd0eb3ffe30140f78ff508f86.php 第 300 行.
NOTIC: [2] Illegal string offset 'time_end' E:\www\shopping-system\Application\Runtime\Cache\Admin\3268fbbbd0eb3ffe30140f78ff508f86.php 第 301 行.
NOTIC: [2] Illegal string offset 'price_order' E:\www\shopping-system\Application\Runtime\Cache\Admin\3268fbbbd0eb3ffe30140f78ff508f86.php 第 302 行.
NOTIC: [2] Illegal string offset 'tar_page' E:\www\shopping-system\Application\Runtime\Cache\Admin\3268fbbbd0eb3ffe30140f78ff508f86.php 第 303 行.
INFO: Run Behavior\ParseTemplateBehavior [ RunTime:0.018508s ]
INFO: [ view_parse ] --END-- [ RunTime:0.018591s ]
INFO: [ view_filter ] --START--
INFO: Run Behavior\WriteHtmlCacheBehavior [ RunTime:0.000661s ]
INFO: [ view_filter ] --END-- [ RunTime:0.000725s ]
INFO: [ app_end ] --START--
INFO: Run Behavior\ShowPageTraceBehavior [ RunTime:0.001200s ]
INFO: [ app_end ] --END-- [ RunTime:0.001309s ]

[ 2017-07-20T00:04:28+08:00 ] 127.0.0.1 /Admin/Goods/goodsList/tar_page/2/cat_id/0/brand_id/0/intro_type/is_all/rowsNum/5/is_on_sale/is_all/price_order/price_natural
INFO: [ app_init ] --START--
INFO: Run Behavior\BuildLiteBehavior [ RunTime:0.000030s ]
INFO: [ app_init ] --END-- [ RunTime:0.000844s ]
INFO: [ app_begin ] --START--
INFO: Run Behavior\ReadHtmlCacheBehavior [ RunTime:0.002172s ]
INFO: [ app_begin ] --END-- [ RunTime:0.002385s ]
NOTIC: [2048] Declaration of Admin\Model\PrivilegeModel::_after_delete() should be compatible with Think\Model::_after_delete($data, $options) E:\www\shopping-system\Application\Admin\Model\PrivilegeModel.class.php 第 7 行.
SQL: SHOW COLUMNS FROM `ss_privilege` [ RunTime:0.0035s ]
NOTIC: [2048] Declaration of Admin\Model\GoodsModel::_after_delete() should be compatible with Think\Model::_after_delete($data, $options) E:\www\shopping-system\Application\Admin\Model\GoodsModel.class.php 第 488 行.
SQL: SHOW COLUMNS FROM `ss_goods` [ RunTime:0.0050s ]
SQL: SHOW COLUMNS FROM `ss_category` [ RunTime:0.0035s ]
SQL: SELECT * FROM `ss_category` WHERE ( is_show='是' )  [ RunTime:0.0007s ]
NOTIC: [8] Undefined variable: condition E:\www\shopping-system\Application\Admin\Controller\GoodsController.class.php 第 81 行.
NOTIC: [8] Undefined variable: order E:\www\shopping-system\Application\Admin\Controller\GoodsController.class.php 第 81 行.
SQL: SELECT COUNT(DISTINCT g.id) AS tp_count FROM ss_goods g left join ss_brand as b on g.brand_id = b.id 
			left join ss_category as c on g.cat_id = c.id 
			left join ss_goods_cat as gc on g.id = gc.goods_id 
			left join ss_category as cc on gc.cat_id = cc.id  WHERE `is_delete` = '否' LIMIT 1   [ RunTime:0.0008s ]
NOTIC: [4096] Argument 1 passed to Think\Fenye::getPageNumber() must be an instance of Think\int, string given, called in E:\www\shopping-system\Application\Admin\Model\GoodsModel.class.php on line 476 and defined E:\www\shopping-system\ThinkPHP\Library\Think\Fenye.class.php 第 13 行.
NOTIC: [4096] Argument 2 passed to Think\Fenye::getPageNumber() must be an instance of Think\int, string given, called in E:\www\shopping-system\Application\Admin\Model\GoodsModel.class.php on line 476 and defined E:\www\shopping-system\ThinkPHP\Library\Think\Fenye.class.php 第 13 行.
NOTIC: [4096] Argument 3 passed to Think\Fenye::getPageNumber() must be an instance of Think\int, string given, called in E:\www\shopping-system\Application\Admin\Model\GoodsModel.class.php on line 476 and defined E:\www\shopping-system\ThinkPHP\Library\Think\Fenye.class.php 第 13 行.
SQL: SELECT g.*,b.brand_name,c.cat_name,GROUP_CONCAT(cc.cat_name separator ' | ') as ext_cat_name FROM ss_goods g left join ss_brand as b on g.brand_id = b.id 
			left join ss_category as c on g.cat_id = c.id 
			left join ss_goods_cat as gc on g.id = gc.goods_id 
			left join ss_category as cc on gc.cat_id = cc.id  WHERE `is_delete` = '否' GROUP BY g.id LIMIT 5,5   [ RunTime:0.0013s ]
NOTIC: [8] Undefined variable: condition E:\www\shopping-system\Application\Admin\Controller\GoodsController.class.php 第 83 行.
NOTIC: [8] Undefined variable: order E:\www\shopping-system\Application\Admin\Controller\GoodsController.class.php 第 83 行.
INFO: [ app_end ] --START--
INFO: Run Behavior\ShowPageTraceBehavior [ RunTime:0.001508s ]
INFO: [ app_end ] --END-- [ RunTime:0.001766s ]

[ 2017-07-20T00:04:30+08:00 ] 127.0.0.1 /Admin/Goods/goodsList/tar_page/3/cat_id/0/brand_id/0/intro_type/is_all/rowsNum/5/is_on_sale/is_all/price_order/price_natural
INFO: [ app_init ] --START--
INFO: Run Behavior\BuildLiteBehavior [ RunTime:0.000029s ]
INFO: [ app_init ] --END-- [ RunTime:0.000668s ]
INFO: [ app_begin ] --START--
INFO: Run Behavior\ReadHtmlCacheBehavior [ RunTime:0.000893s ]
INFO: [ app_begin ] --END-- [ RunTime:0.000978s ]
NOTIC: [2048] Declaration of Admin\Model\PrivilegeModel::_after_delete() should be compatible with Think\Model::_after_delete($data, $options) E:\www\shopping-system\Application\Admin\Model\PrivilegeModel.class.php 第 7 行.
SQL: SHOW COLUMNS FROM `ss_privilege` [ RunTime:0.0028s ]
NOTIC: [2048] Declaration of Admin\Model\GoodsModel::_after_delete() should be compatible with Think\Model::_after_delete($data, $options) E:\www\shopping-system\Application\Admin\Model\GoodsModel.class.php 第 488 行.
SQL: SHOW COLUMNS FROM `ss_goods` [ RunTime:0.0051s ]
SQL: SHOW COLUMNS FROM `ss_category` [ RunTime:0.0030s ]
SQL: SELECT * FROM `ss_category` WHERE ( is_show='是' )  [ RunTime:0.0006s ]
NOTIC: [8] Undefined variable: condition E:\www\shopping-system\Application\Admin\Controller\GoodsController.class.php 第 81 行.
NOTIC: [8] Undefined variable: order E:\www\shopping-system\Application\Admin\Controller\GoodsController.class.php 第 81 行.
SQL: SELECT COUNT(DISTINCT g.id) AS tp_count FROM ss_goods g left join ss_brand as b on g.brand_id = b.id 
			left join ss_category as c on g.cat_id = c.id 
			left join ss_goods_cat as gc on g.id = gc.goods_id 
			left join ss_category as cc on gc.cat_id = cc.id  WHERE `is_delete` = '否' LIMIT 1   [ RunTime:0.0007s ]
NOTIC: [4096] Argument 1 passed to Think\Fenye::getPageNumber() must be an instance of Think\int, string given, called in E:\www\shopping-system\Application\Admin\Model\GoodsModel.class.php on line 476 and defined E:\www\shopping-system\ThinkPHP\Library\Think\Fenye.class.php 第 13 行.
NOTIC: [4096] Argument 2 passed to Think\Fenye::getPageNumber() must be an instance of Think\int, string given, called in E:\www\shopping-system\Application\Admin\Model\GoodsModel.class.php on line 476 and defined E:\www\shopping-system\ThinkPHP\Library\Think\Fenye.class.php 第 13 行.
NOTIC: [4096] Argument 3 passed to Think\Fenye::getPageNumber() must be an instance of Think\int, string given, called in E:\www\shopping-system\Application\Admin\Model\GoodsModel.class.php on line 476 and defined E:\www\shopping-system\ThinkPHP\Library\Think\Fenye.class.php 第 13 行.
SQL: SELECT g.*,b.brand_name,c.cat_name,GROUP_CONCAT(cc.cat_name separator ' | ') as ext_cat_name FROM ss_goods g left join ss_brand as b on g.brand_id = b.id 
			left join ss_category as c on g.cat_id = c.id 
			left join ss_goods_cat as gc on g.id = gc.goods_id 
			left join ss_category as cc on gc.cat_id = cc.id  WHERE `is_delete` = '否' GROUP BY g.id LIMIT 10,5   [ RunTime:0.0011s ]
NOTIC: [8] Undefined variable: condition E:\www\shopping-system\Application\Admin\Controller\GoodsController.class.php 第 83 行.
NOTIC: [8] Undefined variable: order E:\www\shopping-system\Application\Admin\Controller\GoodsController.class.php 第 83 行.
INFO: [ app_end ] --START--
INFO: Run Behavior\ShowPageTraceBehavior [ RunTime:0.000951s ]
INFO: [ app_end ] --END-- [ RunTime:0.001011s ]

[ 2017-07-20T00:04:32+08:00 ] 127.0.0.1 /Admin/Goods/goodsList/tar_page/4/cat_id/0/brand_id/0/intro_type/is_all/rowsNum/5/is_on_sale/is_all/price_order/price_natural
INFO: [ app_init ] --START--
INFO: Run Behavior\BuildLiteBehavior [ RunTime:0.000020s ]
INFO: [ app_init ] --END-- [ RunTime:0.000681s ]
INFO: [ app_begin ] --START--
INFO: Run Behavior\ReadHtmlCacheBehavior [ RunTime:0.001118s ]
INFO: [ app_begin ] --END-- [ RunTime:0.001213s ]
NOTIC: [2048] Declaration of Admin\Model\PrivilegeModel::_after_delete() should be compatible with Think\Model::_after_delete($data, $options) E:\www\shopping-system\Application\Admin\Model\PrivilegeModel.class.php 第 7 行.
SQL: SHOW COLUMNS FROM `ss_privilege` [ RunTime:0.0061s ]
NOTIC: [2048] Declaration of Admin\Model\GoodsModel::_after_delete() should be compatible with Think\Model::_after_delete($data, $options) E:\www\shopping-system\Application\Admin\Model\GoodsModel.class.php 第 488 行.
SQL: SHOW COLUMNS FROM `ss_goods` [ RunTime:0.0032s ]
SQL: SHOW COLUMNS FROM `ss_category` [ RunTime:0.0028s ]
SQL: SELECT * FROM `ss_category` WHERE ( is_show='是' )  [ RunTime:0.0005s ]
NOTIC: [8] Undefined variable: condition E:\www\shopping-system\Application\Admin\Controller\GoodsController.class.php 第 81 行.
NOTIC: [8] Undefined variable: order E:\www\shopping-system\Application\Admin\Controller\GoodsController.class.php 第 81 行.
SQL: SELECT COUNT(DISTINCT g.id) AS tp_count FROM ss_goods g left join ss_brand as b on g.brand_id = b.id 
			left join ss_category as c on g.cat_id = c.id 
			left join ss_goods_cat as gc on g.id = gc.goods_id 
			left join ss_category as cc on gc.cat_id = cc.id  WHERE `is_delete` = '否' LIMIT 1   [ RunTime:0.0007s ]
NOTIC: [4096] Argument 1 passed to Think\Fenye::getPageNumber() must be an instance of Think\int, string given, called in E:\www\shopping-system\Application\Admin\Model\GoodsModel.class.php on line 476 and defined E:\www\shopping-system\ThinkPHP\Library\Think\Fenye.class.php 第 13 行.
NOTIC: [4096] Argument 2 passed to Think\Fenye::getPageNumber() must be an instance of Think\int, string given, called in E:\www\shopping-system\Application\Admin\Model\GoodsModel.class.php on line 476 and defined E:\www\shopping-system\ThinkPHP\Library\Think\Fenye.class.php 第 13 行.
NOTIC: [4096] Argument 3 passed to Think\Fenye::getPageNumber() must be an instance of Think\int, string given, called in E:\www\shopping-system\Application\Admin\Model\GoodsModel.class.php on line 476 and defined E:\www\shopping-system\ThinkPHP\Library\Think\Fenye.class.php 第 13 行.
SQL: SELECT g.*,b.brand_name,c.cat_name,GROUP_CONCAT(cc.cat_name separator ' | ') as ext_cat_name FROM ss_goods g left join ss_brand as b on g.brand_id = b.id 
			left join ss_category as c on g.cat_id = c.id 
			left join ss_goods_cat as gc on g.id = gc.goods_id 
			left join ss_category as cc on gc.cat_id = cc.id  WHERE `is_delete` = '否' GROUP BY g.id LIMIT 15,5   [ RunTime:0.0026s ]
NOTIC: [8] Undefined variable: condition E:\www\shopping-system\Application\Admin\Controller\GoodsController.class.php 第 83 行.
NOTIC: [8] Undefined variable: order E:\www\shopping-system\Application\Admin\Controller\GoodsController.class.php 第 83 行.
INFO: [ app_end ] --START--
INFO: Run Behavior\ShowPageTraceBehavior [ RunTime:0.001379s ]
INFO: [ app_end ] --END-- [ RunTime:0.001474s ]

[ 2017-07-20T00:04:35+08:00 ] 127.0.0.1 /Admin/Goods/goodsList/tar_page/5/cat_id/0/brand_id/0/intro_type/is_all/rowsNum/5/is_on_sale/is_all/price_order/price_natural
INFO: [ app_init ] --START--
INFO: Run Behavior\BuildLiteBehavior [ RunTime:0.000044s ]
INFO: [ app_init ] --END-- [ RunTime:0.000782s ]
INFO: [ app_begin ] --START--
INFO: Run Behavior\ReadHtmlCacheBehavior [ RunTime:0.000833s ]
INFO: [ app_begin ] --END-- [ RunTime:0.000926s ]
NOTIC: [2048] Declaration of Admin\Model\PrivilegeModel::_after_delete() should be compatible with Think\Model::_after_delete($data, $options) E:\www\shopping-system\Application\Admin\Model\PrivilegeModel.class.php 第 7 行.
SQL: SHOW COLUMNS FROM `ss_privilege` [ RunTime:0.0028s ]
NOTIC: [2048] Declaration of Admin\Model\GoodsModel::_after_delete() should be compatible with Think\Model::_after_delete($data, $options) E:\www\shopping-system\Application\Admin\Model\GoodsModel.class.php 第 488 行.
SQL: SHOW COLUMNS FROM `ss_goods` [ RunTime:0.0054s ]
SQL: SHOW COLUMNS FROM `ss_category` [ RunTime:0.0028s ]
SQL: SELECT * FROM `ss_category` WHERE ( is_show='是' )  [ RunTime:0.0006s ]
NOTIC: [8] Undefined variable: condition E:\www\shopping-system\Application\Admin\Controller\GoodsController.class.php 第 81 行.
NOTIC: [8] Undefined variable: order E:\www\shopping-system\Application\Admin\Controller\GoodsController.class.php 第 81 行.
SQL: SELECT COUNT(DISTINCT g.id) AS tp_count FROM ss_goods g left join ss_brand as b on g.brand_id = b.id 
			left join ss_category as c on g.cat_id = c.id 
			left join ss_goods_cat as gc on g.id = gc.goods_id 
			left join ss_category as cc on gc.cat_id = cc.id  WHERE `is_delete` = '否' LIMIT 1   [ RunTime:0.0007s ]
NOTIC: [4096] Argument 1 passed to Think\Fenye::getPageNumber() must be an instance of Think\int, string given, called in E:\www\shopping-system\Application\Admin\Model\GoodsModel.class.php on line 476 and defined E:\www\shopping-system\ThinkPHP\Library\Think\Fenye.class.php 第 13 行.
NOTIC: [4096] Argument 2 passed to Think\Fenye::getPageNumber() must be an instance of Think\int, string given, called in E:\www\shopping-system\Application\Admin\Model\GoodsModel.class.php on line 476 and defined E:\www\shopping-system\ThinkPHP\Library\Think\Fenye.class.php 第 13 行.
NOTIC: [4096] Argument 3 passed to Think\Fenye::getPageNumber() must be an instance of Think\int, string given, called in E:\www\shopping-system\Application\Admin\Model\GoodsModel.class.php on line 476 and defined E:\www\shopping-system\ThinkPHP\Library\Think\Fenye.class.php 第 13 行.
SQL: SELECT g.*,b.brand_name,c.cat_name,GROUP_CONCAT(cc.cat_name separator ' | ') as ext_cat_name FROM ss_goods g left join ss_brand as b on g.brand_id = b.id 
			left join ss_category as c on g.cat_id = c.id 
			left join ss_goods_cat as gc on g.id = gc.goods_id 
			left join ss_category as cc on gc.cat_id = cc.id  WHERE `is_delete` = '否' GROUP BY g.id LIMIT 20,5   [ RunTime:0.0012s ]
NOTIC: [8] Undefined variable: condition E:\www\shopping-system\Application\Admin\Controller\GoodsController.class.php 第 83 行.
NOTIC: [8] Undefined variable: order E:\www\shopping-system\Application\Admin\Controller\GoodsController.class.php 第 83 行.
INFO: [ app_end ] --START--
INFO: Run Behavior\ShowPageTraceBehavior [ RunTime:0.001144s ]
INFO: [ app_end ] --END-- [ RunTime:0.001232s ]

